#Software: WebDev.WebServer20
#ProcessID: 1256
#AppDomain: c89a2766-1-130106261357851020
#FileName: C:\Program Files\Common Files\Microsoft Shared\DevServer\10.0\WebDev.WebServer20.exe
#BaseDirectory: F:\Code\test\WebCssDemo\Web\
#CurrentDirectory: C:\Program Files\Common Files\Microsoft Shared\DevServer\10.0
#CommandLine: /port:20535 /path:"F:\Code\test\WebCssDemo\Web" /vpath:"/Web"
#ApplicationType: Web
#CLR: 2.0.50727.5466
#OS: Windows 7 Service Pack 1, XYF/XYF-PC
#Date: 2013-04-17
#Fields: Time ThreadID IsPoolThread ThreadName Message
06:48:57.516 8 Y - NewLife.Core v3.8.2013.0308 Build 2013-03-11 21:17:26
06:48:57.703 8 Y - NewLife.XCode v8.9.2013.0310 Build 2013-03-11 21:17:28
06:48:57.703 8 Y - XCode.Negative.NoDelete设置为True，不会删除数据表多余字段
06:48:57.703 8 Y - 检查实体NewLife.CommonEntity.Administrator的数据表架构，模式：CheckTableWhenFirstUse
06:48:58.078 8 Y - GetSchema("MetaDataCollections")
06:48:58.109 8 Y - GetSchema("Tables")
06:48:58.125 8 Y - GetSchema("Columns")
06:48:58.171 8 Y - GetSchema("Indexes")
06:48:58.171 8 Y - GetSchema("IndexColumns")
06:48:58.187 8 Y - GetSchema("DataTypes")
06:48:58.234 8 Y - GetSchema("ReservedWords")
06:48:58.234 8 Y - Select Count(*) From Administrator
06:48:58.249 8 Y - 初始化NewLife.CommonEntity.Administrator数据
06:48:58.249 8 Y - 开始检查连接[Common/SQLite]的数据库架构……
06:48:58.281 8 Y - [Common]的所有实体类（17个）：Department,Sequence,GuidCategory,Administrator,Menu,Role,RoleMenu,Log,Area,User,Simple,SimpleTree,Setting,Statistics,UserProfile,Attachment,Category
06:48:58.281 8 Y - [Common]需要检查架构的实体类（0个）：
06:48:58.281 8 Y - 检查连接[Common/SQLite]的数据库架构耗时00:00:00.0387603
06:48:58.296 8 Y - 一级缓存：关闭缓存
06:48:58.296 8 Y - Select Count(*) From Administrator

#Software: WebDev.WebServer20
#ProcessID: 11268
#AppDomain: c89a2766-1-130106394336098987
#FileName: C:\Program Files\Common Files\Microsoft Shared\DevServer\10.0\WebDev.WebServer20.exe
#BaseDirectory: F:\Code\test\WebCssDemo\Web\
#CurrentDirectory: C:\Program Files\Common Files\Microsoft Shared\DevServer\10.0
#CommandLine: /port:20535 /path:"F:\Code\test\WebCssDemo\Web" /vpath:"/Web"
#ApplicationType: Web
#CLR: 2.0.50727.5466
#OS: Windows 7 Service Pack 1, XYF/XYF-PC
#Date: 2013-04-17
#Fields: Time ThreadID IsPoolThread ThreadName Message
10:30:34.689 4 Y - NewLife.Core v3.8.2013.0308 Build 2013-03-11 21:17:26
10:30:34.739 4 Y - NewLife.XCode v8.9.2013.0310 Build 2013-03-11 21:17:28
10:30:34.739 4 Y - XCode.Negative.NoDelete设置为True，不会删除数据表多余字段
10:30:34.739 4 Y - 检查实体NewLife.CommonEntity.Administrator的数据表架构，模式：CheckTableWhenFirstUse
10:30:34.839 4 Y - TypeX.GetType("System.Data.SQLite.SQLiteFactory")导致加载C:\Windows\Microsoft.NET\Framework\v2.0.50727\Temporary ASP.NET Files\web\2e609652\c9381f1b\assembly\dl3\4c474192\00606d6f_21ddcc01\System.Data.SQLite.dll
10:30:35.209 4 Y - GetSchema("MetaDataCollections")
10:30:35.229 4 Y - GetSchema("Tables")
10:30:35.249 4 Y - GetSchema("Columns")
10:30:35.309 4 Y - GetSchema("Indexes")
10:30:35.309 4 Y - GetSchema("IndexColumns")
10:30:35.329 4 Y - GetSchema("DataTypes")
10:30:35.389 4 Y - GetSchema("ReservedWords")
10:30:35.399 4 Y - Select Count(*) From Administrator
10:30:35.409 4 Y - 初始化NewLife.CommonEntity.Administrator数据
10:30:35.419 4 Y - 开始检查连接[Common/SQLite]的数据库架构……
10:30:35.481 4 Y - [Common]的所有实体类（17个）：Department,Sequence,GuidCategory,Administrator,Menu,Role,RoleMenu,Log,Area,User,Simple,SimpleTree,Setting,Statistics,UserProfile,Attachment,Category
10:30:35.481 4 Y - [Common]需要检查架构的实体类（0个）：
10:30:35.481 4 Y - 检查连接[Common/SQLite]的数据库架构耗时00:00:00.0653375
10:30:35.481 4 Y - 一级缓存：关闭缓存
10:30:35.491 4 Y - Select Count(*) From Administrator

#Software: WebDev.WebServer20
#ProcessID: 8156
#AppDomain: c89a2766-1-130106406259360297
#FileName: C:\Program Files\Common Files\Microsoft Shared\DevServer\10.0\WebDev.WebServer20.exe
#BaseDirectory: F:\Code\test\WebCssDemo\Web\
#CurrentDirectory: C:\Program Files\Common Files\Microsoft Shared\DevServer\10.0
#CommandLine: /port:20535 /path:"F:\Code\test\WebCssDemo\Web" /vpath:"/Web"
#ApplicationType: Web
#CLR: 2.0.50727.5466
#OS: Windows 7 Service Pack 1, XYF/XYF-PC
#Date: 2013-04-17
#Fields: Time ThreadID IsPoolThread ThreadName Message
10:50:34.023 4 Y - NewLife.Core v3.8.2013.0308 Build 2013-03-11 21:17:26
10:50:34.056 4 Y - NewLife.XCode v8.9.2013.0310 Build 2013-03-11 21:17:28
10:50:34.058 4 Y - XCode.Negative.NoDelete设置为True，不会删除数据表多余字段
10:50:34.058 4 Y - 检查实体NewLife.CommonEntity.Administrator的数据表架构，模式：CheckTableWhenFirstUse
10:50:34.238 4 Y - GetSchema("MetaDataCollections")
10:50:34.252 4 Y - GetSchema("Tables")
10:50:34.279 4 Y - GetSchema("Columns")
10:50:34.365 4 Y - GetSchema("Indexes")
10:50:34.366 4 Y - GetSchema("IndexColumns")
10:50:34.379 4 Y - GetSchema("DataTypes")
10:50:34.456 4 Y - GetSchema("ReservedWords")
10:50:34.464 4 Y - Select Count(*) From Administrator
10:50:34.470 4 Y - 初始化NewLife.CommonEntity.Administrator数据
10:50:34.480 4 Y - 开始检查连接[Common/SQLite]的数据库架构……
10:50:34.546 4 Y - [Common]的所有实体类（17个）：Department,Sequence,GuidCategory,Administrator,Menu,Role,RoleMenu,Log,Area,User,Simple,SimpleTree,Setting,Statistics,UserProfile,Attachment,Category
10:50:34.546 4 Y - [Common]需要检查架构的实体类（0个）：
10:50:34.546 4 Y - 检查连接[Common/SQLite]的数据库架构耗时00:00:00.0664937
10:50:34.549 4 Y - 一级缓存：关闭缓存
10:50:34.554 4 Y - Select Count(*) From Administrator

#Software: WebDev.WebServer20
#ProcessID: 9840
#AppDomain: c89a2766-1-130106413639132396
#FileName: C:\Program Files\Common Files\Microsoft Shared\DevServer\10.0\WebDev.WebServer20.exe
#BaseDirectory: F:\Code\test\WebCssDemo\Web\
#CurrentDirectory: C:\Program Files\Common Files\Microsoft Shared\DevServer\10.0
#CommandLine: /port:20535 /path:"F:\Code\test\WebCssDemo\Web" /vpath:"/Web"
#ApplicationType: Web
#CLR: 2.0.50727.5466
#OS: Windows 7 Service Pack 1, XYF/XYF-PC
#Date: 2013-04-17
#Fields: Time ThreadID IsPoolThread ThreadName Message
11:03:50.936 4 Y - NewLife.Core v3.8.2013.0308 Build 2013-03-11 21:17:26
11:03:50.960 4 Y - NewLife.XCode v8.9.2013.0310 Build 2013-03-11 21:17:28
11:03:50.964 4 Y - XCode.Negative.NoDelete设置为True，不会删除数据表多余字段
11:03:50.965 4 Y - 检查实体NewLife.CommonEntity.Administrator的数据表架构，模式：CheckTableWhenFirstUse
11:03:51.046 4 Y - TypeX.GetType("System.Data.SQLite.SQLiteFactory")导致加载C:\Windows\Microsoft.NET\Framework\v2.0.50727\Temporary ASP.NET Files\web\2e609652\c9381f1b\assembly\dl3\4c474192\00606d6f_21ddcc01\System.Data.SQLite.dll
11:03:51.215 4 Y - GetSchema("MetaDataCollections")
11:03:51.227 4 Y - GetSchema("Tables")
11:03:51.254 4 Y - GetSchema("Columns")
11:03:51.355 4 Y - GetSchema("Indexes")
11:03:51.356 4 Y - GetSchema("IndexColumns")
11:03:51.363 4 Y - GetSchema("DataTypes")
11:03:51.431 4 Y - GetSchema("ReservedWords")
11:03:51.438 4 Y - Select Count(*) From Administrator
11:03:51.443 4 Y - 初始化NewLife.CommonEntity.Administrator数据
11:03:51.458 4 Y - 开始检查连接[Common/SQLite]的数据库架构……
11:03:51.517 4 Y - [Common]的所有实体类（17个）：Department,Sequence,GuidCategory,Administrator,Menu,Role,RoleMenu,Log,Area,User,Simple,SimpleTree,Setting,Statistics,UserProfile,Attachment,Category
11:03:51.517 4 Y - [Common]需要检查架构的实体类（0个）：
11:03:51.517 4 Y - 检查连接[Common/SQLite]的数据库架构耗时00:00:00.0587299
11:03:51.522 4 Y - 一级缓存：关闭缓存
11:03:51.525 4 Y - Select Count(*) From Administrator
11:03:57.847 8 W - Select * From Administrator Order By ID Desc
11:03:57.998 8 W - Update Administrator Set Logins=Logins+1, LastLogin='2013-04-17 11:03:57' Where ID=1
11:03:58.097 8 W - 检查实体NewLife.CommonEntity.Log的数据表架构，模式：CheckTableWhenFirstUse
11:03:58.098 8 W - GetSchema("Tables")
11:03:58.098 8 W - GetSchema("Columns")
11:03:58.128 8 W - GetSchema("Indexes")
11:03:58.129 8 W - GetSchema("IndexColumns")
11:03:58.131 8 W - 初始化NewLife.CommonEntity.Log数据
11:03:58.132 8 W - Insert Into Log(Category, Action, UserID, UserName, IP, OccurTime, Remark) Values('管理员', '登录', 0, null, '127.0.0.1', '2013-04-17 11:03:58', 'admin');Select last_insert_rowid() newid
11:03:58.272 8 W - 检查实体NewLife.CommonEntity.Menu的数据表架构，模式：CheckTableWhenFirstUse
11:03:58.274 8 W - 初始化NewLife.CommonEntity.Menu数据
11:03:58.279 8 W - Select Count(*) From Menu
11:03:58.279 8 W - Select * From Menu Order By ID Desc

#Software: WebDev.WebServer20
#ProcessID: 8224
#AppDomain: c89a2766-1-130106431170985161
#FileName: C:\Program Files\Common Files\Microsoft Shared\DevServer\10.0\WebDev.WebServer20.exe
#BaseDirectory: F:\Code\test\WebCssDemo\Web\
#CurrentDirectory: C:\Program Files\Common Files\Microsoft Shared\DevServer\10.0
#CommandLine: /port:20535 /path:"F:\Code\test\WebCssDemo\Web" /vpath:"/Web"
#ApplicationType: Web
#CLR: 2.0.50727.5466
#OS: Windows 7 Service Pack 1, XYF/XYF-PC
#Date: 2013-04-17
#Fields: Time ThreadID IsPoolThread ThreadName Message
11:31:57.823 8 Y - NewLife.Core v3.8.2013.0308 Build 2013-03-11 21:17:26
11:31:57.837 8 Y - NewLife.XCode v8.9.2013.0310 Build 2013-03-11 21:17:28
11:31:57.838 8 Y - XCode.Negative.NoDelete设置为True，不会删除数据表多余字段
11:31:57.838 8 Y - 检查实体NewLife.CommonEntity.Administrator的数据表架构，模式：CheckTableWhenFirstUse
11:31:57.884 8 Y - TypeX.GetType("System.Data.SQLite.SQLiteFactory")导致加载C:\Windows\Microsoft.NET\Framework\v2.0.50727\Temporary ASP.NET Files\web\2e609652\c9381f1b\assembly\dl3\4c474192\00606d6f_21ddcc01\System.Data.SQLite.dll
11:31:57.967 8 Y - GetSchema("MetaDataCollections")
11:31:57.978 8 Y - GetSchema("Tables")
11:31:57.998 8 Y - GetSchema("Columns")
11:31:58.049 8 Y - GetSchema("Indexes")
11:31:58.050 8 Y - GetSchema("IndexColumns")
11:31:58.060 8 Y - GetSchema("DataTypes")
11:31:58.119 8 Y - GetSchema("ReservedWords")
11:31:58.120 4 W - GetSchema("ReservedWords")
11:31:58.126 8 Y - Select Count(*) From Administrator
11:31:58.126 4 W - Select Count(*) From Administrator
11:31:58.130 4 W - 初始化NewLife.CommonEntity.Administrator数据
11:31:58.136 8 Y - 开始检查连接[Common/SQLite]的数据库架构……
11:31:58.141 4 W - 一级缓存：关闭缓存
11:31:58.192 4 W - Select * From Administrator Order By ID Desc
11:31:58.206 8 Y - [Common]的所有实体类（17个）：Department,Sequence,GuidCategory,Administrator,Menu,Role,RoleMenu,Log,Area,User,Simple,SimpleTree,Setting,Statistics,UserProfile,Attachment,Category
11:31:58.206 8 Y - [Common]需要检查架构的实体类（0个）：
11:31:58.206 8 Y - 检查连接[Common/SQLite]的数据库架构耗时00:00:00.0695570
11:31:58.209 8 Y - Select Count(*) From Administrator
11:31:58.282 4 W - Update Administrator Set Logins=Logins+1, LastLogin='2013-04-17 11:31:58' Where ID=1
11:31:58.337 4 W - 检查实体NewLife.CommonEntity.Log的数据表架构，模式：CheckTableWhenFirstUse
11:31:58.337 4 W - GetSchema("Tables")
11:31:58.338 4 W - GetSchema("Columns")
11:31:58.401 4 W - GetSchema("Indexes")
11:31:58.402 4 W - GetSchema("IndexColumns")
11:31:58.404 4 W - 初始化NewLife.CommonEntity.Log数据
11:31:58.405 4 W - Insert Into Log(Category, Action, UserID, UserName, IP, OccurTime, Remark) Values('管理员', '自动登录', 0, null, '127.0.0.1', '2013-04-17 11:31:58', 'admin');Select last_insert_rowid() newid
11:31:59.027 4 W - 检查实体NewLife.CommonEntity.Menu的数据表架构，模式：CheckTableWhenFirstUse
11:31:59.028 4 W - 初始化NewLife.CommonEntity.Menu数据
11:31:59.030 4 W - Select Count(*) From Menu
11:31:59.030 4 W - Select * From Menu Order By ID Desc

#Software: WebDev.WebServer20
#ProcessID: 12088
#AppDomain: c89a2766-1-130106431612700425
#FileName: C:\Program Files\Common Files\Microsoft Shared\DevServer\10.0\WebDev.WebServer20.exe
#BaseDirectory: F:\Code\test\WebCssDemo\Web\
#CurrentDirectory: C:\Program Files\Common Files\Microsoft Shared\DevServer\10.0
#CommandLine: /port:20535 /path:"F:\Code\test\WebCssDemo\Web" /vpath:"/Web"
#ApplicationType: Web
#CLR: 2.0.50727.5466
#OS: Windows 7 Service Pack 1, XYF/XYF-PC
#Date: 2013-04-17
#Fields: Time ThreadID IsPoolThread ThreadName Message
11:32:41.980 8 Y - NewLife.Core v3.8.2013.0308 Build 2013-03-11 21:17:26
11:32:41.998 8 Y - NewLife.XCode v8.9.2013.0310 Build 2013-03-11 21:17:28
11:32:41.999 8 Y - XCode.Negative.NoDelete设置为True，不会删除数据表多余字段
11:32:42.000 8 Y - 检查实体NewLife.CommonEntity.Administrator的数据表架构，模式：CheckTableWhenFirstUse
11:32:42.043 8 Y - TypeX.GetType("System.Data.SQLite.SQLiteFactory")导致加载C:\Windows\Microsoft.NET\Framework\v2.0.50727\Temporary ASP.NET Files\web\2e609652\c9381f1b\assembly\dl3\4c474192\00606d6f_21ddcc01\System.Data.SQLite.dll
11:32:42.129 8 Y - GetSchema("MetaDataCollections")
11:32:42.140 8 Y - GetSchema("Tables")
11:32:42.162 8 Y - GetSchema("Columns")
11:32:42.218 8 Y - GetSchema("Indexes")
11:32:42.218 8 Y - GetSchema("IndexColumns")
11:32:42.229 8 Y - GetSchema("DataTypes")
11:32:42.281 8 Y - GetSchema("ReservedWords")
11:32:42.281 4 W - GetSchema("ReservedWords")
11:32:42.288 8 Y - Select Count(*) From Administrator
11:32:42.288 4 W - Select Count(*) From Administrator
11:32:42.292 8 Y - 初始化NewLife.CommonEntity.Administrator数据
11:32:42.299 8 Y - 开始检查连接[Common/SQLite]的数据库架构……
11:32:42.301 4 W - 一级缓存：关闭缓存
11:32:42.354 4 W - Select * From Administrator Order By ID Desc
11:32:42.360 8 Y - [Common]的所有实体类（17个）：Department,Sequence,GuidCategory,Administrator,Menu,Role,RoleMenu,Log,Area,User,Simple,SimpleTree,Setting,Statistics,UserProfile,Attachment,Category
11:32:42.360 8 Y - [Common]需要检查架构的实体类（0个）：
11:32:42.360 8 Y - 检查连接[Common/SQLite]的数据库架构耗时00:00:00.0612162
11:32:42.363 8 Y - Select Count(*) From Administrator
11:32:42.442 4 W - Update Administrator Set Logins=Logins+1, LastLogin='2013-04-17 11:32:42' Where ID=1
11:32:42.492 4 W - 检查实体NewLife.CommonEntity.Log的数据表架构，模式：CheckTableWhenFirstUse
11:32:42.492 4 W - GetSchema("Tables")
11:32:42.492 4 W - GetSchema("Columns")
11:32:42.523 4 W - GetSchema("Indexes")
11:32:42.524 4 W - GetSchema("IndexColumns")
11:32:42.526 4 W - 初始化NewLife.CommonEntity.Log数据
11:32:42.527 4 W - Insert Into Log(Category, Action, UserID, UserName, IP, OccurTime, Remark) Values('管理员', '自动登录', 0, null, '127.0.0.1', '2013-04-17 11:32:42', 'admin');Select last_insert_rowid() newid
11:32:42.701 4 W - 检查实体NewLife.CommonEntity.Menu的数据表架构，模式：CheckTableWhenFirstUse
11:32:42.702 4 W - 初始化NewLife.CommonEntity.Menu数据
11:32:42.704 4 W - Select Count(*) From Menu
11:32:42.704 4 W - Select * From Menu Order By ID Desc

#Software: WebDev.WebServer20
#ProcessID: 9828
#AppDomain: c89a2766-1-130106432211020044
#FileName: C:\Program Files\Common Files\Microsoft Shared\DevServer\10.0\WebDev.WebServer20.exe
#BaseDirectory: F:\Code\test\WebCssDemo\Web\
#CurrentDirectory: C:\Program Files\Common Files\Microsoft Shared\DevServer\10.0
#CommandLine: /port:20535 /path:"F:\Code\test\WebCssDemo\Web" /vpath:"/Web"
#ApplicationType: Web
#CLR: 2.0.50727.5466
#OS: Windows 7 Service Pack 1, XYF/XYF-PC
#Date: 2013-04-17
#Fields: Time ThreadID IsPoolThread ThreadName Message
11:33:41.802 9 Y - NewLife.Core v3.8.2013.0308 Build 2013-03-11 21:17:26
11:33:41.822 9 Y - NewLife.XCode v8.9.2013.0310 Build 2013-03-11 21:17:28
11:33:41.822 9 Y - XCode.Negative.NoDelete设置为True，不会删除数据表多余字段
11:33:41.822 9 Y - 检查实体NewLife.CommonEntity.Administrator的数据表架构，模式：CheckTableWhenFirstUse
11:33:41.872 9 Y - TypeX.GetType("System.Data.SQLite.SQLiteFactory")导致加载C:\Windows\Microsoft.NET\Framework\v2.0.50727\Temporary ASP.NET Files\web\2e609652\c9381f1b\assembly\dl3\4c474192\00606d6f_21ddcc01\System.Data.SQLite.dll
11:33:41.972 9 Y - GetSchema("MetaDataCollections")
11:33:41.992 9 Y - GetSchema("Tables")
11:33:42.012 9 Y - GetSchema("Columns")
11:33:42.072 9 Y - GetSchema("Indexes")
11:33:42.072 9 Y - GetSchema("IndexColumns")
11:33:42.082 9 Y - GetSchema("DataTypes")
11:33:42.142 9 Y - GetSchema("ReservedWords")
11:33:42.152 9 Y - Select Count(*) From Administrator
11:33:42.152 9 Y - 初始化NewLife.CommonEntity.Administrator数据
11:33:42.162 9 Y - 开始检查连接[Common/SQLite]的数据库架构……
11:33:42.222 9 Y - [Common]的所有实体类（17个）：Department,Sequence,GuidCategory,Administrator,Menu,Role,RoleMenu,Log,Area,User,Simple,SimpleTree,Setting,Statistics,UserProfile,Attachment,Category
11:33:42.222 9 Y - [Common]需要检查架构的实体类（0个）：
11:33:42.222 9 Y - 检查连接[Common/SQLite]的数据库架构耗时00:00:00.0620248
11:33:42.222 9 Y - 一级缓存：关闭缓存
11:33:42.232 9 Y - Select Count(*) From Administrator
11:33:48.372 8 W - Select * From Administrator Order By ID Desc
11:33:48.462 8 W - Update Administrator Set Logins=Logins+1, LastLogin='2013-04-17 11:33:48' Where ID=1
11:33:48.532 8 W - 检查实体NewLife.CommonEntity.Log的数据表架构，模式：CheckTableWhenFirstUse
11:33:48.532 8 W - GetSchema("Tables")
11:33:48.532 8 W - GetSchema("Columns")
11:33:48.562 8 W - GetSchema("Indexes")
11:33:48.562 8 W - GetSchema("IndexColumns")
11:33:48.562 8 W - 初始化NewLife.CommonEntity.Log数据
11:33:48.562 8 W - Insert Into Log(Category, Action, UserID, UserName, IP, OccurTime, Remark) Values('管理员', '登录', 0, null, '127.0.0.1', '2013-04-17 11:33:48', 'admin');Select last_insert_rowid() newid
11:33:48.732 9 W - 检查实体NewLife.CommonEntity.Menu的数据表架构，模式：CheckTableWhenFirstUse
11:33:48.732 9 W - 初始化NewLife.CommonEntity.Menu数据
11:33:48.732 9 W - Select Count(*) From Menu
11:33:48.732 9 W - Select * From Menu Order By ID Desc

#Software: WebDev.WebServer20
#ProcessID: 10468
#AppDomain: c89a2766-1-130106444547049084
#FileName: C:\Program Files\Common Files\Microsoft Shared\DevServer\10.0\WebDev.WebServer20.exe
#BaseDirectory: F:\Code\test\WebCssDemo\Web\
#CurrentDirectory: C:\Program Files\Common Files\Microsoft Shared\DevServer\10.0
#CommandLine: /port:20535 /path:"F:\Code\test\WebCssDemo\Web" /vpath:"/Web"
#ApplicationType: Web
#CLR: 2.0.50727.5466
#OS: Windows 7 Service Pack 1, XYF/XYF-PC
#Date: 2013-04-17
#Fields: Time ThreadID IsPoolThread ThreadName Message
11:54:16.493 4 W - NewLife.Core v3.8.2013.0308 Build 2013-03-11 21:17:26
11:54:16.513 4 W - NewLife.XCode v8.9.2013.0310 Build 2013-03-11 21:17:28
11:54:16.513 4 W - XCode.Negative.NoDelete设置为True，不会删除数据表多余字段
11:54:16.513 4 W - 检查实体NewLife.CommonEntity.Administrator的数据表架构，模式：CheckTableWhenFirstUse
11:54:16.623 4 W - GetSchema("MetaDataCollections")
11:54:16.633 4 W - GetSchema("Tables")
11:54:16.663 4 W - GetSchema("Columns")
11:54:16.733 4 W - GetSchema("Indexes")
11:54:16.733 4 W - GetSchema("IndexColumns")
11:54:16.743 4 W - GetSchema("DataTypes")
11:54:16.803 4 W - GetSchema("ReservedWords")
11:54:16.803 4 W - Select Count(*) From Administrator
11:54:16.803 4 W - 初始化NewLife.CommonEntity.Administrator数据
11:54:16.823 4 W - 一级缓存：关闭缓存
11:54:16.863 4 W - 开始检查连接[Common/SQLite]的数据库架构……
11:54:16.913 4 W - [Common]的所有实体类（17个）：Department,Sequence,GuidCategory,Administrator,Menu,Role,RoleMenu,Log,Area,User,Simple,SimpleTree,Setting,Statistics,UserProfile,Attachment,Category
11:54:16.913 4 W - [Common]需要检查架构的实体类（0个）：
11:54:16.913 4 W - 检查连接[Common/SQLite]的数据库架构耗时00:00:00.0448596
11:54:16.913 4 W - Select * From Administrator Order By ID Desc
11:54:16.993 4 W - Update Administrator Set Logins=Logins+1, LastLogin='2013-04-17 11:54:16' Where ID=1
11:54:17.033 4 W - 检查实体NewLife.CommonEntity.Log的数据表架构，模式：CheckTableWhenFirstUse
11:54:17.033 4 W - 初始化NewLife.CommonEntity.Log数据
11:54:17.043 4 W - Insert Into Log(Category, Action, UserID, UserName, IP, OccurTime, Remark) Values('管理员', '自动登录', 0, null, '127.0.0.1', '2013-04-17 11:54:17', 'admin');Select last_insert_rowid() newid
11:54:17.073 4 W - 检查实体NewLife.CommonEntity.Menu的数据表架构，模式：CheckTableWhenFirstUse
11:54:17.073 4 W - 初始化NewLife.CommonEntity.Menu数据
11:54:17.073 4 W - Select Count(*) From Menu
11:54:17.073 4 W - Select * From Menu Order By ID Desc

#Software: WebDev.WebServer20
#ProcessID: 10756
#AppDomain: c89a2766-1-130106445991521023
#FileName: C:\Program Files\Common Files\Microsoft Shared\DevServer\10.0\WebDev.WebServer20.exe
#BaseDirectory: F:\Code\test\WebCssDemo\Web\
#CurrentDirectory: C:\Program Files\Common Files\Microsoft Shared\DevServer\10.0
#CommandLine: /port:20535 /path:"F:\Code\test\WebCssDemo\Web" /vpath:"/Web"
#ApplicationType: Web
#CLR: 2.0.50727.5466
#OS: Windows 7 Service Pack 1, XYF/XYF-PC
#Date: 2013-04-17
#Fields: Time ThreadID IsPoolThread ThreadName Message
12:20:15.322 17 W - NewLife.Core v3.8.2013.0308 Build 2013-03-11 21:17:26
12:20:15.338 17 W - NewLife.XCode v8.9.2013.0310 Build 2013-03-11 21:17:28
12:20:15.338 17 W - XCode.Negative.NoDelete设置为True，不会删除数据表多余字段
12:20:15.338 17 W - 检查实体NewLife.CommonEntity.Administrator的数据表架构，模式：CheckTableWhenFirstUse
12:20:15.432 17 W - GetSchema("MetaDataCollections")
12:20:15.447 17 W - GetSchema("Tables")
12:20:15.463 17 W - GetSchema("Columns")
12:20:15.510 17 W - GetSchema("Indexes")
12:20:15.510 17 W - GetSchema("IndexColumns")
12:20:15.525 17 W - GetSchema("DataTypes")
12:20:15.572 17 W - GetSchema("ReservedWords")
12:20:15.572 17 W - Select Count(*) From Administrator
12:20:15.588 17 W - 初始化NewLife.CommonEntity.Administrator数据
12:20:15.588 17 W - 一级缓存：关闭缓存
12:20:15.634 17 W - 开始检查连接[Common/SQLite]的数据库架构……
12:20:15.666 17 W - [Common]的所有实体类（17个）：Department,Sequence,GuidCategory,Administrator,Menu,Role,RoleMenu,Log,Area,User,Simple,SimpleTree,Setting,Statistics,UserProfile,Attachment,Category
12:20:15.666 17 W - [Common]需要检查架构的实体类（0个）：
12:20:15.666 17 W - 检查连接[Common/SQLite]的数据库架构耗时00:00:00.0421841
12:20:15.666 17 W - Select * From Administrator Order By ID Desc
12:20:15.744 17 W - Update Administrator Set Logins=Logins+1, LastLogin='2013-04-17 12:20:15' Where ID=1
12:20:15.790 17 W - 检查实体NewLife.CommonEntity.Log的数据表架构，模式：CheckTableWhenFirstUse
12:20:15.790 17 W - 初始化NewLife.CommonEntity.Log数据
12:20:15.790 17 W - Insert Into Log(Category, Action, UserID, UserName, IP, OccurTime, Remark) Values('管理员', '自动登录', 0, null, '127.0.0.1', '2013-04-17 12:20:15', 'admin');Select last_insert_rowid() newid
12:20:15.822 17 W - 检查实体NewLife.CommonEntity.Menu的数据表架构，模式：CheckTableWhenFirstUse
12:20:15.822 17 W - 初始化NewLife.CommonEntity.Menu数据
12:20:15.822 17 W - Select Count(*) From Menu
12:20:15.822 17 W - Select * From Menu Order By ID Desc

#Software: WebDev.WebServer20
#ProcessID: 9944
#AppDomain: c89a2766-1-130106487778584786
#FileName: C:\Program Files\Common Files\Microsoft Shared\DevServer\10.0\WebDev.WebServer20.exe
#BaseDirectory: F:\Code\test\WebCssDemo\Web\
#CurrentDirectory: C:\Program Files\Common Files\Microsoft Shared\DevServer\10.0
#CommandLine: /port:20535 /path:"F:\Code\test\WebCssDemo\Web" /vpath:"/Web"
#ApplicationType: Web
#CLR: 2.0.50727.5466
#OS: Windows 7 Service Pack 1, XYF/XYF-PC
#Date: 2013-04-17
#Fields: Time ThreadID IsPoolThread ThreadName Message
17:07:30.710 12 Y - NewLife.Core v3.8.2013.0308 Build 2013-03-11 21:17:26
17:07:30.710 12 Y - NewLife.XCode v8.9.2013.0310 Build 2013-03-11 21:17:28
17:07:30.726 12 Y - XCode.Negative.NoDelete设置为True，不会删除数据表多余字段
17:07:30.726 12 Y - 检查实体NewLife.CommonEntity.Administrator的数据表架构，模式：CheckTableWhenFirstUse
17:07:30.928 12 Y - GetSchema("MetaDataCollections")
17:07:30.944 12 Y - GetSchema("Tables")
17:07:30.975 12 Y - GetSchema("Columns")
17:07:31.022 12 Y - GetSchema("Indexes")
17:07:31.022 12 Y - GetSchema("IndexColumns")
17:07:31.038 12 Y - GetSchema("DataTypes")
17:07:31.084 12 Y - GetSchema("ReservedWords")
17:07:31.084 12 Y - Select Count(*) From Administrator
17:07:31.100 12 Y - 初始化NewLife.CommonEntity.Administrator数据
17:07:31.100 12 Y - 开始检查连接[Common/SQLite]的数据库架构……
17:07:31.147 12 Y - [Common]的所有实体类（17个）：Department,Sequence,GuidCategory,Administrator,Menu,Role,RoleMenu,Log,Area,User,Simple,SimpleTree,Setting,Statistics,UserProfile,Attachment,Category
17:07:31.147 12 Y - [Common]需要检查架构的实体类（0个）：
17:07:31.147 12 Y - 检查连接[Common/SQLite]的数据库架构耗时00:00:00.0443826
17:07:31.147 12 Y - 一级缓存：关闭缓存
17:07:31.147 12 Y - Select Count(*) From Administrator
17:07:58.324 18 W - Select * From Administrator Order By ID Desc
17:07:58.402 18 W - Update Administrator Set Logins=Logins+1, LastLogin='2013-04-17 17:07:58' Where ID=1
17:07:58.449 18 W - 检查实体NewLife.CommonEntity.Log的数据表架构，模式：CheckTableWhenFirstUse
17:07:58.449 18 W - GetSchema("Tables")
17:07:58.449 18 W - GetSchema("Columns")
17:07:58.480 18 W - GetSchema("Indexes")
17:07:58.480 18 W - GetSchema("IndexColumns")
17:07:58.480 18 W - 初始化NewLife.CommonEntity.Log数据
17:07:58.480 18 W - Insert Into Log(Category, Action, UserID, UserName, IP, OccurTime, Remark) Values('管理员', '登录', 0, null, '127.0.0.1', '2013-04-17 17:07:58', 'admin');Select last_insert_rowid() newid
17:07:58.605 19 W - 检查实体NewLife.CommonEntity.Menu的数据表架构，模式：CheckTableWhenFirstUse
17:07:58.605 19 W - GetSchema("Tables")
17:07:58.605 19 W - GetSchema("Columns")
17:07:58.636 19 W - GetSchema("Indexes")
17:07:58.636 19 W - GetSchema("IndexColumns")
17:07:58.636 19 W - 初始化NewLife.CommonEntity.Menu数据
17:07:58.636 19 W - Select Count(*) From Menu
17:07:58.636 19 W - Select * From Menu Order By ID Desc
17:14:34.467 18 Y - Select Count(*) From Administrator
17:14:34.483 18 Y - Select Count(*) From Administrator
17:16:07.678 16 Y - Select Count(*) From Administrator
17:16:18.088 23 Y - Select Count(*) From Administrator
17:16:22.191 10 W - Select * From Administrator Order By ID Desc
17:16:22.191 10 W - Update Administrator Set Logins=Logins+1, LastLogin='2013-04-17 17:16:22' Where ID=1
17:16:22.191 10 W - Insert Into Log(Category, Action, UserID, UserName, IP, OccurTime, Remark) Values('管理员', '登录', 0, null, '127.0.0.1', '2013-04-17 17:16:22', 'admin');Select last_insert_rowid() newid

#Software: WebDev.WebServer20
#ProcessID: 5804
#AppDomain: c89a2766-1-130106658489372758
#FileName: C:\Program Files\Common Files\Microsoft Shared\DevServer\10.0\WebDev.WebServer20.exe
#BaseDirectory: F:\Code\test\WebCssDemo\Web\
#CurrentDirectory: C:\Program Files\Common Files\Microsoft Shared\DevServer\10.0
#CommandLine: /port:20535 /path:"F:\Code\test\WebCssDemo\Web" /vpath:"/Web"
#ApplicationType: Web
#CLR: 2.0.50727.5466
#OS: Windows 7 Service Pack 1, XYF/XYF-PC
#Date: 2013-04-17
#Fields: Time ThreadID IsPoolThread ThreadName Message
17:51:02.975 4 Y - NewLife.Core v3.8.2013.0308 Build 2013-03-11 21:17:26
17:51:03.035 4 Y - NewLife.XCode v8.9.2013.0310 Build 2013-03-11 21:17:28
17:51:03.045 4 Y - XCode.Negative.NoDelete设置为True，不会删除数据表多余字段
17:51:03.045 4 Y - 检查实体NewLife.CommonEntity.Administrator的数据表架构，模式：CheckTableWhenFirstUse
17:51:03.085 4 Y - TypeX.GetType("System.Data.SQLite.SQLiteFactory")导致加载C:\Windows\Microsoft.NET\Framework\v2.0.50727\Temporary ASP.NET Files\web\2e609652\c9381f1b\assembly\dl3\4c474192\00606d6f_21ddcc01\System.Data.SQLite.dll
17:51:03.235 4 Y - GetSchema("MetaDataCollections")
17:51:03.255 4 Y - GetSchema("Tables")
17:51:03.285 4 Y - GetSchema("Columns")
17:51:03.365 4 Y - GetSchema("Indexes")
17:51:03.365 4 Y - GetSchema("IndexColumns")
17:51:03.375 4 Y - GetSchema("DataTypes")
17:51:03.435 4 Y - GetSchema("ReservedWords")
17:51:03.445 4 Y - Select Count(*) From Administrator
17:51:03.445 4 Y - 初始化NewLife.CommonEntity.Administrator数据
17:51:03.455 4 Y - 开始检查连接[Common/SQLite]的数据库架构……
17:51:03.505 4 Y - [Common]的所有实体类（17个）：Department,Sequence,GuidCategory,Administrator,Menu,Role,RoleMenu,Log,Area,User,Simple,SimpleTree,Setting,Statistics,UserProfile,Attachment,Category
17:51:03.505 4 Y - [Common]需要检查架构的实体类（0个）：
17:51:03.505 4 Y - 检查连接[Common/SQLite]的数据库架构耗时00:00:00.0528271
17:51:03.515 4 Y - 一级缓存：关闭缓存
17:51:03.515 4 Y - Select Count(*) From Administrator
17:51:06.805 10 W - Select * From Administrator Order By ID Desc
17:51:06.905 10 W - Update Administrator Set Logins=Logins+1, LastLogin='2013-04-17 17:51:06' Where ID=1
17:51:06.965 10 W - 检查实体NewLife.CommonEntity.Log的数据表架构，模式：CheckTableWhenFirstUse
17:51:06.965 10 W - GetSchema("Tables")
17:51:06.965 10 W - GetSchema("Columns")
17:51:06.995 10 W - GetSchema("Indexes")
17:51:06.995 10 W - GetSchema("IndexColumns")
17:51:06.995 10 W - 初始化NewLife.CommonEntity.Log数据
17:51:06.995 10 W - Insert Into Log(Category, Action, UserID, UserName, IP, OccurTime, Remark) Values('管理员', '登录', 0, null, '127.0.0.1', '2013-04-17 17:51:06', 'admin');Select last_insert_rowid() newid
17:51:07.135 8 W - 检查实体NewLife.CommonEntity.Menu的数据表架构，模式：CheckTableWhenFirstUse
17:51:07.135 8 W - GetSchema("Tables")
17:51:07.135 8 W - GetSchema("Columns")
17:51:07.155 8 W - GetSchema("Indexes")
17:51:07.155 8 W - GetSchema("IndexColumns")
17:51:07.155 8 W - 初始化NewLife.CommonEntity.Menu数据
17:51:07.165 8 W - Select Count(*) From Menu
17:51:07.165 8 W - Select * From Menu Order By ID Desc
18:15:08.006 11 W - Select Count(*) From Administrator
18:15:08.006 11 W - 实体缓存<Administrator>总次数2，一级命中1（50.00%）
18:15:08.006 11 W - Select * From Administrator Order By ID Desc
18:15:08.006 11 W - Update Administrator Set Logins=Logins+1, LastLogin='2013-04-17 18:15:08' Where ID=1
18:15:08.006 11 W - Insert Into Log(Category, Action, UserID, UserName, IP, OccurTime, Remark) Values('管理员', '自动登录', 0, null, '127.0.0.1', '2013-04-17 18:15:08', 'admin');Select last_insert_rowid() newid

#Software: WebDev.WebServer20
#ProcessID: 5156
#AppDomain: c89a2766-1-130106730577767955
#FileName: C:\Program Files\Common Files\Microsoft Shared\DevServer\10.0\WebDev.WebServer20.exe
#BaseDirectory: F:\Code\test\WebCssDemo\Web\
#CurrentDirectory: C:\Program Files\Common Files\Microsoft Shared\DevServer\10.0
#CommandLine: /port:20535 /path:"F:\Code\test\WebCssDemo\Web" /vpath:"/Web"
#ApplicationType: Web
#CLR: 2.0.50727.5466
#OS: Windows 7 Service Pack 1, XYF/XYF-PC
#Date: 2013-04-17
#Fields: Time ThreadID IsPoolThread ThreadName Message
19:51:01.408 8 W - NewLife.Core v3.8.2013.0308 Build 2013-03-11 21:17:26
19:51:01.420 8 W - NewLife.XCode v8.9.2013.0310 Build 2013-03-11 21:17:28
19:51:01.421 8 W - XCode.Negative.NoDelete设置为True，不会删除数据表多余字段
19:51:01.421 8 W - 检查实体NewLife.CommonEntity.Administrator的数据表架构，模式：CheckTableWhenFirstUse
19:51:01.536 8 W - GetSchema("MetaDataCollections")
19:51:01.547 8 W - GetSchema("Tables")
19:51:01.566 8 W - GetSchema("Columns")
19:51:01.632 8 W - GetSchema("Indexes")
19:51:01.633 8 W - GetSchema("IndexColumns")
19:51:01.640 8 W - GetSchema("DataTypes")
19:51:01.690 8 W - GetSchema("ReservedWords")
19:51:01.694 8 W - Select Count(*) From Administrator
19:51:01.698 8 W - 初始化NewLife.CommonEntity.Administrator数据
19:51:01.709 8 W - 一级缓存：关闭缓存
19:51:01.764 8 W - 开始检查连接[Common/SQLite]的数据库架构……
19:51:01.809 8 W - [Common]的所有实体类（17个）：Department,Sequence,GuidCategory,Administrator,Menu,Role,RoleMenu,Log,Area,User,Simple,SimpleTree,Setting,Statistics,UserProfile,Attachment,Category
19:51:01.809 8 W - [Common]需要检查架构的实体类（0个）：
19:51:01.809 8 W - 检查连接[Common/SQLite]的数据库架构耗时00:00:00.0446082
19:51:01.810 8 W - Select * From Administrator Order By ID Desc
19:51:01.892 8 W - Update Administrator Set Logins=Logins+1, LastLogin='2013-04-17 19:51:01' Where ID=1
19:51:01.937 8 W - 检查实体NewLife.CommonEntity.Log的数据表架构，模式：CheckTableWhenFirstUse
19:51:01.938 8 W - 初始化NewLife.CommonEntity.Log数据
19:51:01.939 8 W - Insert Into Log(Category, Action, UserID, UserName, IP, OccurTime, Remark) Values('管理员', '自动登录', 0, null, '127.0.0.1', '2013-04-17 19:51:01', 'admin');Select last_insert_rowid() newid
19:51:01.974 8 W - 检查实体NewLife.CommonEntity.Menu的数据表架构，模式：CheckTableWhenFirstUse
19:51:01.975 8 W - 初始化NewLife.CommonEntity.Menu数据
19:51:01.977 8 W - Select Count(*) From Menu
19:51:01.977 8 W - Select * From Menu Order By ID Desc
