#Software: w3wp
#ProcessID: 7316
#AppDomain: /LM/W3SVC/3/ROOT-1-130110619508297581
#FileName: c:\windows\system32\inetsrv\w3wp.exe
#BaseDirectory: F:\Code\test\WebCssDemo\Web\
#CurrentDirectory: c:\windows\system32\inetsrv
#CommandLine: -ap "Demo" -v "v2.0" -l "webengine4.dll" -a \\.\pipe\iisipm1dd92ac8-8031-4c30-aecc-4804533e7932 -h "C:\inetpub\temp\apppools\Demo\Demo.config" -w "" -m 0 -t 20
#ApplicationType: Web
#CLR: 2.0.50727.5466
#OS: Windows 7 Service Pack 1, Demo/XYF-PC
#Date: 2013-04-22
#Fields: Time ThreadID IsPoolThread ThreadName Message
07:52:37.543 6 Y - NewLife.Core v3.8.2013.0308 Build 2013-03-11 21:17:26
07:52:37.574 6 Y - NewLife.XCode v8.9.2013.0310 Build 2013-03-11 21:17:28
07:52:37.575 6 Y - XCode.Negative.NoDelete设置为True，不会删除数据表多余字段
07:52:37.576 6 Y - 检查实体NewLife.CommonEntity.Administrator的数据表架构，模式：CheckTableWhenFirstUse
07:52:38.177 6 Y - GetSchema("MetaDataCollections")
07:52:38.187 6 Y - GetSchema("Tables")
07:52:38.206 6 Y - GetSchema("Columns")
07:52:38.297 6 Y - GetSchema("Indexes")
07:52:38.299 6 Y - GetSchema("IndexColumns")
07:52:38.308 6 Y - GetSchema("DataTypes")
07:52:38.364 6 Y - GetSchema("ReservedWords")
07:52:38.368 6 Y - Select Count(*) From Administrator
07:52:38.372 6 Y - 初始化NewLife.CommonEntity.Administrator数据
07:52:38.380 6 Y - 开始检查连接[Common/SQLite]的数据库架构……
07:52:38.423 6 Y - [Common]的所有实体类（17个）：Department,Sequence,GuidCategory,Administrator,Menu,Role,RoleMenu,Log,Area,User,Simple,SimpleTree,Setting,Statistics,UserProfile,Attachment,Category
07:52:38.423 6 Y - [Common]需要检查架构的实体类（0个）：
07:52:38.423 6 Y - 检查连接[Common/SQLite]的数据库架构耗时00:00:00.0425612
07:52:38.426 6 Y - 一级缓存：关闭缓存
07:52:38.428 6 Y - Select Count(*) From Administrator
07:52:41.090 8 W - Select * From Administrator Order By ID Desc
07:52:41.167 8 W - Update Administrator Set Logins=Logins+1, LastLogin='2013-04-22 07:52:41', LastLoginIP='::1' Where ID=1
07:52:41.212 8 W - 检查实体NewLife.CommonEntity.Log的数据表架构，模式：CheckTableWhenFirstUse
07:52:41.213 8 W - GetSchema("Tables")
07:52:41.213 8 W - GetSchema("Columns")
07:52:41.240 8 W - GetSchema("Indexes")
07:52:41.242 8 W - GetSchema("IndexColumns")
07:52:41.244 8 W - 初始化NewLife.CommonEntity.Log数据
07:52:41.245 8 W - Insert Into Log(Category, Action, UserID, UserName, IP, OccurTime, Remark) Values('管理员', '登录', 0, null, '::1', '2013-04-22 07:52:41', 'admin');Select last_insert_rowid() newid
07:52:41.368 13 W - 检查实体NewLife.CommonEntity.Menu的数据表架构，模式：CheckTableWhenFirstUse
07:52:41.368 13 W - GetSchema("Tables")
07:52:41.369 13 W - GetSchema("Columns")
07:52:41.513 13 W - GetSchema("Indexes")
07:52:41.517 13 W - GetSchema("IndexColumns")
07:52:41.521 13 W - 初始化NewLife.CommonEntity.Menu数据
07:52:41.523 13 W - Select Count(*) From Menu
07:52:41.524 13 W - Select * From Menu Order By ID Desc
07:52:41.558 13 W - 检查实体NewLife.CommonEntity.Role的数据表架构，模式：CheckTableWhenFirstUse
07:52:41.559 13 W - 初始化NewLife.CommonEntity.Role数据
07:52:41.568 13 W - Select Count(*) From Role
07:52:41.570 13 W - 检查实体NewLife.CommonEntity.RoleMenu的数据表架构，模式：CheckTableWhenFirstUse
07:52:41.570 13 W - Select Count(*) From RoleMenu
07:52:41.570 13 W - 初始化NewLife.CommonEntity.RoleMenu数据
07:52:41.571 13 W - 如果某一个菜单对应的RoleMenu（角色菜单对应关系）为空或者只有一个，则授权第一个角色访问所有菜单！
07:52:41.582 13 W - Select * From RoleMenu Order By ID Desc
07:52:41.597 13 W - Select * From RoleMenu Where RoleID Not In(Select ID From Role) Or MenuID Not In(Select ID From Menu) Order By ID Desc
07:52:41.597 13 W - Select * From Role Order By ID Desc
07:52:44.431 6 W - Select * From Menu Order By ID Desc limit 20
07:52:44.433 6 W - Select Count(*) From Menu

#Software: w3wp
#ProcessID: 6764
#AppDomain: /LM/W3SVC/3/ROOT-1-130110704300270072
#FileName: c:\windows\system32\inetsrv\w3wp.exe
#BaseDirectory: F:\Code\test\WebCssDemo\Web\
#CurrentDirectory: c:\windows\system32\inetsrv
#CommandLine: -ap "Demo" -v "v2.0" -l "webengine4.dll" -a \\.\pipe\iisipm51915f92-21b0-4a1d-bf91-8d814d286ccd -h "C:\inetpub\temp\apppools\Demo\Demo.config" -w "" -m 0 -t 20
#ApplicationType: Web
#CLR: 2.0.50727.5466
#OS: Windows 7 Service Pack 1, Demo/XYF-PC
#Date: 2013-04-22
#Fields: Time ThreadID IsPoolThread ThreadName Message
10:13:54.960 6 Y - NewLife.Core v3.8.2013.0308 Build 2013-03-11 21:17:26
10:13:55.136 6 Y - NewLife.XCode v8.9.2013.0310 Build 2013-03-11 21:17:28
10:13:55.139 6 Y - XCode.Negative.NoDelete设置为True，不会删除数据表多余字段
10:13:55.139 6 Y - 检查实体NewLife.CommonEntity.Administrator的数据表架构，模式：CheckTableWhenFirstUse
10:13:55.667 6 Y - TypeX.GetType("System.Data.SQLite.SQLiteFactory")导致加载C:\Windows\Microsoft.NET\Framework\v2.0.50727\Temporary ASP.NET Files\root\ae2d65f9\efa78b97\assembly\dl3\cd4eba46\00606d6f_21ddcc01\System.Data.SQLite.dll
10:13:56.871 6 Y - GetSchema("MetaDataCollections")
10:13:57.130 6 Y - GetSchema("Tables")
10:13:57.206 6 Y - GetSchema("Columns")
10:13:57.460 6 Y - GetSchema("Indexes")
10:13:57.462 6 Y - GetSchema("IndexColumns")
10:13:57.472 6 Y - GetSchema("DataTypes")
10:13:57.632 6 Y - GetSchema("ReservedWords")
10:13:57.644 6 Y - Select Count(*) From Administrator
10:13:57.669 6 Y - 初始化NewLife.CommonEntity.Administrator数据
10:13:57.744 6 Y - 开始检查连接[Common/SQLite]的数据库架构……
10:13:57.827 6 Y - [Common]的所有实体类（17个）：Department,Sequence,GuidCategory,Administrator,Menu,Role,RoleMenu,Log,Area,User,Simple,SimpleTree,Setting,Statistics,UserProfile,Attachment,Category
10:13:57.827 6 Y - [Common]需要检查架构的实体类（0个）：
10:13:57.828 6 Y - 检查连接[Common/SQLite]的数据库架构耗时00:00:00.0832334
10:13:57.830 6 Y - 一级缓存：关闭缓存
10:13:57.833 6 Y - Select Count(*) From Administrator
10:14:44.277 6 W - Select * From Administrator Order By ID Desc
10:14:44.396 6 W - Update Administrator Set Logins=Logins+1, LastLogin='2013-04-22 10:14:44' Where ID=1
10:14:44.470 6 W - 检查实体NewLife.CommonEntity.Log的数据表架构，模式：CheckTableWhenFirstUse
10:14:44.471 6 W - GetSchema("Tables")
10:14:44.480 6 W - GetSchema("Columns")
10:14:44.503 6 W - GetSchema("Indexes")
10:14:44.504 6 W - GetSchema("IndexColumns")
10:14:44.506 6 W - 初始化NewLife.CommonEntity.Log数据
10:14:44.507 6 W - Insert Into Log(Category, Action, UserID, UserName, IP, OccurTime, Remark) Values('管理员', '登录', 0, null, '::1', '2013-04-22 10:14:44', 'admin');Select last_insert_rowid() newid
10:14:44.637 6 W - 检查实体NewLife.CommonEntity.Menu的数据表架构，模式：CheckTableWhenFirstUse
10:14:44.638 6 W - 初始化NewLife.CommonEntity.Menu数据
10:14:44.640 6 W - Select Count(*) From Menu
10:14:44.641 6 W - Select * From Menu Order By ID Desc
10:14:44.686 6 W - 检查实体NewLife.CommonEntity.Role的数据表架构，模式：CheckTableWhenFirstUse
10:14:44.686 6 W - 初始化NewLife.CommonEntity.Role数据
10:14:44.696 6 W - Select Count(*) From Role
10:14:44.697 6 W - 检查实体NewLife.CommonEntity.RoleMenu的数据表架构，模式：CheckTableWhenFirstUse
10:14:44.698 6 W - Select Count(*) From RoleMenu
10:14:44.698 6 W - 初始化NewLife.CommonEntity.RoleMenu数据
10:14:44.698 6 W - 如果某一个菜单对应的RoleMenu（角色菜单对应关系）为空或者只有一个，则授权第一个角色访问所有菜单！
10:14:44.710 6 W - Select * From RoleMenu Order By ID Desc
10:14:44.723 6 W - Select * From RoleMenu Where RoleID Not In(Select ID From Role) Or MenuID Not In(Select ID From Menu) Order By ID Desc
10:14:44.724 6 W - Select * From Role Order By ID Desc
10:15:02.303 5 W - Select * From Menu Order By ID Desc limit 20
10:15:02.325 5 W - Select Count(*) From Menu
10:15:22.066 8 W - Select * From Role Order By ID Desc limit 20
10:15:22.067 8 W - Select Count(*) From Role
10:15:23.111 6 W - Select * From Menu Order By ID Desc limit 20
10:15:23.113 6 W - Select Count(*) From Menu

#Software: w3wp
#ProcessID: 8104
#AppDomain: /LM/W3SVC/3/ROOT-1-130110738008798090
#FileName: c:\windows\system32\inetsrv\w3wp.exe
#BaseDirectory: F:\Code\test\WebCssDemo\Web\
#CurrentDirectory: c:\windows\system32\inetsrv
#CommandLine: -ap "Demo" -v "v2.0" -l "webengine4.dll" -a \\.\pipe\iisipm171bca85-365e-4d2e-baba-bcc7315ee379 -h "C:\inetpub\temp\apppools\Demo\Demo.config" -w "" -m 0 -t 20
#ApplicationType: Web
#CLR: 2.0.50727.5466
#OS: Windows 7 Service Pack 1, Demo/XYF-PC
#Date: 2013-04-22
#Fields: Time ThreadID IsPoolThread ThreadName Message
11:10:02.645 6 Y - NewLife.Core v3.8.2013.0308 Build 2013-03-11 21:17:26
11:10:02.660 6 Y - NewLife.XCode v8.9.2013.0310 Build 2013-03-11 21:17:28
11:10:02.662 6 Y - XCode.Negative.NoDelete设置为True，不会删除数据表多余字段
11:10:02.662 6 Y - 检查实体NewLife.CommonEntity.Administrator的数据表架构，模式：CheckTableWhenFirstUse
11:10:02.702 6 Y - TypeX.GetType("System.Data.SQLite.SQLiteFactory")导致加载C:\Windows\Microsoft.NET\Framework\v2.0.50727\Temporary ASP.NET Files\root\ae2d65f9\efa78b97\assembly\dl3\cd4eba46\00606d6f_21ddcc01\System.Data.SQLite.dll
11:10:03.483 6 Y - GetSchema("MetaDataCollections")
11:10:03.495 6 Y - GetSchema("Tables")
11:10:03.515 6 Y - GetSchema("Columns")
11:10:03.569 6 Y - GetSchema("Indexes")
11:10:03.570 6 Y - GetSchema("IndexColumns")
11:10:03.578 6 Y - GetSchema("DataTypes")
11:10:03.632 6 Y - GetSchema("ReservedWords")
11:10:03.637 6 Y - Select Count(*) From Administrator
11:10:03.641 6 Y - 初始化NewLife.CommonEntity.Administrator数据
11:10:03.648 6 Y - 开始检查连接[Common/SQLite]的数据库架构……
11:10:03.701 6 Y - [Common]的所有实体类（17个）：Department,Sequence,GuidCategory,Administrator,Menu,Role,RoleMenu,Log,Area,User,Simple,SimpleTree,Setting,Statistics,UserProfile,Attachment,Category
11:10:03.701 6 Y - [Common]需要检查架构的实体类（0个）：
11:10:03.701 6 Y - 检查连接[Common/SQLite]的数据库架构耗时00:00:00.0532751
11:10:03.705 6 Y - 一级缓存：关闭缓存
11:10:03.708 6 Y - Select Count(*) From Administrator
11:10:12.293 7 W - Select * From Administrator Order By ID Desc
11:10:12.371 7 W - Update Administrator Set Logins=Logins+1, LastLogin='2013-04-22 11:10:12' Where ID=1
11:10:12.418 7 W - 检查实体NewLife.CommonEntity.Log的数据表架构，模式：CheckTableWhenFirstUse
11:10:12.418 7 W - GetSchema("Tables")
11:10:12.418 7 W - GetSchema("Columns")
11:10:12.433 7 W - GetSchema("Indexes")
11:10:12.433 7 W - GetSchema("IndexColumns")
11:10:12.433 7 W - 初始化NewLife.CommonEntity.Log数据
11:10:12.433 7 W - Insert Into Log(Category, Action, UserID, UserName, IP, OccurTime, Remark) Values('管理员', '登录', 0, null, '::1', '2013-04-22 11:10:12', 'admin');Select last_insert_rowid() newid
11:10:12.527 8 W - 检查实体NewLife.CommonEntity.Menu的数据表架构，模式：CheckTableWhenFirstUse
11:10:12.527 8 W - GetSchema("Tables")
11:10:12.527 8 W - GetSchema("Columns")
11:10:12.558 8 W - GetSchema("Indexes")
11:10:12.558 8 W - GetSchema("IndexColumns")
11:10:12.558 8 W - 初始化NewLife.CommonEntity.Menu数据
11:10:12.558 8 W - Select Count(*) From Menu
11:10:12.558 8 W - Select * From Menu Order By ID Desc
11:10:12.589 8 W - 检查实体NewLife.CommonEntity.Role的数据表架构，模式：CheckTableWhenFirstUse
11:10:12.589 8 W - 初始化NewLife.CommonEntity.Role数据
11:10:12.605 8 W - Select Count(*) From Role
11:10:12.605 8 W - 检查实体NewLife.CommonEntity.RoleMenu的数据表架构，模式：CheckTableWhenFirstUse
11:10:12.605 8 W - Select Count(*) From RoleMenu
11:10:12.605 8 W - 初始化NewLife.CommonEntity.RoleMenu数据
11:10:12.605 8 W - 如果某一个菜单对应的RoleMenu（角色菜单对应关系）为空或者只有一个，则授权第一个角色访问所有菜单！
11:10:12.620 8 W - Select * From RoleMenu Order By ID Desc
11:10:12.620 8 W - Select * From RoleMenu Where RoleID Not In(Select ID From Role) Or MenuID Not In(Select ID From Menu) Order By ID Desc
11:10:12.620 8 W - Select * From Role Order By ID Desc
11:10:15.475 6 W - Select * From Menu Order By ID Desc limit 20
11:10:15.475 6 W - Select Count(*) From Menu
11:10:16.520 7 W - Select * From Role Order By ID Desc limit 20
11:10:16.520 7 W - Select Count(*) From Role
11:10:18.689 5 W - Select * From Menu Order By ID Desc limit 20
11:10:18.689 5 W - Select Count(*) From Menu
11:10:23.119 5 W - Select * From Menu Where ID=5
11:10:30.810 7 W - Select * From Menu Where ID=6
11:10:37.284 7 W - Select * From Role Order By ID Desc limit 20
11:10:37.284 7 W - Select Count(*) From Role

#Software: w3wp
#ProcessID: 8104
#AppDomain: /LM/W3SVC/3/ROOT-2-130110742841195760
#FileName: c:\windows\system32\inetsrv\w3wp.exe
#BaseDirectory: F:\Code\test\WebCssDemo\Web\
#CurrentDirectory: c:\windows\system32\inetsrv
#CommandLine: -ap "Demo" -v "v2.0" -l "webengine4.dll" -a \\.\pipe\iisipm171bca85-365e-4d2e-baba-bcc7315ee379 -h "C:\inetpub\temp\apppools\Demo\Demo.config" -w "" -m 0 -t 20
#ApplicationType: Web
#CLR: 2.0.50727.5466
#OS: Windows 7 Service Pack 1, Demo/XYF-PC
#Date: 2013-04-22
#Fields: Time ThreadID IsPoolThread ThreadName Message
11:18:06.350 6 W - NewLife.Core v3.8.2013.0308 Build 2013-03-11 21:17:26
11:18:06.350 6 W - NewLife.XCode v8.9.2013.0310 Build 2013-03-11 21:17:28
11:18:06.350 6 W - XCode.Negative.NoDelete设置为True，不会删除数据表多余字段
11:18:06.350 6 W - 检查实体NewLife.CommonEntity.Administrator的数据表架构，模式：CheckTableWhenFirstUse
11:18:06.443 6 W - GetSchema("MetaDataCollections")
11:18:06.443 6 W - GetSchema("Tables")
11:18:06.475 6 W - GetSchema("Columns")
11:18:06.521 6 W - GetSchema("Indexes")
11:18:06.521 6 W - GetSchema("IndexColumns")
11:18:06.537 6 W - GetSchema("DataTypes")
11:18:06.584 6 W - GetSchema("ReservedWords")
11:18:06.584 5 W - GetSchema("ReservedWords")
11:18:06.584 5 W - Select Count(*) From Administrator
11:18:06.584 6 W - Select Count(*) From Administrator
11:18:06.584 5 W - 初始化NewLife.CommonEntity.Administrator数据
11:18:06.599 6 W - 一级缓存：关闭缓存
11:18:06.631 6 W - 开始检查连接[Common/SQLite]的数据库架构……
11:18:06.677 6 W - [Common]的所有实体类（17个）：Department,Sequence,GuidCategory,Administrator,Menu,Role,RoleMenu,Log,Area,User,Simple,SimpleTree,Setting,Statistics,UserProfile,Attachment,Category
11:18:06.677 6 W - [Common]需要检查架构的实体类（0个）：
11:18:06.677 6 W - 检查连接[Common/SQLite]的数据库架构耗时00:00:00.0447854
11:18:06.677 6 W - Select * From Administrator Order By ID Desc
11:18:06.755 6 W - Update Administrator Set Logins=Logins+1, LastLogin='2013-04-22 11:18:06', LastLoginIP='127.0.0.1' Where ID=1
11:18:06.802 6 W - 检查实体NewLife.CommonEntity.Log的数据表架构，模式：CheckTableWhenFirstUse
11:18:06.802 6 W - 初始化NewLife.CommonEntity.Log数据
11:18:06.802 6 W - Insert Into Log(Category, Action, UserID, UserName, IP, OccurTime, Remark) Values('管理员', '自动登录', 0, null, '127.0.0.1', '2013-04-22 11:18:06', 'admin');Select last_insert_rowid() newid
11:18:06.818 6 W - 检查实体NewLife.CommonEntity.Menu的数据表架构，模式：CheckTableWhenFirstUse
11:18:06.833 6 W - 初始化NewLife.CommonEntity.Menu数据
11:18:06.833 6 W - Select Count(*) From Menu
11:18:06.833 6 W - Select * From Menu Order By ID Desc
11:18:06.849 5 W - Select * From Administrator Order By ID Desc
11:18:06.849 5 W - Insert Into Log(Category, Action, UserID, UserName, IP, OccurTime, Remark) Values('管理员', '自动登录', 0, null, '127.0.0.1', '2013-04-22 11:18:06', 'admin');Select last_insert_rowid() newid
11:18:06.865 6 W - 检查实体NewLife.CommonEntity.Role的数据表架构，模式：CheckTableWhenFirstUse
11:18:06.865 6 W - 初始化NewLife.CommonEntity.Role数据
11:18:06.865 6 W - Select Count(*) From Role
11:18:06.880 6 W - 检查实体NewLife.CommonEntity.RoleMenu的数据表架构，模式：CheckTableWhenFirstUse
11:18:06.880 6 W - Select Count(*) From RoleMenu
11:18:06.880 6 W - 初始化NewLife.CommonEntity.RoleMenu数据
11:18:06.880 6 W - 如果某一个菜单对应的RoleMenu（角色菜单对应关系）为空或者只有一个，则授权第一个角色访问所有菜单！
11:18:06.911 6 W - Select * From RoleMenu Order By ID Desc
11:18:06.927 6 W - Select * From RoleMenu Where RoleID Not In(Select ID From Role) Or MenuID Not In(Select ID From Menu) Order By ID Desc
11:18:06.927 6 W - Select * From Role Order By ID Desc
11:18:07.005 5 W - Select * From RoleMenu Order By ID Desc limit 20
11:18:07.005 6 W - Select * From Menu Order By ID Desc limit 20
11:18:07.005 5 W - Select Count(*) From RoleMenu
11:18:07.005 6 W - Select Count(*) From Menu
11:18:30.519 8 W - Select * From RoleMenu Order By ID Desc limit 20
11:18:30.519 8 W - Select Count(*) From RoleMenu
11:18:57.329 6 W - Select * From RoleMenu Order By ID Desc limit 20
11:18:57.329 6 W - Select Count(*) From RoleMenu
11:19:06.283 5 W - Select * From RoleMenu Where ID=6
11:21:17.324 5 W - Select * From Menu Order By ID Desc
11:21:17.340 5 W - Select * From RoleMenu Order By ID Desc limit 20
11:21:17.340 5 W - Select Count(*) From RoleMenu
11:21:17.823 6 W - Select * From RoleMenu Order By ID Desc limit 20
11:21:17.823 6 W - Select Count(*) From RoleMenu
11:21:18.011 8 W - Select * From RoleMenu Order By ID Desc limit 20
11:21:18.011 8 W - Select Count(*) From RoleMenu
11:24:52.340 7 W - Select * From Menu Order By ID Desc
11:24:52.340 7 W - Select * From RoleMenu Order By ID Desc limit 20
11:24:52.356 7 W - Select Count(*) From RoleMenu
11:24:55.236 7 W - Select * From RoleMenu Order By ID Desc limit 20
11:24:55.236 7 W - Select Count(*) From RoleMenu
11:46:26.510 7 W - Select Count(*) From Administrator
11:46:26.510 7 W - 实体缓存<Administrator>总次数4，一级命中1（25.00%），二级命中1（25.00%）
11:46:26.510 7 W - Select * From Administrator Order By ID Desc
11:46:26.510 7 W - Update Administrator Set Logins=Logins+1, LastLogin='2013-04-22 11:46:26' Where ID=1
11:46:26.510 7 W - Insert Into Log(Category, Action, UserID, UserName, IP, OccurTime, Remark) Values('管理员', '自动登录', 0, null, '127.0.0.1', '2013-04-22 11:46:26', 'admin');Select last_insert_rowid() newid
11:46:26.510 7 W - 实体缓存<Menu>总次数38，一级命中35（92.11%）
11:46:26.510 7 W - Select * From Menu Order By ID Desc
11:46:26.510 7 W - 实体缓存<Role>总次数3，一级命中2（66.67%）
11:46:26.510 7 W - Select * From Role Order By ID Desc
11:46:26.526 7 W - 实体缓存<RoleMenu>总次数13，一级命中12（92.31%）
11:46:26.526 7 W - Select * From RoleMenu Order By ID Desc
11:46:26.526 7 W - Select * From Role Order By ID Desc
11:47:00.300 7 W - Select * From Role Order By ID Desc limit 20
11:47:00.300 7 W - Select Count(*) From Role
11:47:01.158 7 W - Select * From Role Order By ID Desc
11:48:02.385 7 W - Select * From Menu Order By ID Desc
11:48:02.400 7 W - Select * From Role Order By ID Desc
11:48:03.602 5 W - Select * From Role Order By ID Desc
11:48:04.569 5 W - Select * From Role Order By ID Desc
11:48:07.018 7 W - Select * From RoleMenu Order By ID Desc
11:48:07.018 7 W - Insert Into Log(Category, Action, UserID, UserName, IP, OccurTime, Remark) Values('角色和菜单', '添加', 1, '管理员', '127.0.0.1', '2013-04-22 11:48:07', 'Role=3,Menu=1,Permission=All');Select last_insert_rowid() newid
11:48:07.034 7 W - Select * From RoleMenu Where RoleID=3 And MenuID=1 Order By ID Desc
11:48:07.034 7 W - Insert Into RoleMenu(RoleID, MenuID, Permission) Values(3, 1, 1);Select last_insert_rowid() newid
11:48:07.673 6 W - Select * From RoleMenu Order By ID Desc
11:48:07.673 6 W - Select * From RoleMenu Order By ID Desc
11:48:08.266 5 W - Select * From RoleMenu Order By ID Desc
11:48:08.266 5 W - Insert Into Log(Category, Action, UserID, UserName, IP, OccurTime, Remark) Values('角色和菜单', '添加', 1, '管理员', '127.0.0.1', '2013-04-22 11:48:08', 'Role=3,Menu=3,Permission=All');Select last_insert_rowid() newid
11:48:08.266 5 W - Select * From RoleMenu Where RoleID=3 And MenuID=3 Order By ID Desc
11:48:08.266 5 W - Insert Into RoleMenu(RoleID, MenuID, Permission) Values(3, 3, 1);Select last_insert_rowid() newid
11:48:08.937 5 W - Select * From RoleMenu Order By ID Desc
11:48:08.937 5 W - Select * From RoleMenu Order By ID Desc
11:48:09.498 6 W - Select * From RoleMenu Order By ID Desc
11:48:10.060 6 W - Select * From RoleMenu Order By ID Desc
11:48:10.637 6 W - Select * From RoleMenu Order By ID Desc
11:48:11.214 5 W - Select * From RoleMenu Order By ID Desc
11:48:11.854 5 W - Select * From RoleMenu Order By ID Desc
11:48:12.416 5 W - Select * From RoleMenu Order By ID Desc
11:48:12.868 8 W - Select * From RoleMenu Order By ID Desc
11:48:13.289 8 W - Select * From RoleMenu Order By ID Desc
11:48:14.334 5 W - Select * From RoleMenu Where ID=1
11:48:28.468 8 W - Select * From RoleMenu Order By ID Desc
11:48:28.468 8 W - Insert Into Log(Category, Action, UserID, UserName, IP, OccurTime, Remark) Values('角色和菜单', '添加', 1, '管理员', '127.0.0.1', '2013-04-22 11:48:28', 'Role=3,Menu=4,Permission=All');Select last_insert_rowid() newid
11:48:28.468 8 W - Select * From RoleMenu Where RoleID=3 And MenuID=4 Order By ID Desc
11:48:28.468 8 W - Insert Into RoleMenu(RoleID, MenuID, Permission) Values(3, 4, 1);Select last_insert_rowid() newid
11:48:29.154 5 W - Select * From RoleMenu Order By ID Desc
11:48:29.154 5 W - Select * From RoleMenu Order By ID Desc
11:48:31.104 6 W - Select * From RoleMenu Order By ID Desc
11:48:31.775 7 W - Select * From RoleMenu Order By ID Desc
11:48:32.649 8 W - Select * From RoleMenu Order By ID Desc
11:48:33.242 5 W - Select * From RoleMenu Order By ID Desc
11:48:33.756 5 W - Select * From RoleMenu Order By ID Desc
11:48:34.178 5 W - Select * From RoleMenu Order By ID Desc
11:48:34.630 5 W - Select * From RoleMenu Order By ID Desc
11:48:35.098 6 W - Select * From RoleMenu Order By ID Desc
11:48:35.550 8 W - Select * From RoleMenu Order By ID Desc
11:51:22.363 6 W - Select * From Menu Order By ID Desc
11:51:22.363 6 W - Select * From Role Order By ID Desc
11:51:22.878 6 W - Select * From Role Order By ID Desc
11:51:46.362 8 W - Select * From Role Order By ID Desc
11:51:46.876 6 W - Select * From Role Order By ID Desc limit 20
11:51:46.876 6 W - Select Count(*) From Role
11:51:47.563 5 W - Select * From Role Order By ID Desc
11:51:51.416 6 W - Select * From RoleMenu Order By ID Desc
11:51:52.024 5 W - Select * From RoleMenu Order By ID Desc

#Software: w3wp
#ProcessID: 6076
#AppDomain: /LM/W3SVC/3/ROOT-1-130110953715658657
#FileName: c:\windows\system32\inetsrv\w3wp.exe
#BaseDirectory: F:\Code\test\WebCssDemo\Web\
#CurrentDirectory: c:\windows\system32\inetsrv
#CommandLine: -ap "Demo" -v "v2.0" -l "webengine4.dll" -a \\.\pipe\iisipmeeb5e620-57be-4666-894e-910855bbe3c3 -h "C:\inetpub\temp\apppools\Demo\Demo.config" -w "" -m 0 -t 20
#ApplicationType: Web
#CLR: 2.0.50727.5466
#OS: Windows 7 Service Pack 1, Demo/XYF-PC
#Date: 2013-04-22
#Fields: Time ThreadID IsPoolThread ThreadName Message
17:09:37.321 6 Y - NewLife.Core v3.8.2013.0308 Build 2013-03-11 21:17:26
17:09:37.511 6 Y - NewLife.XCode v8.9.2013.0310 Build 2013-03-11 21:17:28
17:09:37.512 6 Y - XCode.Negative.NoDelete设置为True，不会删除数据表多余字段
17:09:37.512 6 Y - 检查实体NewLife.CommonEntity.Administrator的数据表架构，模式：CheckTableWhenFirstUse
17:09:37.947 6 Y - TypeX.GetType("System.Data.SQLite.SQLiteFactory")导致加载C:\Windows\Microsoft.NET\Framework\v2.0.50727\Temporary ASP.NET Files\root\ae2d65f9\efa78b97\assembly\dl3\cd4eba46\00606d6f_21ddcc01\System.Data.SQLite.dll
17:09:38.942 6 Y - GetSchema("MetaDataCollections")
17:09:39.418 6 Y - GetSchema("Tables")
17:09:39.488 6 Y - GetSchema("Columns")
17:09:39.853 6 Y - GetSchema("Indexes")
17:09:39.854 6 Y - GetSchema("IndexColumns")
17:09:39.866 6 Y - GetSchema("DataTypes")
17:09:40.017 6 Y - GetSchema("ReservedWords")
17:09:40.021 6 Y - Select Count(*) From Administrator
17:09:40.025 6 Y - 初始化NewLife.CommonEntity.Administrator数据
17:09:40.055 6 Y - 开始检查连接[Common/SQLite]的数据库架构……
17:09:40.112 6 Y - [Common]的所有实体类（17个）：Department,Sequence,GuidCategory,Administrator,Menu,Role,RoleMenu,Log,Area,User,Simple,SimpleTree,Setting,Statistics,UserProfile,Attachment,Category
17:09:40.112 6 Y - [Common]需要检查架构的实体类（0个）：
17:09:40.112 6 Y - 检查连接[Common/SQLite]的数据库架构耗时00:00:00.0568596
17:09:40.115 6 Y - 一级缓存：关闭缓存
17:09:40.118 6 Y - Select Count(*) From Administrator
17:10:34.108 5 W - Select * From Administrator Order By ID Desc
17:10:34.228 5 W - Update Administrator Set Logins=Logins+1, LastLogin='2013-04-22 17:10:34', LastLoginIP='::1' Where ID=1
17:10:34.310 5 W - 检查实体NewLife.CommonEntity.Log的数据表架构，模式：CheckTableWhenFirstUse
17:10:34.311 5 W - GetSchema("Tables")
17:10:34.311 5 W - GetSchema("Columns")
17:10:34.340 5 W - GetSchema("Indexes")
17:10:34.342 5 W - GetSchema("IndexColumns")
17:10:34.377 5 W - 初始化NewLife.CommonEntity.Log数据
17:10:34.379 5 W - Insert Into Log(Category, Action, UserID, UserName, IP, OccurTime, Remark) Values('管理员', '登录', 0, null, '::1', '2013-04-22 17:10:34', 'admin');Select last_insert_rowid() newid
17:10:34.490 5 W - 检查实体NewLife.CommonEntity.Menu的数据表架构，模式：CheckTableWhenFirstUse
17:10:34.492 5 W - 初始化NewLife.CommonEntity.Menu数据
17:10:34.493 5 W - Select Count(*) From Menu
17:10:34.494 5 W - Select * From Menu Order By ID Desc
17:10:34.566 5 W - 检查实体NewLife.CommonEntity.Role的数据表架构，模式：CheckTableWhenFirstUse
17:10:34.566 5 W - 初始化NewLife.CommonEntity.Role数据
17:10:34.582 5 W - Select Count(*) From Role
17:10:34.584 5 W - 检查实体NewLife.CommonEntity.RoleMenu的数据表架构，模式：CheckTableWhenFirstUse
17:10:34.585 5 W - Select Count(*) From RoleMenu
17:10:34.604 5 W - 初始化NewLife.CommonEntity.RoleMenu数据
17:10:34.605 5 W - 如果某一个菜单对应的RoleMenu（角色菜单对应关系）为空或者只有一个，则授权第一个角色访问所有菜单！
17:10:34.619 5 W - Select * From RoleMenu Order By ID Desc
17:10:34.633 5 W - Select * From RoleMenu Where RoleID Not In(Select ID From Role) Or MenuID Not In(Select ID From Menu) Order By ID Desc
17:10:34.634 5 W - Select * From Role Order By ID Desc
17:10:57.352 7 W - Select * From Menu Order By ID Desc limit 20
17:10:57.363 7 W - Select Count(*) From Menu
17:26:18.526 5 W - 实体缓存<Menu>总次数18，一级命中17（94.44%）
17:26:18.527 5 W - Select * From Menu Order By ID Desc
17:26:18.531 5 W - Select * From Role Order By ID Desc limit 20
17:26:18.531 5 W - Select Count(*) From Role
17:26:19.779 5 W - Select * From Role Where ID=3
17:26:22.038 5 W - Select * From Role Order By ID Desc
17:26:24.203 5 W - 实体缓存<RoleMenu>总次数13，一级命中12（92.31%）
17:26:24.204 5 W - Select * From RoleMenu Order By ID Desc
17:26:24.826 5 W - Select * From RoleMenu Order By ID Desc

#Software: w3wp
#ProcessID: 2112
#AppDomain: /LM/W3SVC/3/ROOT-1-130111086132936793
#FileName: c:\windows\system32\inetsrv\w3wp.exe
#BaseDirectory: F:\Code\test\WebCssDemo\Web\
#CurrentDirectory: c:\windows\system32\inetsrv
#CommandLine: -ap "Demo" -v "v2.0" -l "webengine4.dll" -a \\.\pipe\iisipm4b2f7744-7a65-4295-80a7-0768a617eb60 -h "C:\inetpub\temp\apppools\Demo\Demo.config" -w "" -m 0 -t 20
#ApplicationType: Web
#CLR: 2.0.50727.5466
#OS: Windows 7 Service Pack 1, Demo/XYF-PC
#Date: 2013-04-22
#Fields: Time ThreadID IsPoolThread ThreadName Message
20:52:55.317 8 Y - NewLife.Core v3.8.2013.0308 Build 2013-03-11 21:17:26
20:52:55.327 8 Y - NewLife.XCode v8.9.2013.0310 Build 2013-03-11 21:17:28
20:52:55.327 8 Y - XCode.Negative.NoDelete设置为True，不会删除数据表多余字段
20:52:55.327 8 Y - 检查实体NewLife.CommonEntity.Administrator的数据表架构，模式：CheckTableWhenFirstUse
20:52:55.487 8 Y - TypeX.GetType("System.Data.SQLite.SQLiteFactory")导致加载C:\Windows\Microsoft.NET\Framework\v2.0.50727\Temporary ASP.NET Files\root\ae2d65f9\efa78b97\assembly\dl3\cd4eba46\00606d6f_21ddcc01\System.Data.SQLite.dll
20:52:55.937 8 Y - GetSchema("MetaDataCollections")
20:52:55.947 8 Y - GetSchema("Tables")
20:52:55.967 8 Y - GetSchema("Columns")
20:52:56.017 8 Y - GetSchema("Indexes")
20:52:56.017 8 Y - GetSchema("IndexColumns")
20:52:56.027 8 Y - GetSchema("DataTypes")
20:52:56.077 8 Y - GetSchema("ReservedWords")
20:52:56.077 7 Y - GetSchema("ReservedWords")
20:52:56.077 7 Y - Select Count(*) From Administrator
20:52:56.077 8 Y - Select Count(*) From Administrator
20:52:56.087 7 Y - 初始化NewLife.CommonEntity.Administrator数据
20:52:56.097 7 Y - 一级缓存：关闭缓存
20:52:56.097 8 Y - 开始检查连接[Common/SQLite]的数据库架构……
20:52:56.097 7 Y - Select Count(*) From Administrator
20:52:56.137 8 Y - [Common]的所有实体类（17个）：Department,Sequence,GuidCategory,Administrator,Menu,Role,RoleMenu,Log,Area,User,Simple,SimpleTree,Setting,Statistics,UserProfile,Attachment,Category
20:52:56.137 8 Y - [Common]需要检查架构的实体类（0个）：
20:52:56.137 8 Y - 检查连接[Common/SQLite]的数据库架构耗时00:00:00.0449196
20:52:56.137 8 Y - Select Count(*) From Administrator
20:53:02.828 8 W - Select * From Administrator Order By ID Desc
20:53:02.898 8 W - Update Administrator Set Logins=Logins+1, LastLogin='2013-04-22 20:53:02' Where ID=1
20:53:02.938 8 W - 检查实体NewLife.CommonEntity.Log的数据表架构，模式：CheckTableWhenFirstUse
20:53:02.938 8 W - 初始化NewLife.CommonEntity.Log数据
20:53:02.938 8 W - Insert Into Log(Category, Action, UserID, UserName, IP, OccurTime, Remark) Values('管理员', '登录', 0, null, '::1', '2013-04-22 20:53:02', 'admin');Select last_insert_rowid() newid
20:53:03.048 7 W - 检查实体NewLife.CommonEntity.Menu的数据表架构，模式：CheckTableWhenFirstUse
20:53:03.048 7 W - GetSchema("Tables")
20:53:03.048 7 W - GetSchema("Columns")
20:53:03.078 7 W - GetSchema("Indexes")
20:53:03.078 7 W - GetSchema("IndexColumns")
20:53:03.078 7 W - 初始化NewLife.CommonEntity.Menu数据
20:53:03.078 7 W - Select Count(*) From Menu
20:53:03.078 7 W - Select * From Menu Order By ID Desc
20:53:03.168 7 W - 检查实体NewLife.CommonEntity.Role的数据表架构，模式：CheckTableWhenFirstUse
20:53:03.168 7 W - 初始化NewLife.CommonEntity.Role数据
20:53:03.178 7 W - Select Count(*) From Role
20:53:03.178 7 W - 检查实体NewLife.CommonEntity.RoleMenu的数据表架构，模式：CheckTableWhenFirstUse
20:53:03.178 7 W - Select Count(*) From RoleMenu
20:53:03.178 7 W - 初始化NewLife.CommonEntity.RoleMenu数据
20:53:03.178 7 W - 如果某一个菜单对应的RoleMenu（角色菜单对应关系）为空或者只有一个，则授权第一个角色访问所有菜单！
20:53:03.188 7 W - Select * From RoleMenu Order By ID Desc
20:53:03.198 7 W - Select * From RoleMenu Where RoleID Not In(Select ID From Role) Or MenuID Not In(Select ID From Menu) Order By ID Desc
20:53:03.208 7 W - Select * From Role Order By ID Desc
20:53:12.628 5 W - Select * From Role Order By ID Desc
20:54:15.876 6 W - Select * From Menu Order By ID Desc
20:54:15.886 6 W - Select * From Role Order By ID Desc
20:56:28.215 7 W - Select * From Menu Order By ID Desc
20:56:28.215 7 W - Select * From Role Order By ID Desc
20:56:28.235 7 W - Select * From RoleMenu Order By ID Desc
21:14:51.564 6 W - 实体缓存<Menu>总次数29，一级命中26（89.66%）
21:14:51.564 6 W - Select * From Menu Order By ID Desc
21:14:51.574 6 W - Select * From Role Order By ID Desc
21:14:51.584 6 W - 实体缓存<RoleMenu>总次数14，一级命中12（85.71%）
21:14:51.584 6 W - Select * From RoleMenu Order By ID Desc
21:14:52.754 8 W - Select * From Role Order By ID Desc
21:14:52.754 8 W - Select * From RoleMenu Order By ID Desc
21:14:54.144 8 W - Select * From Role Order By ID Desc
21:14:54.144 8 W - Select * From RoleMenu Order By ID Desc
21:14:55.304 7 W - Select * From Role Order By ID Desc limit 20
21:14:55.304 7 W - Select Count(*) From Role
21:14:55.974 7 W - Select * From Role Order By ID Desc
21:14:55.984 7 W - Select * From RoleMenu Order By ID Desc
21:17:04.631 5 W - Select * From Menu Order By ID Desc
21:17:04.631 5 W - Select * From Role Order By ID Desc
21:17:04.651 5 W - Select * From RoleMenu Order By ID Desc
21:17:06.161 7 W - Select * From Role Order By ID Desc
21:17:06.161 7 W - Select * From RoleMenu Order By ID Desc
21:17:07.301 7 W - Select * From Role Order By ID Desc
21:17:07.301 7 W - Select * From RoleMenu Order By ID Desc
21:17:08.381 7 W - Select * From Role Order By ID Desc limit 20
21:17:08.381 7 W - Select Count(*) From Role
21:17:09.281 7 W - Select * From Role Order By ID Desc
21:17:09.281 7 W - Select * From RoleMenu Order By ID Desc
21:20:46.387 6 W - Select * From Menu Order By ID Desc
21:20:46.397 6 W - Select * From Role Order By ID Desc
21:20:46.407 6 W - Select * From RoleMenu Order By ID Desc
21:20:49.128 6 W - Select * From Role Order By ID Desc
21:20:49.128 6 W - Select * From RoleMenu Order By ID Desc
21:26:39.755 6 W - 实体缓存<Menu>总次数62，一级命中56（90.32%）
21:26:39.755 6 W - Select * From Menu Order By ID Desc
21:26:39.755 6 W - Select * From Role Order By ID Desc
21:26:39.765 6 W - 实体缓存<RoleMenu>总次数24，一级命中12（50.00%）
21:26:39.765 6 W - Select * From RoleMenu Order By ID Desc
21:26:42.055 6 W - Select * From Role Order By ID Desc
21:26:42.055 6 W - Select * From RoleMenu Order By ID Desc
21:26:45.315 6 W - Select * From Role Order By ID Desc limit 20
21:26:45.315 6 W - Select Count(*) From Role
21:26:46.155 5 W - Select * From Role Order By ID Desc
21:26:46.155 5 W - Select * From RoleMenu Order By ID Desc
21:32:06.436 6 W - Select * From Menu Order By ID Desc
21:32:06.436 6 W - Select * From Role Order By ID Desc
21:32:06.436 6 W - Select * From RoleMenu Order By ID Desc
21:32:08.016 7 W - Select * From Role Order By ID Desc
21:32:08.016 7 W - Select * From RoleMenu Order By ID Desc
21:33:02.040 6 W - Select * From Role Order By ID Desc
21:33:02.050 6 W - Select * From RoleMenu Order By ID Desc
21:33:03.840 6 W - Select * From Role Order By ID Desc
21:33:03.840 6 W - Select * From RoleMenu Order By ID Desc
21:39:14.271 7 W - 实体缓存<Menu>总次数84，一级命中76（90.48%）
21:39:14.271 7 W - Select * From Menu Order By ID Desc
21:39:14.281 7 W - Select * From Role Order By ID Desc
21:39:14.281 7 W - 实体缓存<RoleMenu>总次数31，一级命中12（38.71%）
21:39:14.281 7 W - Select * From RoleMenu Order By ID Desc
21:39:15.891 7 W - Select * From Role Order By ID Desc
21:39:15.891 7 W - Select * From RoleMenu Order By ID Desc

#Software: w3wp
#ProcessID: 2112
#AppDomain: /LM/W3SVC/3/ROOT-2-130111137324822561
#FileName: c:\windows\system32\inetsrv\w3wp.exe
#BaseDirectory: F:\Code\test\WebCssDemo\Web\
#CurrentDirectory: c:\windows\system32\inetsrv
#CommandLine: -ap "Demo" -v "v2.0" -l "webengine4.dll" -a \\.\pipe\iisipm4b2f7744-7a65-4295-80a7-0768a617eb60 -h "C:\inetpub\temp\apppools\Demo\Demo.config" -w "" -m 0 -t 20
#ApplicationType: Web
#CLR: 2.0.50727.5466
#OS: Windows 7 Service Pack 1, Demo/XYF-PC
#Date: 2013-04-22
#Fields: Time ThreadID IsPoolThread ThreadName Message
22:37:53.341 8 W - NewLife.Core v3.8.2013.0308 Build 2013-03-11 21:17:26
22:37:53.351 8 W - NewLife.XCode v8.9.2013.0310 Build 2013-03-11 21:17:28
22:37:53.351 8 W - XCode.Negative.NoDelete设置为True，不会删除数据表多余字段
22:37:53.351 8 W - 检查实体NewLife.CommonEntity.Administrator的数据表架构，模式：CheckTableWhenFirstUse
22:37:53.461 8 W - GetSchema("MetaDataCollections")
22:37:53.481 8 W - GetSchema("Tables")
22:37:53.501 8 W - GetSchema("Columns")
22:37:53.571 8 W - GetSchema("Indexes")
22:37:53.571 8 W - GetSchema("IndexColumns")
22:37:53.591 8 W - GetSchema("DataTypes")
22:37:53.651 8 W - GetSchema("ReservedWords")
22:37:53.651 8 W - Select Count(*) From Administrator
22:37:53.661 8 W - 初始化NewLife.CommonEntity.Administrator数据
22:37:53.671 8 W - 一级缓存：关闭缓存
22:37:53.721 8 W - 开始检查连接[Common/SQLite]的数据库架构……
22:37:53.771 8 W - [Common]的所有实体类（17个）：Department,Sequence,GuidCategory,Administrator,Menu,Role,RoleMenu,Log,Area,User,Simple,SimpleTree,Setting,Statistics,UserProfile,Attachment,Category
22:37:53.771 8 W - [Common]需要检查架构的实体类（0个）：
22:37:53.771 8 W - 检查连接[Common/SQLite]的数据库架构耗时00:00:00.0488424
22:37:53.771 8 W - Select * From Administrator Order By ID Desc
22:37:53.851 8 W - Update Administrator Set Logins=Logins+1, LastLogin='2013-04-22 22:37:53' Where ID=1
22:37:53.901 8 W - 检查实体NewLife.CommonEntity.Log的数据表架构，模式：CheckTableWhenFirstUse
22:37:53.901 8 W - 初始化NewLife.CommonEntity.Log数据
22:37:53.901 8 W - Insert Into Log(Category, Action, UserID, UserName, IP, OccurTime, Remark) Values('管理员', '自动登录', 0, null, '::1', '2013-04-22 22:37:53', 'admin');Select last_insert_rowid() newid
22:37:53.941 8 W - 检查实体NewLife.CommonEntity.Menu的数据表架构，模式：CheckTableWhenFirstUse
22:37:53.941 8 W - 初始化NewLife.CommonEntity.Menu数据
22:37:53.951 8 W - Select Count(*) From Menu
22:37:53.951 8 W - Select * From Menu Order By ID Desc
22:37:53.991 8 W - 检查实体NewLife.CommonEntity.Role的数据表架构，模式：CheckTableWhenFirstUse
22:37:53.991 8 W - 初始化NewLife.CommonEntity.Role数据
22:37:54.011 8 W - Select Count(*) From Role
22:37:54.011 8 W - 检查实体NewLife.CommonEntity.RoleMenu的数据表架构，模式：CheckTableWhenFirstUse
22:37:54.011 8 W - Select Count(*) From RoleMenu
22:37:54.011 8 W - 初始化NewLife.CommonEntity.RoleMenu数据
22:37:54.011 8 W - 如果某一个菜单对应的RoleMenu（角色菜单对应关系）为空或者只有一个，则授权第一个角色访问所有菜单！
22:37:54.021 8 W - Select * From RoleMenu Order By ID Desc
22:37:54.041 8 W - Select * From RoleMenu Where RoleID Not In(Select ID From Role) Or MenuID Not In(Select ID From Menu) Order By ID Desc
22:37:54.041 8 W - Select * From Role Order By ID Desc
22:37:55.361 8 W - Select * From Role Order By ID Desc
22:37:55.381 8 W - Select * From RoleMenu Order By ID Desc
22:37:56.911 6 W - Select * From Role Order By ID Desc
22:37:56.911 6 W - Select * From RoleMenu Order By ID Desc
22:37:58.461 5 W - Select * From RoleMenu Order By ID Desc
22:37:58.461 5 W - Insert Into Log(Category, Action, UserID, UserName, IP, OccurTime, Remark) Values('角色和菜单', '删除', 1, '管理员', '::1', '2013-04-22 22:37:58', 'Role=3,Menu=1,Permission=All');Select last_insert_rowid() newid
22:37:58.521 5 W - Delete From RoleMenu Where ID=7
22:37:58.521 5 W - Select * From RoleMenu Order By ID Desc
22:38:00.171 6 W - Select * From RoleMenu Order By ID Desc
22:38:00.181 6 W - Insert Into Log(Category, Action, UserID, UserName, IP, OccurTime, Remark) Values('角色和菜单', '添加', 1, '管理员', '::1', '2013-04-22 22:38:00', 'Role=3,Menu=1,Permission=All');Select last_insert_rowid() newid
22:38:00.191 6 W - Select * From RoleMenu Where RoleID=3 And MenuID=1 Order By ID Desc
22:38:00.191 6 W - Insert Into RoleMenu(RoleID, MenuID, Permission) Values(3, 1, 1);Select last_insert_rowid() newid
22:38:00.201 6 W - Select * From RoleMenu Order By ID Desc
22:38:01.381 6 W - Select * From RoleMenu Order By ID Desc
22:38:01.381 6 W - Insert Into Log(Category, Action, UserID, UserName, IP, OccurTime, Remark) Values('角色和菜单', '删除', 1, '管理员', '::1', '2013-04-22 22:38:01', 'Role=3,Menu=1,Permission=All');Select last_insert_rowid() newid
22:38:01.381 6 W - Delete From RoleMenu Where ID=10
22:38:01.391 6 W - Select * From RoleMenu Order By ID Desc
22:38:02.501 7 W - Select * From RoleMenu Order By ID Desc
22:38:02.511 7 W - Insert Into Log(Category, Action, UserID, UserName, IP, OccurTime, Remark) Values('角色和菜单', '添加', 1, '管理员', '::1', '2013-04-22 22:38:02', 'Role=3,Menu=1,Permission=All');Select last_insert_rowid() newid
22:38:02.511 7 W - Select * From RoleMenu Where RoleID=3 And MenuID=1 Order By ID Desc
22:38:02.511 7 W - Insert Into RoleMenu(RoleID, MenuID, Permission) Values(3, 1, 1);Select last_insert_rowid() newid
22:38:02.511 7 W - Select * From RoleMenu Order By ID Desc
22:38:03.511 5 W - Select * From RoleMenu Order By ID Desc
22:38:03.511 5 W - Insert Into Log(Category, Action, UserID, UserName, IP, OccurTime, Remark) Values('角色和菜单', '删除', 1, '管理员', '::1', '2013-04-22 22:38:03', 'Role=3,Menu=1,Permission=All');Select last_insert_rowid() newid
22:38:03.511 5 W - Delete From RoleMenu Where ID=11
22:38:03.511 5 W - Select * From RoleMenu Order By ID Desc
22:38:04.311 6 W - Select * From RoleMenu Order By ID Desc
22:38:04.311 6 W - Insert Into Log(Category, Action, UserID, UserName, IP, OccurTime, Remark) Values('角色和菜单', '添加', 1, '管理员', '::1', '2013-04-22 22:38:04', 'Role=3,Menu=1,Permission=All');Select last_insert_rowid() newid
22:38:04.311 6 W - Select * From RoleMenu Where RoleID=3 And MenuID=1 Order By ID Desc
22:38:04.311 6 W - Insert Into RoleMenu(RoleID, MenuID, Permission) Values(3, 1, 1);Select last_insert_rowid() newid
22:38:04.311 6 W - Select * From RoleMenu Order By ID Desc
22:38:05.041 5 W - Select * From RoleMenu Order By ID Desc
22:38:05.041 5 W - Insert Into Log(Category, Action, UserID, UserName, IP, OccurTime, Remark) Values('角色和菜单', '删除', 1, '管理员', '::1', '2013-04-22 22:38:05', 'Role=3,Menu=1,Permission=All');Select last_insert_rowid() newid
22:38:05.041 5 W - Delete From RoleMenu Where ID=12
22:38:05.041 5 W - Select * From RoleMenu Order By ID Desc
22:38:05.831 6 W - Select * From RoleMenu Order By ID Desc
22:38:05.831 6 W - Insert Into Log(Category, Action, UserID, UserName, IP, OccurTime, Remark) Values('角色和菜单', '添加', 1, '管理员', '::1', '2013-04-22 22:38:05', 'Role=3,Menu=1,Permission=All');Select last_insert_rowid() newid
22:38:05.831 6 W - Select * From RoleMenu Where RoleID=3 And MenuID=1 Order By ID Desc
22:38:05.831 6 W - Insert Into RoleMenu(RoleID, MenuID, Permission) Values(3, 1, 1);Select last_insert_rowid() newid
22:38:05.841 6 W - Select * From RoleMenu Order By ID Desc
22:38:06.671 6 W - Select * From RoleMenu Order By ID Desc
22:38:06.681 6 W - Insert Into Log(Category, Action, UserID, UserName, IP, OccurTime, Remark) Values('角色和菜单', '删除', 1, '管理员', '::1', '2013-04-22 22:38:06', 'Role=3,Menu=1,Permission=All');Select last_insert_rowid() newid
22:38:06.681 6 W - Delete From RoleMenu Where ID=13
22:38:06.681 6 W - Select * From RoleMenu Order By ID Desc
22:38:07.341 6 W - Select * From RoleMenu Order By ID Desc
22:38:07.341 6 W - Insert Into Log(Category, Action, UserID, UserName, IP, OccurTime, Remark) Values('角色和菜单', '添加', 1, '管理员', '::1', '2013-04-22 22:38:07', 'Role=3,Menu=1,Permission=All');Select last_insert_rowid() newid
22:38:07.341 6 W - Select * From RoleMenu Where RoleID=3 And MenuID=1 Order By ID Desc
22:38:07.341 6 W - Insert Into RoleMenu(RoleID, MenuID, Permission) Values(3, 1, 1);Select last_insert_rowid() newid
22:38:07.341 6 W - Select * From RoleMenu Order By ID Desc
22:38:08.291 6 W - Select * From RoleMenu Order By ID Desc
22:38:08.301 6 W - Insert Into Log(Category, Action, UserID, UserName, IP, OccurTime, Remark) Values('角色和菜单', '删除', 1, '管理员', '::1', '2013-04-22 22:38:08', 'Role=3,Menu=1,Permission=All');Select last_insert_rowid() newid
22:38:08.301 6 W - Delete From RoleMenu Where ID=14
22:38:08.301 6 W - Select * From RoleMenu Order By ID Desc
22:39:11.424 8 W - Select * From Menu Order By ID Desc
22:39:11.424 8 W - Select * From RoleMenu Order By ID Desc
22:39:11.424 8 W - Select * From Role Order By ID Desc
22:39:11.434 8 W - Select * From RoleMenu Order By ID Desc
22:39:13.024 7 W - Select * From Role Order By ID Desc
22:39:13.034 7 W - Select * From RoleMenu Order By ID Desc
22:39:15.114 7 W - Select * From RoleMenu Order By ID Desc
22:39:15.114 7 W - Insert Into Log(Category, Action, UserID, UserName, IP, OccurTime, Remark) Values('角色和菜单', '删除', 1, '管理员', '::1', '2013-04-22 22:39:15', 'Role=3,Menu=4,Permission=All');Select last_insert_rowid() newid
22:39:15.114 7 W - Delete From RoleMenu Where ID=9
22:39:15.114 7 W - Select * From RoleMenu Order By ID Desc
22:39:15.714 5 W - Select * From RoleMenu Order By ID Desc
22:39:15.724 5 W - Insert Into Log(Category, Action, UserID, UserName, IP, OccurTime, Remark) Values('角色和菜单', '添加', 1, '管理员', '::1', '2013-04-22 22:39:15', 'Role=3,Menu=4,Permission=All');Select last_insert_rowid() newid
22:39:15.724 5 W - Select * From RoleMenu Where RoleID=3 And MenuID=4 Order By ID Desc
22:39:15.724 5 W - Insert Into RoleMenu(RoleID, MenuID, Permission) Values(3, 4, 1);Select last_insert_rowid() newid
22:39:15.724 5 W - Insert Into Log(Category, Action, UserID, UserName, IP, OccurTime, Remark) Values('角色和菜单', '添加', 1, '管理员', '::1', '2013-04-22 22:39:15', 'Role=3,Menu=1,Permission=All');Select last_insert_rowid() newid
22:39:15.724 5 W - Select * From RoleMenu Where RoleID=3 And MenuID=1 Order By ID Desc
22:39:15.724 5 W - Insert Into RoleMenu(RoleID, MenuID, Permission) Values(3, 1, 1);Select last_insert_rowid() newid
22:39:15.724 5 W - Select * From RoleMenu Order By ID Desc
22:39:15.804 5 W - Select * From RoleMenu Order By ID Desc
22:39:17.554 5 W - Select * From RoleMenu Order By ID Desc
22:39:17.564 5 W - Insert Into Log(Category, Action, UserID, UserName, IP, OccurTime, Remark) Values('角色和菜单', '修改', 1, '管理员', '::1', '2013-04-22 22:39:17', 'Role=3,Menu=4,Permission=All, Insert');Select last_insert_rowid() newid
22:39:17.564 5 W - Update RoleMenu Set Permission=3 Where ID=15
22:39:17.564 5 W - Select * From RoleMenu Order By ID Desc
22:39:17.944 6 W - Select * From RoleMenu Order By ID Desc
22:39:17.954 6 W - Insert Into Log(Category, Action, UserID, UserName, IP, OccurTime, Remark) Values('角色和菜单', '修改', 1, '管理员', '::1', '2013-04-22 22:39:17', 'Role=3,Menu=4,Permission=All, Insert, Update');Select last_insert_rowid() newid
22:39:17.954 6 W - Update RoleMenu Set Permission=7 Where ID=15
22:39:17.954 6 W - Select * From RoleMenu Order By ID Desc
22:39:18.844 7 W - Select * From RoleMenu Order By ID Desc
22:39:18.844 7 W - Insert Into Log(Category, Action, UserID, UserName, IP, OccurTime, Remark) Values('角色和菜单', '修改', 1, '管理员', '::1', '2013-04-22 22:39:18', 'Role=3,Menu=4,Permission=All, Insert, Update, Delete');Select last_insert_rowid() newid
22:39:18.844 7 W - Update RoleMenu Set Permission=15 Where ID=15
22:39:18.844 7 W - Select * From RoleMenu Order By ID Desc
22:39:19.834 7 W - Select * From RoleMenu Order By ID Desc
22:39:19.834 7 W - Insert Into Log(Category, Action, UserID, UserName, IP, OccurTime, Remark) Values('角色和菜单', '修改', 1, '管理员', '::1', '2013-04-22 22:39:19', 'Role=3,Menu=4,Permission=All, Insert, Update');Select last_insert_rowid() newid
22:39:19.834 7 W - Update RoleMenu Set Permission=7 Where ID=15
22:39:19.844 7 W - Select * From RoleMenu Order By ID Desc
22:39:20.374 7 W - Select * From RoleMenu Order By ID Desc
22:39:20.384 7 W - Insert Into Log(Category, Action, UserID, UserName, IP, OccurTime, Remark) Values('角色和菜单', '修改', 1, '管理员', '::1', '2013-04-22 22:39:20', 'Role=3,Menu=4,Permission=All, Insert');Select last_insert_rowid() newid
22:39:20.384 7 W - Update RoleMenu Set Permission=3 Where ID=15
22:39:20.384 7 W - Select * From RoleMenu Order By ID Desc
22:39:20.844 6 W - Select * From RoleMenu Order By ID Desc
22:39:20.854 6 W - Insert Into Log(Category, Action, UserID, UserName, IP, OccurTime, Remark) Values('角色和菜单', '修改', 1, '管理员', '::1', '2013-04-22 22:39:20', 'Role=3,Menu=4,Permission=All');Select last_insert_rowid() newid
22:39:20.854 6 W - Update RoleMenu Set Permission=1 Where ID=15
22:39:20.854 6 W - Select * From RoleMenu Order By ID Desc
22:39:23.374 7 W - Select * From RoleMenu Order By ID Desc
22:39:23.374 7 W - Insert Into Log(Category, Action, UserID, UserName, IP, OccurTime, Remark) Values('角色和菜单', '删除', 1, '管理员', '::1', '2013-04-22 22:39:23', 'Role=3,Menu=4,Permission=All');Select last_insert_rowid() newid
22:39:23.374 7 W - Delete From RoleMenu Where ID=15
22:39:23.374 7 W - Select * From RoleMenu Order By ID Desc
22:39:24.324 5 W - Select * From RoleMenu Order By ID Desc
22:39:24.324 5 W - Insert Into Log(Category, Action, UserID, UserName, IP, OccurTime, Remark) Values('角色和菜单', '添加', 1, '管理员', '::1', '2013-04-22 22:39:24', 'Role=3,Menu=4,Permission=All');Select last_insert_rowid() newid
22:39:24.324 5 W - Select * From RoleMenu Where RoleID=3 And MenuID=4 Order By ID Desc
22:39:24.324 5 W - Insert Into RoleMenu(RoleID, MenuID, Permission) Values(3, 4, 1);Select last_insert_rowid() newid
22:39:24.324 5 W - Select * From RoleMenu Order By ID Desc
22:39:29.584 7 W - Select * From RoleMenu Order By ID Desc
22:39:30.984 5 W - Select * From RoleMenu Order By ID Desc
22:39:34.994 7 W - Select * From RoleMenu Order By ID Desc
22:39:38.084 7 W - Select * From RoleMenu Order By ID Desc
22:39:38.094 7 W - Insert Into Log(Category, Action, UserID, UserName, IP, OccurTime, Remark) Values('角色和菜单', '删除', 1, '管理员', '::1', '2013-04-22 22:39:38', 'Role=3,Menu=1,Permission=All');Select last_insert_rowid() newid
22:39:38.094 7 W - Delete From RoleMenu Where ID=16
22:39:38.094 7 W - Select * From RoleMenu Order By ID Desc
22:39:38.894 8 W - Select * From RoleMenu Order By ID Desc
22:39:38.894 8 W - Insert Into Log(Category, Action, UserID, UserName, IP, OccurTime, Remark) Values('角色和菜单', '删除', 1, '管理员', '::1', '2013-04-22 22:39:38', 'Role=3,Menu=3,Permission=All');Select last_insert_rowid() newid
22:39:38.894 8 W - Delete From RoleMenu Where ID=8
22:39:38.894 8 W - Select * From RoleMenu Order By ID Desc
22:39:39.294 8 W - Select * From RoleMenu Order By ID Desc
22:39:39.304 8 W - Insert Into Log(Category, Action, UserID, UserName, IP, OccurTime, Remark) Values('角色和菜单', '删除', 1, '管理员', '::1', '2013-04-22 22:39:39', 'Role=3,Menu=4,Permission=All');Select last_insert_rowid() newid
22:39:39.304 8 W - Delete From RoleMenu Where ID=17
22:39:39.304 8 W - Select * From RoleMenu Order By ID Desc
22:40:03.294 7 W - Select * From Role Order By ID Desc
22:40:03.294 7 W - Select * From RoleMenu Order By ID Desc
22:40:05.234 6 W - Select * From RoleMenu Order By ID Desc
22:40:05.234 6 W - Insert Into Log(Category, Action, UserID, UserName, IP, OccurTime, Remark) Values('角色和菜单', '添加', 1, '管理员', '::1', '2013-04-22 22:40:05', 'Role=3,Menu=4,Permission=All');Select last_insert_rowid() newid
22:40:05.234 6 W - Select * From RoleMenu Where RoleID=3 And MenuID=4 Order By ID Desc
22:40:05.234 6 W - Insert Into RoleMenu(RoleID, MenuID, Permission) Values(3, 4, 1);Select last_insert_rowid() newid
22:40:05.234 6 W - Insert Into Log(Category, Action, UserID, UserName, IP, OccurTime, Remark) Values('角色和菜单', '添加', 1, '管理员', '::1', '2013-04-22 22:40:05', 'Role=3,Menu=3,Permission=All');Select last_insert_rowid() newid
22:40:05.234 6 W - Select * From RoleMenu Where RoleID=3 And MenuID=3 Order By ID Desc
22:40:05.234 6 W - Insert Into RoleMenu(RoleID, MenuID, Permission) Values(3, 3, 1);Select last_insert_rowid() newid
22:40:05.234 6 W - Select * From RoleMenu Order By ID Desc
22:40:05.234 6 W - Insert Into Log(Category, Action, UserID, UserName, IP, OccurTime, Remark) Values('角色和菜单', '添加', 1, '管理员', '::1', '2013-04-22 22:40:05', 'Role=3,Menu=1,Permission=All');Select last_insert_rowid() newid
22:40:05.234 6 W - Select * From RoleMenu Where RoleID=3 And MenuID=1 Order By ID Desc
22:40:05.234 6 W - Insert Into RoleMenu(RoleID, MenuID, Permission) Values(3, 1, 1);Select last_insert_rowid() newid
22:40:05.234 6 W - Select * From RoleMenu Order By ID Desc
22:40:05.244 6 W - Select * From RoleMenu Order By ID Desc
22:40:05.784 7 W - Select * From RoleMenu Order By ID Desc
22:40:05.784 7 W - Insert Into Log(Category, Action, UserID, UserName, IP, OccurTime, Remark) Values('角色和菜单', '修改', 1, '管理员', '::1', '2013-04-22 22:40:05', 'Role=3,Menu=4,Permission=None');Select last_insert_rowid() newid
22:40:05.794 7 W - Update RoleMenu Set Permission=0 Where ID=18
22:40:05.794 7 W - Select * From RoleMenu Order By ID Desc
22:40:07.644 7 W - Select * From RoleMenu Order By ID Desc
22:40:07.654 7 W - Insert Into Log(Category, Action, UserID, UserName, IP, OccurTime, Remark) Values('角色和菜单', '删除', 1, '管理员', '::1', '2013-04-22 22:40:07', 'Role=3,Menu=1,Permission=All');Select last_insert_rowid() newid
22:40:07.654 7 W - Delete From RoleMenu Where ID=20
22:40:07.654 7 W - Select * From RoleMenu Order By ID Desc
22:40:08.314 7 W - Select * From RoleMenu Order By ID Desc
22:40:08.314 7 W - Insert Into Log(Category, Action, UserID, UserName, IP, OccurTime, Remark) Values('角色和菜单', '删除', 1, '管理员', '::1', '2013-04-22 22:40:08', 'Role=3,Menu=4,Permission=None');Select last_insert_rowid() newid
22:40:08.314 7 W - Delete From RoleMenu Where ID=18
22:40:08.314 7 W - Select * From RoleMenu Order By ID Desc
22:40:08.934 6 W - Select * From RoleMenu Order By ID Desc
22:40:08.934 6 W - Insert Into Log(Category, Action, UserID, UserName, IP, OccurTime, Remark) Values('角色和菜单', '删除', 1, '管理员', '::1', '2013-04-22 22:40:08', 'Role=3,Menu=3,Permission=All');Select last_insert_rowid() newid
22:40:08.934 6 W - Delete From RoleMenu Where ID=19
22:40:08.934 6 W - Select * From RoleMenu Order By ID Desc
22:40:28.007 6 W - Select * From Menu Order By ID Desc
22:40:28.007 6 W - Select * From Role Order By ID Desc
22:40:28.007 6 W - Select * From RoleMenu Order By ID Desc
22:40:29.517 5 W - Select * From Role Order By ID Desc
22:40:29.517 5 W - Select * From RoleMenu Order By ID Desc
22:40:40.007 5 W - Select * From Role Order By ID Desc
22:40:40.017 5 W - Select * From RoleMenu Order By ID Desc
22:40:41.277 6 W - Select * From Role Order By ID Desc
22:40:41.277 6 W - Select * From RoleMenu Order By ID Desc
22:40:42.667 6 W - Select * From Role Order By ID Desc
22:40:42.677 6 W - Select * From RoleMenu Order By ID Desc
22:40:45.017 7 W - Select * From Role Order By ID Desc
22:40:45.017 7 W - Select * From RoleMenu Order By ID Desc
22:40:51.417 6 W - Select * From Role Order By ID Desc
22:40:51.417 6 W - Select * From RoleMenu Order By ID Desc
22:41:47.617 7 W - Select * From Menu Order By ID Desc
22:41:47.617 7 W - Select * From Role Order By ID Desc
22:41:47.627 7 W - Select * From RoleMenu Order By ID Desc
22:41:52.927 8 W - Select * From RoleMenu Order By ID Desc
22:41:52.937 8 W - Insert Into Log(Category, Action, UserID, UserName, IP, OccurTime, Remark) Values('角色和菜单', '添加', 1, '管理员', '::1', '2013-04-22 22:41:52', 'Role=3,Menu=4,Permission=All');Select last_insert_rowid() newid
22:41:52.937 8 W - Select * From RoleMenu Where RoleID=3 And MenuID=4 Order By ID Desc
22:41:52.937 8 W - Insert Into RoleMenu(RoleID, MenuID, Permission) Values(3, 4, 1);Select last_insert_rowid() newid
22:41:52.937 8 W - Insert Into Log(Category, Action, UserID, UserName, IP, OccurTime, Remark) Values('角色和菜单', '添加', 1, '管理员', '::1', '2013-04-22 22:41:52', 'Role=3,Menu=3,Permission=All');Select last_insert_rowid() newid
22:41:52.937 8 W - Select * From RoleMenu Where RoleID=3 And MenuID=3 Order By ID Desc
22:41:52.937 8 W - Insert Into RoleMenu(RoleID, MenuID, Permission) Values(3, 3, 1);Select last_insert_rowid() newid
22:41:52.937 8 W - Select * From RoleMenu Order By ID Desc
22:41:52.937 8 W - Insert Into Log(Category, Action, UserID, UserName, IP, OccurTime, Remark) Values('角色和菜单', '添加', 1, '管理员', '::1', '2013-04-22 22:41:52', 'Role=3,Menu=1,Permission=All');Select last_insert_rowid() newid
22:41:52.937 8 W - Select * From RoleMenu Where RoleID=3 And MenuID=1 Order By ID Desc
22:41:52.937 8 W - Insert Into RoleMenu(RoleID, MenuID, Permission) Values(3, 1, 1);Select last_insert_rowid() newid
22:41:52.937 8 W - Select * From RoleMenu Order By ID Desc
22:41:52.937 8 W - Select * From RoleMenu Order By ID Desc
22:41:53.737 7 W - Select * From RoleMenu Order By ID Desc
22:41:53.747 7 W - Insert Into Log(Category, Action, UserID, UserName, IP, OccurTime, Remark) Values('角色和菜单', '修改', 1, '管理员', '::1', '2013-04-22 22:41:53', 'Role=3,Menu=4,Permission=None');Select last_insert_rowid() newid
22:41:53.747 7 W - Update RoleMenu Set Permission=0 Where ID=21
22:41:53.747 7 W - Select * From RoleMenu Order By ID Desc
22:41:54.987 5 W - Select * From RoleMenu Order By ID Desc
22:41:54.987 5 W - Insert Into Log(Category, Action, UserID, UserName, IP, OccurTime, Remark) Values('角色和菜单', '删除', 1, '管理员', '::1', '2013-04-22 22:41:54', 'Role=3,Menu=1,Permission=All');Select last_insert_rowid() newid
22:41:54.987 5 W - Delete From RoleMenu Where ID=23
22:41:54.997 5 W - Select * From RoleMenu Order By ID Desc
22:41:55.917 7 W - Select * From RoleMenu Order By ID Desc
22:41:55.927 7 W - Insert Into Log(Category, Action, UserID, UserName, IP, OccurTime, Remark) Values('角色和菜单', '删除', 1, '管理员', '::1', '2013-04-22 22:41:55', 'Role=3,Menu=4,Permission=None');Select last_insert_rowid() newid
22:41:55.927 7 W - Delete From RoleMenu Where ID=21
22:41:55.927 7 W - Select * From RoleMenu Order By ID Desc
22:41:57.697 5 W - Select * From RoleMenu Order By ID Desc
22:41:57.697 5 W - Insert Into Log(Category, Action, UserID, UserName, IP, OccurTime, Remark) Values('角色和菜单', '删除', 1, '管理员', '::1', '2013-04-22 22:41:57', 'Role=3,Menu=3,Permission=All');Select last_insert_rowid() newid
22:41:57.697 5 W - Delete From RoleMenu Where ID=22
22:41:57.707 5 W - Select * From RoleMenu Order By ID Desc
22:42:04.357 7 W - Select * From Role Order By ID Desc
22:42:04.357 7 W - Select * From RoleMenu Order By ID Desc
22:42:20.707 7 W - Select * From Role Order By ID Desc
22:42:20.707 7 W - Select * From RoleMenu Order By ID Desc
22:44:52.667 5 W - Select * From Menu Order By ID Desc
22:44:52.667 5 W - Select * From RoleMenu Order By ID Desc
22:44:54.757 7 W - Select * From RoleMenu Order By ID Desc
22:44:54.757 7 W - Insert Into Log(Category, Action, UserID, UserName, IP, OccurTime, Remark) Values('角色和菜单', '添加', 1, '管理员', '::1', '2013-04-22 22:44:54', 'Role=2,Menu=3,Permission=All');Select last_insert_rowid() newid
22:44:54.757 7 W - Select * From RoleMenu Where RoleID=2 And MenuID=3 Order By ID Desc
22:44:54.757 7 W - Insert Into RoleMenu(RoleID, MenuID, Permission) Values(2, 3, 1);Select last_insert_rowid() newid
22:44:54.757 7 W - Insert Into Log(Category, Action, UserID, UserName, IP, OccurTime, Remark) Values('角色和菜单', '添加', 1, '管理员', '::1', '2013-04-22 22:44:54', 'Role=2,Menu=1,Permission=All');Select last_insert_rowid() newid
22:44:54.757 7 W - Select * From RoleMenu Where RoleID=2 And MenuID=1 Order By ID Desc
22:44:54.757 7 W - Insert Into RoleMenu(RoleID, MenuID, Permission) Values(2, 1, 1);Select last_insert_rowid() newid
22:44:54.757 7 W - Select * From RoleMenu Order By ID Desc
22:44:54.767 7 W - Select * From RoleMenu Order By ID Desc
22:44:56.017 7 W - Select * From RoleMenu Order By ID Desc
22:44:56.027 7 W - Insert Into Log(Category, Action, UserID, UserName, IP, OccurTime, Remark) Values('角色和菜单', '删除', 1, '管理员', '::1', '2013-04-22 22:44:56', 'Role=2,Menu=3,Permission=All');Select last_insert_rowid() newid
22:44:56.027 7 W - Delete From RoleMenu Where ID=24
22:44:56.027 7 W - Select * From RoleMenu Order By ID Desc
22:45:08.737 5 W - Select * From RoleMenu Order By ID Desc
22:45:09.057 5 W - Insert Into Log(Category, Action, UserID, UserName, IP, OccurTime, Remark) Values('角色和菜单', '删除', 1, '管理员', '::1', '2013-04-22 22:45:09', 'Role=2,Menu=1,Permission=All');Select last_insert_rowid() newid
22:45:09.067 5 W - Delete From RoleMenu Where ID=25
22:45:09.067 5 W - Select * From RoleMenu Order By ID Desc

#Software: w3wp
#ProcessID: 2112
#AppDomain: /LM/W3SVC/3/ROOT-3-130111157636068453
#FileName: c:\windows\system32\inetsrv\w3wp.exe
#BaseDirectory: F:\Code\test\WebCssDemo\Web\
#CurrentDirectory: c:\windows\system32\inetsrv
#CommandLine: -ap "Demo" -v "v2.0" -l "webengine4.dll" -a \\.\pipe\iisipm4b2f7744-7a65-4295-80a7-0768a617eb60 -h "C:\inetpub\temp\apppools\Demo\Demo.config" -w "" -m 0 -t 20
#ApplicationType: Web
#CLR: 2.0.50727.5466
#OS: Windows 7 Service Pack 1, Demo/XYF-PC
#Date: 2013-04-22
#Fields: Time ThreadID IsPoolThread ThreadName Message
22:49:24.746 7 W - NewLife.Core v3.8.2013.0308 Build 2013-03-11 21:17:26
22:49:24.756 7 W - NewLife.XCode v8.9.2013.0310 Build 2013-03-11 21:17:28
22:49:24.766 7 W - XCode.Negative.NoDelete设置为True，不会删除数据表多余字段
22:49:24.766 7 W - 一级缓存：关闭缓存
22:49:24.886 7 W - GetSchema("MetaDataCollections")
22:49:24.896 7 W - GetSchema("ReservedWords")
22:49:24.916 7 W - 检查实体NewLife.CommonEntity.Menu的数据表架构，模式：CheckTableWhenFirstUse
22:49:24.916 7 W - GetSchema("Tables")
22:49:24.946 7 W - GetSchema("Columns")
22:49:25.006 7 W - GetSchema("Indexes")
22:49:25.016 7 W - GetSchema("IndexColumns")
22:49:25.016 7 W - GetSchema("DataTypes")
22:49:25.096 7 W - 初始化NewLife.CommonEntity.Menu数据
22:49:25.106 7 W - Select Count(*) From Menu
22:49:25.116 7 W - 开始检查连接[Common/SQLite]的数据库架构……
22:49:25.166 7 W - [Common]的所有实体类（17个）：Department,Sequence,GuidCategory,Administrator,Menu,Role,RoleMenu,Log,Area,User,Simple,SimpleTree,Setting,Statistics,UserProfile,Attachment,Category
22:49:25.166 7 W - [Common]需要检查架构的实体类（0个）：
22:49:25.166 7 W - 检查连接[Common/SQLite]的数据库架构耗时00:00:00.0522684
22:49:25.166 7 W - Select * From Menu Order By ID Desc
22:49:25.276 7 W - 检查实体NewLife.CommonEntity.Administrator的数据表架构，模式：CheckTableWhenFirstUse
22:49:25.276 7 W - Select Count(*) From Administrator
22:49:25.276 7 W - 初始化NewLife.CommonEntity.Administrator数据
22:49:25.286 6 W - Select Count(*) From Administrator
22:49:25.286 6 W - Select * From Administrator Order By ID Desc
22:49:25.346 7 W - Update Administrator Set Logins=Logins+1, LastLogin='2013-04-22 22:49:25' Where ID=1
22:49:25.406 7 W - 检查实体NewLife.CommonEntity.Log的数据表架构，模式：CheckTableWhenFirstUse
22:49:25.406 7 W - 初始化NewLife.CommonEntity.Log数据
22:49:25.406 7 W - Insert Into Log(Category, Action, UserID, UserName, IP, OccurTime, Remark) Values('管理员', '自动登录', 0, null, '::1', '2013-04-22 22:49:25', 'admin');Select last_insert_rowid() newid
22:49:25.446 6 W - Select * From Administrator Order By ID Desc
22:49:25.446 7 W - 检查实体NewLife.CommonEntity.Role的数据表架构，模式：CheckTableWhenFirstUse
22:49:25.446 7 W - 初始化NewLife.CommonEntity.Role数据
22:49:25.456 6 W - Insert Into Log(Category, Action, UserID, UserName, IP, OccurTime, Remark) Values('管理员', '自动登录', 0, null, '::1', '2013-04-22 22:49:25', 'admin');Select last_insert_rowid() newid
22:49:25.456 7 W - Select Count(*) From Role
22:49:25.466 7 W - 检查实体NewLife.CommonEntity.RoleMenu的数据表架构，模式：CheckTableWhenFirstUse
22:49:25.466 7 W - Select Count(*) From RoleMenu
22:49:25.466 7 W - 初始化NewLife.CommonEntity.RoleMenu数据
22:49:25.466 7 W - 如果某一个菜单对应的RoleMenu（角色菜单对应关系）为空或者只有一个，则授权第一个角色访问所有菜单！
22:49:25.476 7 W - Select * From RoleMenu Order By ID Desc
22:49:25.496 7 W - Select * From RoleMenu Where RoleID Not In(Select ID From Role) Or MenuID Not In(Select ID From Menu) Order By ID Desc
22:49:25.496 7 W - Select * From Role Order By ID Desc
22:49:25.536 6 W - Select * From Role Order By ID Desc
22:49:25.536 7 W - Select * From Role Order By ID Desc
22:49:25.556 6 W - Select * From RoleMenu Order By ID Desc
22:49:31.486 7 W - Select * From Role Order By ID Desc
22:49:31.486 7 W - Select * From RoleMenu Order By ID Desc
22:49:35.046 5 W - Select * From Role Order By ID Desc
22:49:35.046 5 W - Select * From RoleMenu Order By ID Desc
22:49:37.296 5 W - Select * From Role Order By ID Desc
22:49:37.306 5 W - Select * From RoleMenu Order By ID Desc
22:51:07.660 7 W - Select * From Menu Order By ID Desc
22:51:07.660 7 W - Select * From Role Order By ID Desc
22:51:07.670 7 W - Select * From RoleMenu Order By ID Desc
23:01:36.393 8 W - 实体缓存<Menu>总次数32，一级命中30（93.75%）
23:01:36.393 8 W - Select * From Menu Order By ID Desc
23:01:36.393 8 W - 实体缓存<RoleMenu>总次数19，一级命中12（63.16%），二级命中1（5.26%）
23:01:36.393 8 W - Select * From RoleMenu Order By ID Desc
23:01:36.403 8 W - Insert Into Log(Category, Action, UserID, UserName, IP, OccurTime, Remark) Values('角色和菜单', '添加', 1, '管理员', '::1', '2013-04-22 23:01:36', 'Role=3,Menu=4,Permission=Delete');Select last_insert_rowid() newid
23:01:36.413 8 W - Select * From RoleMenu Where RoleID=3 And MenuID=4 Order By ID Desc
23:01:36.413 8 W - Insert Into RoleMenu(RoleID, MenuID, Permission) Values(3, 4, 8);Select last_insert_rowid() newid
23:01:36.413 8 W - Insert Into Log(Category, Action, UserID, UserName, IP, OccurTime, Remark) Values('角色和菜单', '添加', 1, '管理员', '::1', '2013-04-22 23:01:36', 'Role=3,Menu=3,Permission=All');Select last_insert_rowid() newid
23:01:36.423 8 W - Select * From RoleMenu Where RoleID=3 And MenuID=3 Order By ID Desc
23:01:36.423 8 W - Insert Into RoleMenu(RoleID, MenuID, Permission) Values(3, 3, 1);Select last_insert_rowid() newid
23:01:36.423 8 W - Select * From RoleMenu Order By ID Desc
23:01:36.423 8 W - Insert Into Log(Category, Action, UserID, UserName, IP, OccurTime, Remark) Values('角色和菜单', '添加', 1, '管理员', '::1', '2013-04-22 23:01:36', 'Role=3,Menu=1,Permission=All');Select last_insert_rowid() newid
23:01:36.433 8 W - Select * From RoleMenu Where RoleID=3 And MenuID=1 Order By ID Desc
23:01:36.433 8 W - Insert Into RoleMenu(RoleID, MenuID, Permission) Values(3, 1, 1);Select last_insert_rowid() newid
23:01:36.433 8 W - Select * From RoleMenu Order By ID Desc
23:01:36.433 8 W - Select * From RoleMenu Order By ID Desc
23:06:58.120 8 W - Select * From Menu Order By ID Desc
23:06:58.120 8 W - Select * From RoleMenu Order By ID Desc
23:06:58.120 8 W - Select * From Role Order By ID Desc
23:06:58.130 8 W - Select * From RoleMenu Order By ID Desc
23:06:59.840 7 W - Select * From Role Order By ID Desc
23:06:59.840 7 W - Select * From RoleMenu Order By ID Desc
23:07:29.870 7 W - Select * From Role Order By ID Desc
23:07:29.880 7 W - Select * From RoleMenu Order By ID Desc
23:07:31.620 8 W - Select * From Role Order By ID Desc
23:07:31.620 8 W - Select * From RoleMenu Order By ID Desc
23:07:48.530 8 W - Select * From Role Order By ID Desc
23:07:48.540 8 W - Select * From RoleMenu Order By ID Desc
23:10:28.617 5 W - Select * From Menu Order By ID Desc
23:10:28.617 5 W - Select * From Role Order By ID Desc
23:10:28.617 5 W - Select * From RoleMenu Order By ID Desc
23:10:31.129 8 W - Select * From Role Order By ID Desc
23:10:31.129 8 W - Select * From RoleMenu Order By ID Desc
23:10:34.405 7 W - Select * From Role Order By ID Desc
23:10:34.405 7 W - Select * From RoleMenu Order By ID Desc
23:10:57.093 7 W - Select * From RoleMenu Order By ID Desc
23:10:57.093 7 W - Insert Into Log(Category, Action, UserID, UserName, IP, OccurTime, Remark) Values('角色和菜单', '修改', 1, '管理员', '::1', '2013-04-22 23:10:57', 'Role=3,Menu=4,Permission=Update, Delete');Select last_insert_rowid() newid
23:10:57.093 7 W - Update RoleMenu Set Permission=12 Where ID=26
23:10:57.093 7 W - Select * From RoleMenu Order By ID Desc
23:10:58.247 5 W - Select * From RoleMenu Order By ID Desc
23:10:58.247 5 W - Insert Into Log(Category, Action, UserID, UserName, IP, OccurTime, Remark) Values('角色和菜单', '修改', 1, '管理员', '::1', '2013-04-22 23:10:58', 'Role=3,Menu=4,Permission=Insert, Update, Delete');Select last_insert_rowid() newid
23:10:58.247 5 W - Update RoleMenu Set Permission=14 Where ID=26
23:10:58.247 5 W - Select * From RoleMenu Order By ID Desc
23:10:59.433 5 W - Select * From RoleMenu Order By ID Desc
23:10:59.433 5 W - Insert Into Log(Category, Action, UserID, UserName, IP, OccurTime, Remark) Values('角色和菜单', '修改', 1, '管理员', '::1', '2013-04-22 23:10:59', 'Role=3,Menu=4,Permission=All, Insert, Update, Delete');Select last_insert_rowid() newid
23:10:59.433 5 W - Update RoleMenu Set Permission=15 Where ID=26
23:10:59.433 5 W - Select * From RoleMenu Order By ID Desc
23:11:00.041 5 W - Select * From RoleMenu Order By ID Desc
23:11:00.057 5 W - Insert Into Log(Category, Action, UserID, UserName, IP, OccurTime, Remark) Values('角色和菜单', '修改', 1, '管理员', '::1', '2013-04-22 23:11:00', 'Role=3,Menu=4,Permission=All, Update, Delete');Select last_insert_rowid() newid
23:11:00.057 5 W - Update RoleMenu Set Permission=13 Where ID=26
23:11:00.057 5 W - Select * From RoleMenu Order By ID Desc
23:11:01.211 7 W - Select * From RoleMenu Order By ID Desc
23:11:01.211 7 W - Insert Into Log(Category, Action, UserID, UserName, IP, OccurTime, Remark) Values('角色和菜单', '修改', 1, '管理员', '::1', '2013-04-22 23:11:01', 'Role=3,Menu=4,Permission=All, Update');Select last_insert_rowid() newid
23:11:01.211 7 W - Update RoleMenu Set Permission=5 Where ID=26
23:11:01.211 7 W - Select * From RoleMenu Order By ID Desc
23:11:02.319 5 W - Select * From RoleMenu Order By ID Desc
23:11:02.334 5 W - Insert Into Log(Category, Action, UserID, UserName, IP, OccurTime, Remark) Values('角色和菜单', '修改', 1, '管理员', '::1', '2013-04-22 23:11:02', 'Role=3,Menu=4,Permission=Update');Select last_insert_rowid() newid
23:11:02.334 5 W - Update RoleMenu Set Permission=4 Where ID=26
23:11:02.334 5 W - Select * From RoleMenu Order By ID Desc
23:11:02.865 7 W - Select * From RoleMenu Order By ID Desc
23:11:02.880 7 W - Insert Into Log(Category, Action, UserID, UserName, IP, OccurTime, Remark) Values('角色和菜单', '修改', 1, '管理员', '::1', '2013-04-22 23:11:02', 'Role=3,Menu=4,Permission=None');Select last_insert_rowid() newid
23:11:02.880 7 W - Update RoleMenu Set Permission=0 Where ID=26
23:11:02.880 7 W - Select * From RoleMenu Order By ID Desc
23:14:24.102 5 W - 实体缓存<Menu>总次数81，一级命中76（93.83%）
23:14:24.102 5 W - Select * From Menu Order By ID Desc
23:14:24.102 5 W - 实体缓存<RoleMenu>总次数75，一级命中41（54.67%），二级命中1（1.33%）
23:14:24.102 5 W - Select * From RoleMenu Order By ID Desc
23:14:24.102 5 W - Select * From Role Order By ID Desc
23:14:24.102 5 W - Select * From RoleMenu Order By ID Desc
23:20:24.126 5 W - Select * From Menu Order By ID Desc
23:20:24.126 5 W - Select * From Role Order By ID Desc
23:20:24.126 5 W - Select * From RoleMenu Order By ID Desc
23:20:24.657 8 W - Select * From Role Order By ID Desc
23:20:24.657 8 W - Select * From RoleMenu Order By ID Desc
23:20:27.917 7 W - Select * From RoleMenu Order By ID Desc
23:20:30.070 7 W - Select * From RoleMenu Order By ID Desc
23:20:31.661 7 W - Select * From RoleMenu Order By ID Desc
23:20:32.878 7 W - Select * From RoleMenu Order By ID Desc
23:20:34.048 6 W - Select * From RoleMenu Order By ID Desc
23:20:35.312 6 W - Select * From RoleMenu Order By ID Desc
23:20:40.101 5 W - Select * From Role Order By ID Desc limit 20
23:20:40.101 5 W - Select Count(*) From Role
23:20:42.924 6 W - Select * From Menu Order By ID Desc limit 20
23:20:42.924 6 W - Select Count(*) From Menu
23:20:43.798 6 W - Select * From Role Order By ID Desc
23:20:43.798 6 W - Select * From RoleMenu Order By ID Desc
23:20:44.828 5 W - Select * From Role Order By ID Desc limit 20
23:20:44.828 5 W - Select Count(*) From Role
23:20:45.374 7 W - Select * From Menu Order By ID Desc limit 20
23:20:45.374 7 W - Select Count(*) From Menu
23:21:23.851 5 W - Select * From Menu Order By ID Desc limit 20
23:21:23.867 5 W - Select Count(*) From Menu
23:21:27.096 5 W - Select * From Menu Order By ID Desc
23:21:27.096 5 W - Select * From Role Order By ID Desc
23:21:27.096 5 W - Select * From RoleMenu Order By ID Desc
23:21:40.543 8 W - Select * From RoleMenu Order By ID Desc
23:21:43.554 5 W - Select * From RoleMenu Order By ID Desc
23:21:46.315 8 W - Select * From RoleMenu Order By ID Desc
23:21:48.015 8 W - Select * From RoleMenu Order By ID Desc
23:21:52.415 8 W - Select * From RoleMenu Order By ID Desc
23:21:55.971 7 W - Select * From RoleMenu Order By ID Desc
