#Software: WebDev.WebServer20
#ProcessID: 6524
#AppDomain: c89a2766-1-130107256701036512
#FileName: C:\Program Files\Common Files\Microsoft Shared\DevServer\10.0\WebDev.WebServer20.exe
#BaseDirectory: F:\Code\test\WebCssDemo\Web\
#CurrentDirectory: C:\Program Files\Common Files\Microsoft Shared\DevServer\10.0
#CommandLine: /port:6996 /path:"F:\Code\test\WebCssDemo\Web" /vpath:"/Web"
#ApplicationType: Web
#CLR: 2.0.50727.5466
#OS: Windows 7 Service Pack 1, XYF/XYF-PC
#Date: 2013-04-18
#Fields: Time ThreadID IsPoolThread ThreadName Message
10:52:53.101 9 Y - NewLife.Core v3.8.2013.0308 Build 2013-03-11 21:17:26
10:52:53.117 9 Y - NewLife.XCode v8.9.2013.0310 Build 2013-03-11 21:17:28
10:52:53.117 9 Y - XCode.Negative.NoDelete设置为True，不会删除数据表多余字段
10:52:53.117 9 Y - 检查实体NewLife.CommonEntity.Administrator的数据表架构，模式：CheckTableWhenFirstUse
10:52:53.273 9 Y - GetSchema("MetaDataCollections")
10:52:53.304 9 Y - GetSchema("Tables")
10:52:53.320 9 Y - GetSchema("Columns")
10:52:53.382 9 Y - GetSchema("Indexes")
10:52:53.382 9 Y - GetSchema("IndexColumns")
10:52:53.382 9 Y - GetSchema("DataTypes")
10:52:53.445 9 Y - GetSchema("ReservedWords")
10:52:53.445 9 Y - Select Count(*) From Administrator
10:52:53.445 9 Y - 初始化NewLife.CommonEntity.Administrator数据
10:52:53.460 9 Y - 开始检查连接[Common/SQLite]的数据库架构……
10:52:53.507 9 Y - [Common]的所有实体类（17个）：Department,Sequence,GuidCategory,Administrator,Menu,Role,RoleMenu,Log,Area,User,Simple,SimpleTree,Setting,Statistics,UserProfile,Attachment,Category
10:52:53.507 9 Y - [Common]需要检查架构的实体类（0个）：
10:52:53.507 9 Y - 检查连接[Common/SQLite]的数据库架构耗时00:00:00.0509684
10:52:53.507 9 Y - 一级缓存：关闭缓存
10:52:53.523 9 Y - Select Count(*) From Administrator
10:52:56.939 4 W - Select * From Administrator Order By ID Desc
10:52:57.017 4 W - Update Administrator Set Logins=Logins+1, LastLogin='2013-04-18 10:52:56' Where ID=1
10:52:57.064 4 W - 检查实体NewLife.CommonEntity.Log的数据表架构，模式：CheckTableWhenFirstUse
10:52:57.064 4 W - GetSchema("Tables")
10:52:57.064 4 W - GetSchema("Columns")
10:52:57.095 4 W - GetSchema("Indexes")
10:52:57.095 4 W - GetSchema("IndexColumns")
10:52:57.095 4 W - 初始化NewLife.CommonEntity.Log数据
10:52:57.095 4 W - Insert Into Log(Category, Action, UserID, UserName, IP, OccurTime, Remark) Values('管理员', '登录', 0, null, '127.0.0.1', '2013-04-18 10:52:57', 'admin');Select last_insert_rowid() newid
10:52:57.189 8 W - 检查实体NewLife.CommonEntity.Menu的数据表架构，模式：CheckTableWhenFirstUse
10:52:57.189 8 W - GetSchema("Tables")
10:52:57.189 8 W - GetSchema("Columns")
10:52:57.204 8 W - GetSchema("Indexes")
10:52:57.220 8 W - GetSchema("IndexColumns")
10:52:57.220 8 W - 初始化NewLife.CommonEntity.Menu数据
10:52:57.220 8 W - Select Count(*) From Menu
10:52:57.220 8 W - Select * From Menu Order By ID Desc
11:19:45.808 8 Y - Select Count(*) From Administrator
11:19:45.808 8 Y - Select Count(*) From Administrator
11:19:49.528 4 W - 实体缓存<Administrator>总次数2，一级命中1（50.00%）
11:19:49.528 4 W - Select * From Administrator Order By ID Desc
11:19:49.528 4 W - Update Administrator Set Logins=Logins+1, LastLogin='2013-04-18 11:19:49' Where ID=1
11:19:49.528 4 W - Insert Into Log(Category, Action, UserID, UserName, IP, OccurTime, Remark) Values('管理员', '登录', 0, null, '127.0.0.1', '2013-04-18 11:19:49', 'admin');Select last_insert_rowid() newid

#Software: WebDev.WebServer20
#ProcessID: 6524
#AppDomain: c89a2766-2-130107288549991887
#FileName: C:\Program Files\Common Files\Microsoft Shared\DevServer\10.0\WebDev.WebServer20.exe
#BaseDirectory: F:\Code\test\WebCssDemo\Web\
#CurrentDirectory: C:\Program Files\Common Files\Microsoft Shared\DevServer\10.0
#CommandLine: /port:6996 /path:"F:\Code\test\WebCssDemo\Web" /vpath:"/Web"
#ApplicationType: Web
#CLR: 2.0.50727.5466
#OS: Windows 7 Service Pack 1, XYF/XYF-PC
#Date: 2013-04-18
#Fields: Time ThreadID IsPoolThread ThreadName Message
11:20:55.689 15 W - NewLife.Core v3.8.2013.0308 Build 2013-03-11 21:17:26
11:20:55.709 15 W - NewLife.XCode v8.9.2013.0310 Build 2013-03-11 21:17:28
11:20:55.709 15 W - XCode.Negative.NoDelete设置为True，不会删除数据表多余字段
11:20:55.709 15 W - 检查实体NewLife.CommonEntity.Administrator的数据表架构，模式：CheckTableWhenFirstUse
11:20:55.779 15 W - TypeX.GetType("System.Data.SQLite.SQLiteFactory")导致加载C:\Windows\Microsoft.NET\Framework\v2.0.50727\Temporary ASP.NET Files\web\2e609652\c9381f1b\assembly\dl3\4c474192\00606d6f_21ddcc01\System.Data.SQLite.dll
11:20:55.879 15 W - GetSchema("MetaDataCollections")
11:20:55.889 15 W - GetSchema("Tables")
11:20:55.909 15 W - GetSchema("Columns")
11:20:55.959 15 W - GetSchema("Indexes")
11:20:55.959 15 W - GetSchema("IndexColumns")
11:20:55.969 15 W - GetSchema("DataTypes")
11:20:56.029 15 W - GetSchema("ReservedWords")
11:20:56.029 15 W - Select Count(*) From Administrator
11:20:56.029 15 W - 初始化NewLife.CommonEntity.Administrator数据
11:20:56.039 15 W - 一级缓存：关闭缓存
11:20:56.079 15 W - 开始检查连接[Common/SQLite]的数据库架构……
11:20:56.119 15 W - [Common]的所有实体类（17个）：Department,Sequence,GuidCategory,Administrator,Menu,Role,RoleMenu,Log,Area,User,Simple,SimpleTree,Setting,Statistics,UserProfile,Attachment,Category
11:20:56.119 15 W - [Common]需要检查架构的实体类（0个）：
11:20:56.119 15 W - 检查连接[Common/SQLite]的数据库架构耗时00:00:00.0407608
11:20:56.119 15 W - Select * From Administrator Order By ID Desc
11:20:56.219 15 W - Update Administrator Set Logins=Logins+1, LastLogin='2013-04-18 11:20:56' Where ID=1
11:20:56.259 15 W - 检查实体NewLife.CommonEntity.Log的数据表架构，模式：CheckTableWhenFirstUse
11:20:56.259 15 W - 初始化NewLife.CommonEntity.Log数据
11:20:56.259 15 W - Insert Into Log(Category, Action, UserID, UserName, IP, OccurTime, Remark) Values('管理员', '自动登录', 0, null, '127.0.0.1', '2013-04-18 11:20:56', 'admin');Select last_insert_rowid() newid
11:20:56.299 15 W - 检查实体NewLife.CommonEntity.Menu的数据表架构，模式：CheckTableWhenFirstUse
11:20:56.299 15 W - 初始化NewLife.CommonEntity.Menu数据
11:20:56.299 15 W - Select Count(*) From Menu
11:20:56.299 15 W - Select * From Menu Order By ID Desc

#Software: WebDev.WebServer20
#ProcessID: 6524
#AppDomain: c89a2766-3-130107288832102282
#FileName: C:\Program Files\Common Files\Microsoft Shared\DevServer\10.0\WebDev.WebServer20.exe
#BaseDirectory: F:\Code\test\WebCssDemo\Web\
#CurrentDirectory: C:\Program Files\Common Files\Microsoft Shared\DevServer\10.0
#CommandLine: /port:6996 /path:"F:\Code\test\WebCssDemo\Web" /vpath:"/Web"
#ApplicationType: Web
#CLR: 2.0.50727.5466
#OS: Windows 7 Service Pack 1, XYF/XYF-PC
#Date: 2013-04-18
#Fields: Time ThreadID IsPoolThread ThreadName Message
11:21:23.780 9 W - NewLife.Core v3.8.2013.0308 Build 2013-03-11 21:17:26
11:21:23.800 9 W - NewLife.XCode v8.9.2013.0310 Build 2013-03-11 21:17:28
11:21:23.800 9 W - XCode.Negative.NoDelete设置为True，不会删除数据表多余字段
11:21:23.800 9 W - 检查实体NewLife.CommonEntity.Administrator的数据表架构，模式：CheckTableWhenFirstUse
11:21:23.840 9 W - TypeX.GetType("System.Data.SQLite.SQLiteFactory")导致加载C:\Windows\Microsoft.NET\Framework\v2.0.50727\Temporary ASP.NET Files\web\2e609652\c9381f1b\assembly\dl3\4c474192\00606d6f_21ddcc01\System.Data.SQLite.dll
11:21:23.920 9 W - GetSchema("MetaDataCollections")
11:21:23.930 9 W - GetSchema("Tables")
11:21:23.940 9 W - GetSchema("Columns")
11:21:23.990 9 W - GetSchema("Indexes")
11:21:23.990 9 W - GetSchema("IndexColumns")
11:21:24.000 9 W - GetSchema("DataTypes")
11:21:24.050 9 W - GetSchema("ReservedWords")
11:21:24.050 9 W - Select Count(*) From Administrator
11:21:24.060 9 W - 初始化NewLife.CommonEntity.Administrator数据
11:21:24.070 9 W - 一级缓存：关闭缓存
11:21:24.110 9 W - 开始检查连接[Common/SQLite]的数据库架构……
11:21:24.150 9 W - [Common]的所有实体类（17个）：Department,Sequence,GuidCategory,Administrator,Menu,Role,RoleMenu,Log,Area,User,Simple,SimpleTree,Setting,Statistics,UserProfile,Attachment,Category
11:21:24.150 9 W - [Common]需要检查架构的实体类（0个）：
11:21:24.150 9 W - 检查连接[Common/SQLite]的数据库架构耗时00:00:00.0403404
11:21:24.150 9 W - Select * From Administrator Order By ID Desc
11:21:24.230 9 W - Update Administrator Set Logins=Logins+1, LastLogin='2013-04-18 11:21:24' Where ID=1
11:21:24.300 9 W - 检查实体NewLife.CommonEntity.Log的数据表架构，模式：CheckTableWhenFirstUse
11:21:24.300 9 W - 初始化NewLife.CommonEntity.Log数据
11:21:24.300 9 W - Insert Into Log(Category, Action, UserID, UserName, IP, OccurTime, Remark) Values('管理员', '自动登录', 0, null, '127.0.0.1', '2013-04-18 11:21:24', 'admin');Select last_insert_rowid() newid
11:21:24.340 9 W - 检查实体NewLife.CommonEntity.Menu的数据表架构，模式：CheckTableWhenFirstUse
11:21:24.340 9 W - 初始化NewLife.CommonEntity.Menu数据
11:21:24.340 9 W - Select Count(*) From Menu
11:21:24.340 9 W - Select * From Menu Order By ID Desc

#Software: WebDev.WebServer20
#ProcessID: 3148
#AppDomain: c89a2766-1-130107380970929240
#FileName: C:\Program Files\Common Files\Microsoft Shared\DevServer\10.0\WebDev.WebServer20.exe
#BaseDirectory: F:\Code\test\WebCssDemo\Web\
#CurrentDirectory: C:\Program Files\Common Files\Microsoft Shared\DevServer\10.0
#CommandLine: /port:6996 /path:"F:\Code\test\WebCssDemo\Web" /vpath:"/Web"
#ApplicationType: Web
#CLR: 2.0.50727.5466
#OS: Windows 7 Service Pack 1, XYF/XYF-PC
#Date: 2013-04-18
#Fields: Time ThreadID IsPoolThread ThreadName Message
14:14:37.408 9 Y - NewLife.Core v3.8.2013.0308 Build 2013-03-11 21:17:26
14:14:37.424 9 Y - NewLife.XCode v8.9.2013.0310 Build 2013-03-11 21:17:28
14:14:37.424 9 Y - XCode.Negative.NoDelete设置为True，不会删除数据表多余字段
14:14:37.424 9 Y - 检查实体NewLife.CommonEntity.Administrator的数据表架构，模式：CheckTableWhenFirstUse
14:14:37.814 9 Y - GetSchema("MetaDataCollections")
14:14:37.814 9 Y - GetSchema("Tables")
14:14:37.845 9 Y - GetSchema("Columns")
14:14:37.892 9 Y - GetSchema("Indexes")
14:14:37.892 9 Y - GetSchema("IndexColumns")
14:14:37.892 9 Y - GetSchema("DataTypes")
14:14:37.954 9 Y - GetSchema("ReservedWords")
14:14:37.954 9 Y - Select Count(*) From Administrator
14:14:37.954 9 Y - 初始化NewLife.CommonEntity.Administrator数据
14:14:37.970 9 Y - 开始检查连接[Common/SQLite]的数据库架构……
14:14:38.001 9 Y - [Common]的所有实体类（17个）：Department,Sequence,GuidCategory,Administrator,Menu,Role,RoleMenu,Log,Area,User,Simple,SimpleTree,Setting,Statistics,UserProfile,Attachment,Category
14:14:38.001 9 Y - [Common]需要检查架构的实体类（0个）：
14:14:38.001 9 Y - 检查连接[Common/SQLite]的数据库架构耗时00:00:00.0423091
14:14:38.001 9 Y - 一级缓存：关闭缓存
14:14:38.017 9 Y - Select Count(*) From Administrator
14:14:40.591 8 W - Select * From Administrator Order By ID Desc
14:14:40.669 8 W - Update Administrator Set Logins=Logins+1, LastLogin='2013-04-18 14:14:40' Where ID=1
14:14:40.716 8 W - 检查实体NewLife.CommonEntity.Log的数据表架构，模式：CheckTableWhenFirstUse
14:14:40.716 8 W - GetSchema("Tables")
14:14:40.731 8 W - GetSchema("Columns")
14:14:40.747 8 W - GetSchema("Indexes")
14:14:40.747 8 W - GetSchema("IndexColumns")
14:14:40.747 8 W - 初始化NewLife.CommonEntity.Log数据
14:14:40.747 8 W - Insert Into Log(Category, Action, UserID, UserName, IP, OccurTime, Remark) Values('管理员', '登录', 0, null, '127.0.0.1', '2013-04-18 14:14:40', 'admin');Select last_insert_rowid() newid
14:14:40.903 4 W - 检查实体NewLife.CommonEntity.Menu的数据表架构，模式：CheckTableWhenFirstUse
14:14:40.903 4 W - GetSchema("Tables")
14:14:40.903 4 W - GetSchema("Columns")
14:14:40.918 4 W - GetSchema("Indexes")
14:14:40.918 4 W - GetSchema("IndexColumns")
14:14:40.918 4 W - 初始化NewLife.CommonEntity.Menu数据
14:14:40.918 4 W - Select Count(*) From Menu
14:14:40.918 4 W - Select * From Menu Order By ID Desc

#Software: WebDev.WebServer20
#ProcessID: 6500
#AppDomain: c89a2766-1-130107394163295867
#FileName: C:\Program Files\Common Files\Microsoft Shared\DevServer\10.0\WebDev.WebServer20.exe
#BaseDirectory: F:\Code\test\WebCssDemo\Web\
#CurrentDirectory: C:\Program Files\Common Files\Microsoft Shared\DevServer\10.0
#CommandLine: /port:6996 /path:"F:\Code\test\WebCssDemo\Web" /vpath:"/Web"
#ApplicationType: Web
#CLR: 2.0.50727.5466
#OS: Windows 7 Service Pack 1, XYF/XYF-PC
#Date: 2013-04-18
#Fields: Time ThreadID IsPoolThread ThreadName Message
14:16:57.421 4 W - NewLife.Core v3.8.2013.0308 Build 2013-03-11 21:17:26
14:16:57.437 4 W - NewLife.XCode v8.9.2013.0310 Build 2013-03-11 21:17:28
14:16:57.437 4 W - XCode.Negative.NoDelete设置为True，不会删除数据表多余字段
14:16:57.437 4 W - 检查实体NewLife.CommonEntity.Administrator的数据表架构，模式：CheckTableWhenFirstUse
14:16:57.530 4 W - GetSchema("MetaDataCollections")
14:16:57.546 4 W - GetSchema("Tables")
14:16:57.561 4 W - GetSchema("Columns")
14:16:57.608 4 W - GetSchema("Indexes")
14:16:57.624 4 W - GetSchema("IndexColumns")
14:16:57.624 4 W - GetSchema("DataTypes")
14:16:57.686 4 W - GetSchema("ReservedWords")
14:16:57.686 4 W - Select Count(*) From Administrator
14:16:57.686 4 W - 初始化NewLife.CommonEntity.Administrator数据
14:16:57.702 4 W - 一级缓存：关闭缓存
14:16:57.733 4 W - 开始检查连接[Common/SQLite]的数据库架构……
14:16:57.780 4 W - [Common]的所有实体类（17个）：Department,Sequence,GuidCategory,Administrator,Menu,Role,RoleMenu,Log,Area,User,Simple,SimpleTree,Setting,Statistics,UserProfile,Attachment,Category
14:16:57.780 4 W - [Common]需要检查架构的实体类（0个）：
14:16:57.780 4 W - 检查连接[Common/SQLite]的数据库架构耗时00:00:00.0406800
14:16:57.780 4 W - Select * From Administrator Order By ID Desc
14:16:57.858 4 W - Update Administrator Set Logins=Logins+1, LastLogin='2013-04-18 14:16:57' Where ID=1
14:16:57.905 4 W - 检查实体NewLife.CommonEntity.Log的数据表架构，模式：CheckTableWhenFirstUse
14:16:57.905 4 W - 初始化NewLife.CommonEntity.Log数据
14:16:57.905 4 W - Insert Into Log(Category, Action, UserID, UserName, IP, OccurTime, Remark) Values('管理员', '自动登录', 0, null, '127.0.0.1', '2013-04-18 14:16:57', 'admin');Select last_insert_rowid() newid
14:16:57.951 4 W - 检查实体NewLife.CommonEntity.Menu的数据表架构，模式：CheckTableWhenFirstUse
14:16:57.951 4 W - 初始化NewLife.CommonEntity.Menu数据
14:16:57.951 4 W - Select Count(*) From Menu
14:16:57.951 4 W - Select * From Menu Order By ID Desc

#Software: WebDev.WebServer20
#ProcessID: 5672
#AppDomain: c89a2766-1-130107404401426813
#FileName: C:\Program Files\Common Files\Microsoft Shared\DevServer\10.0\WebDev.WebServer20.exe
#BaseDirectory: F:\Code\test\WebCssDemo\Web\
#CurrentDirectory: C:\Program Files\Common Files\Microsoft Shared\DevServer\10.0
#CommandLine: /port:6996 /path:"F:\Code\test\WebCssDemo\Web" /vpath:"/Web"
#ApplicationType: Web
#CLR: 2.0.50727.5466
#OS: Windows 7 Service Pack 1, XYF/XYF-PC
#Date: 2013-04-18
#Fields: Time ThreadID IsPoolThread ThreadName Message
14:34:00.797 8 Y - NewLife.Core v3.8.2013.0308 Build 2013-03-11 21:17:26
14:34:00.813 8 Y - NewLife.XCode v8.9.2013.0310 Build 2013-03-11 21:17:28
14:34:00.813 8 Y - XCode.Negative.NoDelete设置为True，不会删除数据表多余字段
14:34:00.813 8 Y - 检查实体NewLife.CommonEntity.Administrator的数据表架构，模式：CheckTableWhenFirstUse
14:34:00.860 8 Y - TypeX.GetType("System.Data.SQLite.SQLiteFactory")导致加载C:\Windows\Microsoft.NET\Framework\v2.0.50727\Temporary ASP.NET Files\web\2e609652\c9381f1b\assembly\dl3\4c474192\00606d6f_21ddcc01\System.Data.SQLite.dll
14:34:00.938 8 Y - GetSchema("MetaDataCollections")
14:34:00.953 8 Y - GetSchema("Tables")
14:34:00.969 8 Y - GetSchema("Columns")
14:34:01.016 8 Y - GetSchema("Indexes")
14:34:01.016 8 Y - GetSchema("IndexColumns")
14:34:01.031 8 Y - GetSchema("DataTypes")
14:34:01.078 8 Y - GetSchema("ReservedWords")
14:34:01.078 4 W - GetSchema("ReservedWords")
14:34:01.078 8 Y - Select Count(*) From Administrator
14:34:01.078 4 W - Select Count(*) From Administrator
14:34:01.094 8 Y - 初始化NewLife.CommonEntity.Administrator数据
14:34:01.094 8 Y - 开始检查连接[Common/SQLite]的数据库架构……
14:34:01.094 4 W - 一级缓存：关闭缓存
14:34:01.156 8 Y - [Common]的所有实体类（17个）：Department,Sequence,GuidCategory,Administrator,Menu,Role,RoleMenu,Log,Area,User,Simple,SimpleTree,Setting,Statistics,UserProfile,Attachment,Category
14:34:01.156 8 Y - [Common]需要检查架构的实体类（0个）：
14:34:01.156 8 Y - 检查连接[Common/SQLite]的数据库架构耗时00:00:00.0587901
14:34:01.156 4 W - Select * From Administrator Order By ID Desc
14:34:01.156 8 Y - Select Count(*) From Administrator
14:34:01.234 4 W - Update Administrator Set Logins=Logins+1, LastLogin='2013-04-18 14:34:01' Where ID=1
14:34:01.281 4 W - 检查实体NewLife.CommonEntity.Log的数据表架构，模式：CheckTableWhenFirstUse
14:34:01.281 4 W - GetSchema("Tables")
14:34:01.281 4 W - GetSchema("Columns")
14:34:01.312 4 W - GetSchema("Indexes")
14:34:01.312 4 W - GetSchema("IndexColumns")
14:34:01.312 4 W - 初始化NewLife.CommonEntity.Log数据
14:34:01.312 4 W - Insert Into Log(Category, Action, UserID, UserName, IP, OccurTime, Remark) Values('管理员', '自动登录', 0, null, '127.0.0.1', '2013-04-18 14:34:01', 'admin');Select last_insert_rowid() newid
14:34:01.515 8 W - 检查实体NewLife.CommonEntity.Menu的数据表架构，模式：CheckTableWhenFirstUse
14:34:01.531 8 W - 初始化NewLife.CommonEntity.Menu数据
14:34:01.531 8 W - Select Count(*) From Menu
14:34:01.531 8 W - Select * From Menu Order By ID Desc

#Software: WebDev.WebServer20
#ProcessID: 8380
#AppDomain: c89a2766-1-130107406561246871
#FileName: C:\Program Files\Common Files\Microsoft Shared\DevServer\10.0\WebDev.WebServer20.exe
#BaseDirectory: F:\Code\test\WebCssDemo\Web\
#CurrentDirectory: C:\Program Files\Common Files\Microsoft Shared\DevServer\10.0
#CommandLine: /port:6996 /path:"F:\Code\test\WebCssDemo\Web" /vpath:"/Web"
#ApplicationType: Web
#CLR: 2.0.50727.5466
#OS: Windows 7 Service Pack 1, XYF/XYF-PC
#Date: 2013-04-18
#Fields: Time ThreadID IsPoolThread ThreadName Message
14:37:37.466 8 Y - NewLife.Core v3.8.2013.0308 Build 2013-03-11 21:17:26
14:37:37.481 8 Y - NewLife.XCode v8.9.2013.0310 Build 2013-03-11 21:17:28
14:37:37.481 8 Y - XCode.Negative.NoDelete设置为True，不会删除数据表多余字段
14:37:37.481 8 Y - 检查实体NewLife.CommonEntity.Administrator的数据表架构，模式：CheckTableWhenFirstUse
14:37:37.575 8 Y - GetSchema("MetaDataCollections")
14:37:37.591 8 Y - GetSchema("Tables")
14:37:37.606 8 Y - GetSchema("Columns")
14:37:37.653 8 Y - GetSchema("Indexes")
14:37:37.653 8 Y - GetSchema("IndexColumns")
14:37:37.669 8 Y - GetSchema("DataTypes")
14:37:37.715 8 Y - GetSchema("ReservedWords")
14:37:37.715 4 W - GetSchema("ReservedWords")
14:37:37.715 4 W - Select Count(*) From Administrator
14:37:37.715 8 Y - Select Count(*) From Administrator
14:37:37.715 4 W - 初始化NewLife.CommonEntity.Administrator数据
14:37:37.731 8 Y - 开始检查连接[Common/SQLite]的数据库架构……
14:37:37.731 4 W - 一级缓存：关闭缓存
14:37:37.793 4 W - Select * From Administrator Order By ID Desc
14:37:37.793 8 Y - [Common]的所有实体类（17个）：Department,Sequence,GuidCategory,Administrator,Menu,Role,RoleMenu,Log,Area,User,Simple,SimpleTree,Setting,Statistics,UserProfile,Attachment,Category
14:37:37.793 8 Y - [Common]需要检查架构的实体类（0个）：
14:37:37.793 8 Y - 检查连接[Common/SQLite]的数据库架构耗时00:00:00.0708553
14:37:37.793 8 Y - Select Count(*) From Administrator
14:37:37.871 4 W - Update Administrator Set Logins=Logins+1, LastLogin='2013-04-18 14:37:37' Where ID=1
14:37:37.918 4 W - 检查实体NewLife.CommonEntity.Log的数据表架构，模式：CheckTableWhenFirstUse
14:37:37.918 4 W - GetSchema("Tables")
14:37:37.918 4 W - GetSchema("Columns")
14:37:37.934 4 W - GetSchema("Indexes")
14:37:37.934 4 W - GetSchema("IndexColumns")
14:37:37.934 4 W - 初始化NewLife.CommonEntity.Log数据
14:37:37.934 4 W - Insert Into Log(Category, Action, UserID, UserName, IP, OccurTime, Remark) Values('管理员', '自动登录', 0, null, '127.0.0.1', '2013-04-18 14:37:37', 'admin');Select last_insert_rowid() newid
14:37:38.121 4 W - 检查实体NewLife.CommonEntity.Menu的数据表架构，模式：CheckTableWhenFirstUse
14:37:38.137 4 W - 初始化NewLife.CommonEntity.Menu数据
14:37:38.137 4 W - Select Count(*) From Menu
14:37:38.137 4 W - Select * From Menu Order By ID Desc

#Software: WebDev.WebServer20
#ProcessID: 8380
#AppDomain: c89a2766-2-130107414883826303
#FileName: C:\Program Files\Common Files\Microsoft Shared\DevServer\10.0\WebDev.WebServer20.exe
#BaseDirectory: F:\Code\test\WebCssDemo\Web\
#CurrentDirectory: C:\Program Files\Common Files\Microsoft Shared\DevServer\10.0
#CommandLine: /port:6996 /path:"F:\Code\test\WebCssDemo\Web" /vpath:"/Web"
#ApplicationType: Web
#CLR: 2.0.50727.5466
#OS: Windows 7 Service Pack 1, XYF/XYF-PC
#Date: 2013-04-18
#Fields: Time ThreadID IsPoolThread ThreadName Message
14:53:16.403 8 W - NewLife.Core v3.8.2013.0308 Build 2013-03-11 21:17:26
14:53:16.419 8 W - NewLife.XCode v8.9.2013.0310 Build 2013-03-11 21:17:28
14:53:16.419 8 W - XCode.Negative.NoDelete设置为True，不会删除数据表多余字段
14:53:16.419 8 W - 检查实体NewLife.CommonEntity.Administrator的数据表架构，模式：CheckTableWhenFirstUse
14:53:16.512 8 W - GetSchema("MetaDataCollections")
14:53:16.512 8 W - GetSchema("Tables")
14:53:16.528 8 W - GetSchema("Columns")
14:53:16.575 8 W - GetSchema("Indexes")
14:53:16.590 8 W - GetSchema("IndexColumns")
14:53:16.590 8 W - GetSchema("DataTypes")
14:53:16.637 8 W - GetSchema("ReservedWords")
14:53:16.637 8 W - Select Count(*) From Administrator
14:53:16.653 8 W - 初始化NewLife.CommonEntity.Administrator数据
14:53:16.653 8 W - 一级缓存：关闭缓存
14:53:16.700 8 W - 开始检查连接[Common/SQLite]的数据库架构……
14:53:16.746 8 W - [Common]的所有实体类（17个）：Department,Sequence,GuidCategory,Administrator,Menu,Role,RoleMenu,Log,Area,User,Simple,SimpleTree,Setting,Statistics,UserProfile,Attachment,Category
14:53:16.746 8 W - [Common]需要检查架构的实体类（0个）：
14:53:16.746 8 W - 检查连接[Common/SQLite]的数据库架构耗时00:00:00.0454108
14:53:16.746 8 W - Select * From Administrator Order By ID Desc
14:53:16.809 8 W - Update Administrator Set Logins=Logins+1, LastLogin='2013-04-18 14:53:16' Where ID=1
14:53:16.856 8 W - 检查实体NewLife.CommonEntity.Log的数据表架构，模式：CheckTableWhenFirstUse
14:53:16.856 8 W - 初始化NewLife.CommonEntity.Log数据
14:53:16.856 8 W - Insert Into Log(Category, Action, UserID, UserName, IP, OccurTime, Remark) Values('管理员', '自动登录', 0, null, '127.0.0.1', '2013-04-18 14:53:16', 'admin');Select last_insert_rowid() newid
14:53:16.887 8 W - 检查实体NewLife.CommonEntity.Menu的数据表架构，模式：CheckTableWhenFirstUse
14:53:16.902 8 W - 初始化NewLife.CommonEntity.Menu数据
14:53:16.902 8 W - Select Count(*) From Menu
14:53:16.902 8 W - Select * From Menu Order By ID Desc

#Software: WebDev.WebServer20
#ProcessID: 7516
#AppDomain: c89a2766-1-130107416206819887
#FileName: C:\Program Files\Common Files\Microsoft Shared\DevServer\10.0\WebDev.WebServer20.exe
#BaseDirectory: F:\Code\test\WebCssDemo\Web\
#CurrentDirectory: C:\Program Files\Common Files\Microsoft Shared\DevServer\10.0
#CommandLine: /port:6996 /path:"F:\Code\test\WebCssDemo\Web" /vpath:"/Web"
#ApplicationType: Web
#CLR: 2.0.50727.5466
#OS: Windows 7 Service Pack 1, XYF/XYF-PC
#Date: 2013-04-18
#Fields: Time ThreadID IsPoolThread ThreadName Message
14:53:41.357 4 W - NewLife.Core v3.8.2013.0308 Build 2013-03-11 21:17:26
14:53:41.371 4 W - NewLife.XCode v8.9.2013.0310 Build 2013-03-11 21:17:28
14:53:41.372 4 W - XCode.Negative.NoDelete设置为True，不会删除数据表多余字段
14:53:41.372 4 W - 检查实体NewLife.CommonEntity.Administrator的数据表架构，模式：CheckTableWhenFirstUse
14:53:41.406 4 W - TypeX.GetType("System.Data.SQLite.SQLiteFactory")导致加载C:\Windows\Microsoft.NET\Framework\v2.0.50727\Temporary ASP.NET Files\web\2e609652\c9381f1b\assembly\dl3\4c474192\00606d6f_21ddcc01\System.Data.SQLite.dll
14:53:41.484 4 W - GetSchema("MetaDataCollections")
14:53:41.500 4 W - GetSchema("Tables")
14:53:41.515 4 W - GetSchema("Columns")
14:53:41.562 4 W - GetSchema("Indexes")
14:53:41.562 4 W - GetSchema("IndexColumns")
14:53:41.579 4 W - GetSchema("DataTypes")
14:53:41.629 4 W - GetSchema("ReservedWords")
14:53:41.633 4 W - Select Count(*) From Administrator
14:53:41.637 4 W - 初始化NewLife.CommonEntity.Administrator数据
14:53:41.648 4 W - 一级缓存：关闭缓存
14:53:41.685 4 W - 开始检查连接[Common/SQLite]的数据库架构……
14:53:41.725 4 W - [Common]的所有实体类（17个）：Department,Sequence,GuidCategory,Administrator,Menu,Role,RoleMenu,Log,Area,User,Simple,SimpleTree,Setting,Statistics,UserProfile,Attachment,Category
14:53:41.725 4 W - [Common]需要检查架构的实体类（0个）：
14:53:41.725 4 W - 检查连接[Common/SQLite]的数据库架构耗时00:00:00.0401053
14:53:41.727 4 W - Select * From Administrator Order By ID Desc
14:53:41.806 4 W - Update Administrator Set Logins=Logins+1, LastLogin='2013-04-18 14:53:41' Where ID=1
14:53:41.835 4 W - 检查实体NewLife.CommonEntity.Log的数据表架构，模式：CheckTableWhenFirstUse
14:53:41.835 4 W - 初始化NewLife.CommonEntity.Log数据
14:53:41.850 4 W - Insert Into Log(Category, Action, UserID, UserName, IP, OccurTime, Remark) Values('管理员', '自动登录', 0, null, '127.0.0.1', '2013-04-18 14:53:41', 'admin');Select last_insert_rowid() newid
14:53:41.881 4 W - 检查实体NewLife.CommonEntity.Menu的数据表架构，模式：CheckTableWhenFirstUse
14:53:41.881 4 W - 初始化NewLife.CommonEntity.Menu数据
14:53:41.881 4 W - Select Count(*) From Menu
14:53:41.881 4 W - Select * From Menu Order By ID Desc

#Software: WebDev.WebServer20
#ProcessID: 9212
#AppDomain: c89a2766-1-130107416854537552
#FileName: C:\Program Files\Common Files\Microsoft Shared\DevServer\10.0\WebDev.WebServer20.exe
#BaseDirectory: F:\Code\test\WebCssDemo\Web\
#CurrentDirectory: C:\Program Files\Common Files\Microsoft Shared\DevServer\10.0
#CommandLine: /port:6996 /path:"F:\Code\test\WebCssDemo\Web" /vpath:"/Web"
#ApplicationType: Web
#CLR: 2.0.50727.5466
#OS: Windows 7 Service Pack 1, XYF/XYF-PC
#Date: 2013-04-18
#Fields: Time ThreadID IsPoolThread ThreadName Message
14:54:46.124 4 W - NewLife.Core v3.8.2013.0308 Build 2013-03-11 21:17:26
14:54:46.140 4 W - NewLife.XCode v8.9.2013.0310 Build 2013-03-11 21:17:28
14:54:46.140 4 W - XCode.Negative.NoDelete设置为True，不会删除数据表多余字段
14:54:46.140 4 W - 检查实体NewLife.CommonEntity.Administrator的数据表架构，模式：CheckTableWhenFirstUse
14:54:46.186 4 W - TypeX.GetType("System.Data.SQLite.SQLiteFactory")导致加载C:\Windows\Microsoft.NET\Framework\v2.0.50727\Temporary ASP.NET Files\web\2e609652\c9381f1b\assembly\dl3\4c474192\00606d6f_21ddcc01\System.Data.SQLite.dll
14:54:46.264 4 W - GetSchema("MetaDataCollections")
14:54:46.280 4 W - GetSchema("Tables")
14:54:46.296 4 W - GetSchema("Columns")
14:54:46.342 4 W - GetSchema("Indexes")
14:54:46.342 4 W - GetSchema("IndexColumns")
14:54:46.358 4 W - GetSchema("DataTypes")
14:54:46.405 4 W - GetSchema("ReservedWords")
14:54:46.405 4 W - Select Count(*) From Administrator
14:54:46.405 4 W - 初始化NewLife.CommonEntity.Administrator数据
14:54:46.420 4 W - 一级缓存：关闭缓存
14:54:46.467 4 W - 开始检查连接[Common/SQLite]的数据库架构……
14:54:46.498 4 W - [Common]的所有实体类（17个）：Department,Sequence,GuidCategory,Administrator,Menu,Role,RoleMenu,Log,Area,User,Simple,SimpleTree,Setting,Statistics,UserProfile,Attachment,Category
14:54:46.498 4 W - [Common]需要检查架构的实体类（0个）：
14:54:46.498 4 W - 检查连接[Common/SQLite]的数据库架构耗时00:00:00.0427750
14:54:46.514 4 W - Select * From Administrator Order By ID Desc
14:54:46.592 4 W - Update Administrator Set Logins=Logins+1, LastLogin='2013-04-18 14:54:46' Where ID=1
14:54:46.639 4 W - 检查实体NewLife.CommonEntity.Log的数据表架构，模式：CheckTableWhenFirstUse
14:54:46.639 4 W - 初始化NewLife.CommonEntity.Log数据
14:54:46.639 4 W - Insert Into Log(Category, Action, UserID, UserName, IP, OccurTime, Remark) Values('管理员', '自动登录', 0, null, '127.0.0.1', '2013-04-18 14:54:46', 'admin');Select last_insert_rowid() newid
14:54:46.670 4 W - 检查实体NewLife.CommonEntity.Menu的数据表架构，模式：CheckTableWhenFirstUse
14:54:46.670 4 W - 初始化NewLife.CommonEntity.Menu数据
14:54:46.686 4 W - Select Count(*) From Menu
14:54:46.686 4 W - Select * From Menu Order By ID Desc

#Software: WebDev.WebServer20
#ProcessID: 7480
#AppDomain: c89a2766-1-130107418424182724
#FileName: C:\Program Files\Common Files\Microsoft Shared\DevServer\10.0\WebDev.WebServer20.exe
#BaseDirectory: F:\Code\test\WebCssDemo\Web\
#CurrentDirectory: C:\Program Files\Common Files\Microsoft Shared\DevServer\10.0
#CommandLine: /port:6996 /path:"F:\Code\test\WebCssDemo\Web" /vpath:"/Web"
#ApplicationType: Web
#CLR: 2.0.50727.5466
#OS: Windows 7 Service Pack 1, XYF/XYF-PC
#Date: 2013-04-18
#Fields: Time ThreadID IsPoolThread ThreadName Message
14:57:24.058 8 Y - NewLife.Core v3.8.2013.0308 Build 2013-03-11 21:17:26
14:57:24.058 8 Y - NewLife.XCode v8.9.2013.0310 Build 2013-03-11 21:17:28
14:57:24.074 8 Y - XCode.Negative.NoDelete设置为True，不会删除数据表多余字段
14:57:24.074 8 Y - 检查实体NewLife.CommonEntity.Administrator的数据表架构，模式：CheckTableWhenFirstUse
14:57:24.168 8 Y - GetSchema("MetaDataCollections")
14:57:24.168 8 Y - GetSchema("Tables")
14:57:24.199 8 Y - GetSchema("Columns")
14:57:24.246 8 Y - GetSchema("Indexes")
14:57:24.246 8 Y - GetSchema("IndexColumns")
14:57:24.246 8 Y - GetSchema("DataTypes")
14:57:24.292 8 Y - GetSchema("ReservedWords")
14:57:24.292 4 W - GetSchema("ReservedWords")
14:57:24.308 8 Y - Select Count(*) From Administrator
14:57:24.308 4 W - Select Count(*) From Administrator
14:57:24.308 4 W - 初始化NewLife.CommonEntity.Administrator数据
14:57:24.324 4 W - 一级缓存：关闭缓存
14:57:24.324 8 Y - 开始检查连接[Common/SQLite]的数据库架构……
14:57:24.355 4 W - Select * From Administrator Order By ID Desc
14:57:24.370 8 Y - [Common]的所有实体类（17个）：Department,Sequence,GuidCategory,Administrator,Menu,Role,RoleMenu,Log,Area,User,Simple,SimpleTree,Setting,Statistics,UserProfile,Attachment,Category
14:57:24.370 8 Y - [Common]需要检查架构的实体类（0个）：
14:57:24.370 8 Y - 检查连接[Common/SQLite]的数据库架构耗时00:00:00.0455335
14:57:24.370 8 Y - Select Count(*) From Administrator
14:57:24.433 4 W - Update Administrator Set Logins=Logins+1, LastLogin='2013-04-18 14:57:24' Where ID=1
14:57:24.480 4 W - 检查实体NewLife.CommonEntity.Log的数据表架构，模式：CheckTableWhenFirstUse
14:57:24.480 4 W - GetSchema("Tables")
14:57:24.480 4 W - GetSchema("Columns")
14:57:24.495 4 W - GetSchema("Indexes")
14:57:24.495 4 W - GetSchema("IndexColumns")
14:57:24.495 4 W - 初始化NewLife.CommonEntity.Log数据
14:57:24.495 4 W - Insert Into Log(Category, Action, UserID, UserName, IP, OccurTime, Remark) Values('管理员', '自动登录', 0, null, '127.0.0.1', '2013-04-18 14:57:24', 'admin');Select last_insert_rowid() newid
14:57:24.667 8 W - 检查实体NewLife.CommonEntity.Menu的数据表架构，模式：CheckTableWhenFirstUse
14:57:24.667 8 W - 初始化NewLife.CommonEntity.Menu数据
14:57:24.667 8 W - Select Count(*) From Menu
14:57:24.667 8 W - Select * From Menu Order By ID Desc

#Software: WebDev.WebServer20
#ProcessID: 9424
#AppDomain: c89a2766-1-130107419386447637
#FileName: C:\Program Files\Common Files\Microsoft Shared\DevServer\10.0\WebDev.WebServer20.exe
#BaseDirectory: F:\Code\test\WebCssDemo\Web\
#CurrentDirectory: C:\Program Files\Common Files\Microsoft Shared\DevServer\10.0
#CommandLine: /port:6996 /path:"F:\Code\test\WebCssDemo\Web" /vpath:"/Web"
#ApplicationType: Web
#CLR: 2.0.50727.5466
#OS: Windows 7 Service Pack 1, XYF/XYF-PC
#Date: 2013-04-18
#Fields: Time ThreadID IsPoolThread ThreadName Message
14:58:59.299 4 W - NewLife.Core v3.8.2013.0308 Build 2013-03-11 21:17:26
14:58:59.315 4 W - NewLife.XCode v8.9.2013.0310 Build 2013-03-11 21:17:28
14:58:59.315 4 W - XCode.Negative.NoDelete设置为True，不会删除数据表多余字段
14:58:59.315 4 W - 检查实体NewLife.CommonEntity.Administrator的数据表架构，模式：CheckTableWhenFirstUse
14:58:59.362 4 W - TypeX.GetType("System.Data.SQLite.SQLiteFactory")导致加载C:\Windows\Microsoft.NET\Framework\v2.0.50727\Temporary ASP.NET Files\web\2e609652\c9381f1b\assembly\dl3\4c474192\00606d6f_21ddcc01\System.Data.SQLite.dll
14:58:59.455 4 W - GetSchema("MetaDataCollections")
14:58:59.471 4 W - GetSchema("Tables")
14:58:59.487 4 W - GetSchema("Columns")
14:58:59.533 4 W - GetSchema("Indexes")
14:58:59.533 4 W - GetSchema("IndexColumns")
14:58:59.549 4 W - GetSchema("DataTypes")
14:58:59.596 4 W - GetSchema("ReservedWords")
14:58:59.596 4 W - Select Count(*) From Administrator
14:58:59.611 4 W - 初始化NewLife.CommonEntity.Administrator数据
14:58:59.611 4 W - 一级缓存：关闭缓存
14:58:59.658 4 W - 开始检查连接[Common/SQLite]的数据库架构……
14:58:59.705 4 W - [Common]的所有实体类（17个）：Department,Sequence,GuidCategory,Administrator,Menu,Role,RoleMenu,Log,Area,User,Simple,SimpleTree,Setting,Statistics,UserProfile,Attachment,Category
14:58:59.705 4 W - [Common]需要检查架构的实体类（0个）：
14:58:59.705 4 W - 检查连接[Common/SQLite]的数据库架构耗时00:00:00.0435380
14:58:59.705 4 W - Select * From Administrator Order By ID Desc
14:58:59.783 4 W - Update Administrator Set Logins=Logins+1, LastLogin='2013-04-18 14:58:59' Where ID=1
14:58:59.830 4 W - 检查实体NewLife.CommonEntity.Log的数据表架构，模式：CheckTableWhenFirstUse
14:58:59.830 4 W - 初始化NewLife.CommonEntity.Log数据
14:58:59.830 4 W - Insert Into Log(Category, Action, UserID, UserName, IP, OccurTime, Remark) Values('管理员', '自动登录', 0, null, '127.0.0.1', '2013-04-18 14:58:59', 'admin');Select last_insert_rowid() newid
14:58:59.861 4 W - 检查实体NewLife.CommonEntity.Menu的数据表架构，模式：CheckTableWhenFirstUse
14:58:59.861 4 W - 初始化NewLife.CommonEntity.Menu数据
14:58:59.877 4 W - Select Count(*) From Menu
14:58:59.877 4 W - Select * From Menu Order By ID Desc
15:36:25.862 4 W - Select Count(*) From Administrator
15:36:25.865 4 W - 实体缓存<Administrator>总次数2，一级命中1（50.00%）
15:36:25.866 4 W - Select * From Administrator Order By ID Desc
15:36:25.867 4 W - Update Administrator Set Logins=Logins+1, LastLogin='2013-04-18 15:36:25' Where ID=1
15:36:25.869 4 W - Insert Into Log(Category, Action, UserID, UserName, IP, OccurTime, Remark) Values('管理员', '自动登录', 0, null, '127.0.0.1', '2013-04-18 15:36:25', 'admin');Select last_insert_rowid() newid

#Software: WebDev.WebServer20
#ProcessID: 6736
#AppDomain: c89a2766-1-130107489304661435
#FileName: C:\Program Files\Common Files\Microsoft Shared\DevServer\10.0\WebDev.WebServer20.exe
#BaseDirectory: F:\Code\test\WebCssDemo\Web\
#CurrentDirectory: C:\Program Files\Common Files\Microsoft Shared\DevServer\10.0
#CommandLine: /port:6996 /path:"F:\Code\test\WebCssDemo\Web" /vpath:"/Web"
#ApplicationType: Web
#CLR: 2.0.50727.5466
#OS: Windows 7 Service Pack 1, XYF/XYF-PC
#Date: 2013-04-18
#Fields: Time ThreadID IsPoolThread ThreadName Message
16:55:31.563 4 W - NewLife.Core v3.8.2013.0308 Build 2013-03-11 21:17:26
16:55:31.563 4 W - NewLife.XCode v8.9.2013.0310 Build 2013-03-11 21:17:28
16:55:31.563 4 W - XCode.Negative.NoDelete设置为True，不会删除数据表多余字段
16:55:31.563 4 W - 检查实体NewLife.CommonEntity.Administrator的数据表架构，模式：CheckTableWhenFirstUse
16:55:31.673 4 W - GetSchema("MetaDataCollections")
16:55:31.673 4 W - GetSchema("Tables")
16:55:31.704 4 W - GetSchema("Columns")
16:55:31.735 4 W - GetSchema("Indexes")
16:55:31.735 4 W - GetSchema("IndexColumns")
16:55:31.751 4 W - GetSchema("DataTypes")
16:55:31.797 4 W - GetSchema("ReservedWords")
16:55:31.813 4 W - Select Count(*) From Administrator
16:55:31.813 4 W - 初始化NewLife.CommonEntity.Administrator数据
16:55:31.813 4 W - 一级缓存：关闭缓存
16:55:31.860 4 W - 开始检查连接[Common/SQLite]的数据库架构……
16:55:31.907 4 W - [Common]的所有实体类（17个）：Department,Sequence,GuidCategory,Administrator,Menu,Role,RoleMenu,Log,Area,User,Simple,SimpleTree,Setting,Statistics,UserProfile,Attachment,Category
16:55:31.907 4 W - [Common]需要检查架构的实体类（0个）：
16:55:31.907 4 W - 检查连接[Common/SQLite]的数据库架构耗时00:00:00.0434929
16:55:31.907 4 W - Select * From Administrator Order By ID Desc
16:55:31.985 4 W - Update Administrator Set Logins=Logins+1, LastLogin='2013-04-18 16:55:31' Where ID=1
16:55:32.031 4 W - 检查实体NewLife.CommonEntity.Log的数据表架构，模式：CheckTableWhenFirstUse
16:55:32.031 4 W - 初始化NewLife.CommonEntity.Log数据
16:55:32.031 4 W - Insert Into Log(Category, Action, UserID, UserName, IP, OccurTime, Remark) Values('管理员', '自动登录', 0, null, '127.0.0.1', '2013-04-18 16:55:32', 'admin');Select last_insert_rowid() newid
16:55:32.063 4 W - 检查实体NewLife.CommonEntity.Menu的数据表架构，模式：CheckTableWhenFirstUse
16:55:32.063 4 W - 初始化NewLife.CommonEntity.Menu数据
16:55:32.063 4 W - Select Count(*) From Menu
16:55:32.063 4 W - Select * From Menu Order By ID Desc

#Software: WebDev.WebServer20
#ProcessID: 9552
#AppDomain: c89a2766-1-130107529361415495
#FileName: C:\Program Files\Common Files\Microsoft Shared\DevServer\10.0\WebDev.WebServer20.exe
#BaseDirectory: F:\Code\test\WebCssDemo\Web\
#CurrentDirectory: C:\Program Files\Common Files\Microsoft Shared\DevServer\10.0
#CommandLine: /port:6996 /path:"F:\Code\test\WebCssDemo\Web" /vpath:"/Web"
#ApplicationType: Web
#CLR: 2.0.50727.5466
#OS: Windows 7 Service Pack 1, XYF/XYF-PC
#Date: 2013-04-18
#Fields: Time ThreadID IsPoolThread ThreadName Message
18:02:17.639 8 Y - NewLife.Core v3.8.2013.0308 Build 2013-03-11 21:17:26
18:02:17.685 8 Y - NewLife.XCode v8.9.2013.0310 Build 2013-03-11 21:17:28
18:02:17.685 8 Y - XCode.Negative.NoDelete设置为True，不会删除数据表多余字段
18:02:17.685 8 Y - 检查实体NewLife.CommonEntity.Administrator的数据表架构，模式：CheckTableWhenFirstUse
18:02:17.779 8 Y - GetSchema("MetaDataCollections")
18:02:17.795 8 Y - GetSchema("Tables")
18:02:17.810 8 Y - GetSchema("Columns")
18:02:17.857 8 Y - GetSchema("Indexes")
18:02:17.857 8 Y - GetSchema("IndexColumns")
18:02:17.857 8 Y - GetSchema("DataTypes")
18:02:17.904 8 Y - GetSchema("ReservedWords")
18:02:17.904 4 W - GetSchema("ReservedWords")
18:02:17.919 4 W - Select Count(*) From Administrator
18:02:17.919 8 Y - Select Count(*) From Administrator
18:02:17.919 4 W - 初始化NewLife.CommonEntity.Administrator数据
18:02:17.919 8 Y - 开始检查连接[Common/SQLite]的数据库架构……
18:02:17.935 4 W - 一级缓存：关闭缓存
18:02:17.966 8 Y - [Common]的所有实体类（17个）：Department,Sequence,GuidCategory,Administrator,Menu,Role,RoleMenu,Log,Area,User,Simple,SimpleTree,Setting,Statistics,UserProfile,Attachment,Category
18:02:17.966 8 Y - [Common]需要检查架构的实体类（0个）：
18:02:17.966 8 Y - 检查连接[Common/SQLite]的数据库架构耗时00:00:00.0383766
18:02:17.966 8 Y - Select Count(*) From Administrator
18:02:17.966 4 W - Select * From Administrator Order By ID Desc
18:02:18.044 4 W - Update Administrator Set Logins=Logins+1, LastLogin='2013-04-18 18:02:18' Where ID=1
18:02:18.091 4 W - 检查实体NewLife.CommonEntity.Log的数据表架构，模式：CheckTableWhenFirstUse
18:02:18.091 4 W - GetSchema("Tables")
18:02:18.091 4 W - GetSchema("Columns")
18:02:18.107 4 W - GetSchema("Indexes")
18:02:18.107 4 W - GetSchema("IndexColumns")
18:02:18.107 4 W - 初始化NewLife.CommonEntity.Log数据
18:02:18.107 4 W - Insert Into Log(Category, Action, UserID, UserName, IP, OccurTime, Remark) Values('管理员', '自动登录', 0, null, '127.0.0.1', '2013-04-18 18:02:18', 'admin');Select last_insert_rowid() newid
18:02:18.403 4 W - 检查实体NewLife.CommonEntity.Menu的数据表架构，模式：CheckTableWhenFirstUse
18:02:18.403 4 W - 初始化NewLife.CommonEntity.Menu数据
18:02:18.403 4 W - Select Count(*) From Menu
18:02:18.403 4 W - Select * From Menu Order By ID Desc

#Software: WebDev.WebServer20
#ProcessID: 3036
#AppDomain: c89a2766-1-130107531245060243
#FileName: C:\Program Files\Common Files\Microsoft Shared\DevServer\10.0\WebDev.WebServer20.exe
#BaseDirectory: F:\Code\test\WebCssDemo\Web\
#CurrentDirectory: C:\Program Files\Common Files\Microsoft Shared\DevServer\10.0
#CommandLine: /port:6996 /path:"F:\Code\test\WebCssDemo\Web" /vpath:"/Web"
#ApplicationType: Web
#CLR: 2.0.50727.5466
#OS: Windows 7 Service Pack 1, XYF/XYF-PC
#Date: 2013-04-18
#Fields: Time ThreadID IsPoolThread ThreadName Message
18:05:26.253 4 W - NewLife.Core v3.8.2013.0308 Build 2013-03-11 21:17:26
18:05:26.253 4 W - NewLife.XCode v8.9.2013.0310 Build 2013-03-11 21:17:28
18:05:26.268 4 W - XCode.Negative.NoDelete设置为True，不会删除数据表多余字段
18:05:26.268 4 W - 检查实体NewLife.CommonEntity.Administrator的数据表架构，模式：CheckTableWhenFirstUse
18:05:26.378 4 W - GetSchema("MetaDataCollections")
18:05:26.393 4 W - GetSchema("Tables")
18:05:26.409 4 W - GetSchema("Columns")
18:05:26.456 4 W - GetSchema("Indexes")
18:05:26.456 4 W - GetSchema("IndexColumns")
18:05:26.471 4 W - GetSchema("DataTypes")
18:05:26.534 4 W - GetSchema("ReservedWords")
18:05:26.534 8 Y - GetSchema("ReservedWords")
18:05:26.534 8 Y - Select Count(*) From Administrator
18:05:26.534 4 W - Select Count(*) From Administrator
18:05:26.534 4 W - 初始化NewLife.CommonEntity.Administrator数据
18:05:26.549 8 Y - 开始检查连接[Common/SQLite]的数据库架构……
18:05:26.549 4 W - 一级缓存：关闭缓存
18:05:26.596 4 W - Select * From Administrator Order By ID Desc
18:05:26.612 8 Y - [Common]的所有实体类（17个）：Department,Sequence,GuidCategory,Administrator,Menu,Role,RoleMenu,Log,Area,User,Simple,SimpleTree,Setting,Statistics,UserProfile,Attachment,Category
18:05:26.612 8 Y - [Common]需要检查架构的实体类（0个）：
18:05:26.612 8 Y - 检查连接[Common/SQLite]的数据库架构耗时00:00:00.0560820
18:05:26.612 8 Y - Select Count(*) From Administrator
18:05:26.658 4 W - Update Administrator Set Logins=Logins+1, LastLogin='2013-04-18 18:05:26' Where ID=1
18:05:26.705 4 W - 检查实体NewLife.CommonEntity.Log的数据表架构，模式：CheckTableWhenFirstUse
18:05:26.721 4 W - 初始化NewLife.CommonEntity.Log数据
18:05:26.721 4 W - Insert Into Log(Category, Action, UserID, UserName, IP, OccurTime, Remark) Values('管理员', '自动登录', 0, null, '127.0.0.1', '2013-04-18 18:05:26', 'admin');Select last_insert_rowid() newid
18:05:26.877 4 W - 检查实体NewLife.CommonEntity.Menu的数据表架构，模式：CheckTableWhenFirstUse
18:05:26.877 4 W - 初始化NewLife.CommonEntity.Menu数据
18:05:26.877 4 W - Select Count(*) From Menu
18:05:26.877 4 W - Select * From Menu Order By ID Desc
18:12:07.855 8 Y - Select Count(*) From Administrator
18:12:07.855 8 Y - Select Count(*) From Administrator
18:12:10.960 8 W - Select * From Administrator Order By ID Desc
18:12:10.960 8 W - Update Administrator Set Logins=Logins+1, LastLogin='2013-04-18 18:12:10' Where ID=1
18:12:10.960 8 W - Insert Into Log(Category, Action, UserID, UserName, IP, OccurTime, Remark) Values('管理员', '登录', 0, null, '127.0.0.1', '2013-04-18 18:12:10', 'admin');Select last_insert_rowid() newid
18:12:14.617 10 W - Select * From Menu Order By ID Desc
22:30:37.006 8 W - Select Count(*) From Administrator
22:30:37.412 8 W - 实体缓存<Administrator>总次数4，一级命中2（50.00%）
22:30:37.458 8 W - Select * From Administrator Order By ID Desc
22:30:37.724 8 W - Update Administrator Set Logins=Logins+1, LastLogin='2013-04-18 22:30:37' Where ID=1
22:30:37.802 8 W - Insert Into Log(Category, Action, UserID, UserName, IP, OccurTime, Remark) Values('管理员', '自动登录', 0, null, '127.0.0.1', '2013-04-18 22:30:37', 'admin');Select last_insert_rowid() newid
22:30:40.844 10 W - 实体缓存<Menu>总次数14，一级命中12（85.71%）
22:30:40.844 10 W - Select * From Menu Order By ID Desc
22:32:03.301 10 W - Select * From Menu Order By ID Desc
22:34:02.362 4 W - Select * From Menu Order By ID Desc

#Software: WebDev.WebServer20
#ProcessID: 2424
#AppDomain: c89a2766-1-130107695944224514
#FileName: C:\Program Files\Common Files\Microsoft Shared\DevServer\10.0\WebDev.WebServer20.exe
#BaseDirectory: F:\Code\test\WebCssDemo\Web\
#CurrentDirectory: C:\Program Files\Common Files\Microsoft Shared\DevServer\10.0
#CommandLine: /port:6996 /path:"F:\Code\test\WebCssDemo\Web" /vpath:"/Web"
#ApplicationType: Web
#CLR: 2.0.50727.5466
#OS: Windows 7 Service Pack 1, XYF/XYF-PC
#Date: 2013-04-18
#Fields: Time ThreadID IsPoolThread ThreadName Message
22:39:55.030 9 Y - NewLife.Core v3.8.2013.0308 Build 2013-03-11 21:17:26
22:39:55.046 9 Y - NewLife.XCode v8.9.2013.0310 Build 2013-03-11 21:17:28
22:39:55.046 9 Y - XCode.Negative.NoDelete设置为True，不会删除数据表多余字段
22:39:55.046 9 Y - 检查实体NewLife.CommonEntity.Administrator的数据表架构，模式：CheckTableWhenFirstUse
22:39:55.062 9 Y - 创建数据库：Common
22:39:55.093 9 Y - TypeX.GetType("System.Data.SQLite.SQLiteFactory")导致加载C:\Windows\Microsoft.NET\Framework\v2.0.50727\Temporary ASP.NET Files\web\2e609652\c9381f1b\assembly\dl3\4c474192\00606d6f_21ddcc01\System.Data.SQLite.dll
22:39:55.186 9 Y - GetSchema("MetaDataCollections")
22:39:55.202 9 Y - GetSchema("Tables")
22:39:55.202 9 Y - 创建表：Administrator(管理员)
22:39:55.218 9 Y - GetSchema("ReservedWords")
22:39:55.218 9 Y - GetSchema("DataTypes")
22:39:55.233 9 Y - Create Table Administrator(
	ID integer Primary Key AUTOINCREMENT,
	Name nvarchar(50) NULL COLLATE NOCASE,
	Password nvarchar(50) NULL COLLATE NOCASE,
	DisplayName nvarchar(50) NULL COLLATE NOCASE,
	RoleID int NULL,
	Logins int NULL,
	LastLogin datetime NULL,
	LastLoginIP nvarchar(50) NULL COLLATE NOCASE,
	SSOUserID int NULL,
	IsEnable bit NULL
)
22:39:55.249 9 Y - Create Unique Index Administrator_Name On Administrator (Name)
22:39:55.249 9 Y - Create Index Administrator_RoleID On Administrator (RoleID)
22:39:55.249 9 Y - Select Count(*) From Administrator
22:39:55.264 9 Y - 初始化NewLife.CommonEntity.Administrator数据
22:39:55.280 9 Y - 开始初始化Administrator管理员数据……
22:39:55.327 9 Y - 开始检查连接[Common/SQLite]的数据库架构……
22:39:55.374 9 Y - [Common]的所有实体类（17个）：Department,Sequence,GuidCategory,Administrator,Menu,Role,RoleMenu,Log,Area,User,Simple,SimpleTree,Setting,Statistics,UserProfile,Attachment,Category
22:39:55.374 9 Y - [Common]需要检查架构的实体类（0个）：
22:39:55.374 9 Y - 检查连接[Common/SQLite]的数据库架构耗时00:00:00.0392615
22:39:55.374 9 Y - 一级缓存：关闭缓存
22:39:55.374 9 Y - Select Count(*) From Administrator Where Name='admin'
22:39:55.405 9 Y - Insert Into Administrator(Name, Password, DisplayName, RoleID, Logins, LastLogin, LastLoginIP, SSOUserID, IsEnable) Values('admin', '21232F297A57A5A743894A0E4A801FC3', '管理员', 1, 0, null, null, 0, 1);Select last_insert_rowid() newid
22:39:55.420 9 Y - 完成初始化Administrator管理员数据！
22:39:55.420 9 Y - Select Count(*) From Administrator
22:39:58.712 9 W - Select Count(*) From Administrator
22:39:58.743 9 W - Select * From Administrator Order By ID Desc
22:39:58.790 9 W - Update Administrator Set Logins=Logins+1, LastLogin='2013-04-18 22:39:58', LastLoginIP='127.0.0.1' Where ID=1
22:39:58.821 9 W - 检查实体NewLife.CommonEntity.Log的数据表架构，模式：CheckTableWhenFirstUse
22:39:58.821 9 W - 创建表：Log(日志)
22:39:58.821 9 W - Create Table Log(
	ID integer Primary Key AUTOINCREMENT,
	Category nvarchar(50) NOT NULL COLLATE NOCASE,
	Action nvarchar(50) NOT NULL COLLATE NOCASE,
	UserID int NOT NULL Default 0,
	UserName nvarchar(50) NULL COLLATE NOCASE,
	IP nvarchar(50) NULL COLLATE NOCASE,
	OccurTime datetime NOT NULL Default CURRENT_TIMESTAMP,
	Remark nvarchar(500) NULL COLLATE NOCASE
)
22:39:58.821 9 W - Create Index Log_Category On Log (Category)
22:39:58.821 9 W - 初始化NewLife.CommonEntity.Log数据
22:39:58.821 9 W - Insert Into Log(Category, Action, UserID, UserName, IP, OccurTime, Remark) Values('管理员', '登录', 0, null, '127.0.0.1', '2013-04-18 22:39:58', 'admin');Select last_insert_rowid() newid
22:39:58.930 8 W - 检查实体NewLife.CommonEntity.Menu的数据表架构，模式：CheckTableWhenFirstUse
22:39:58.930 8 W - GetSchema("Tables")
22:39:58.930 8 W - 创建表：Menu(菜单)
22:39:58.930 8 W - Create Table Menu(
	ID integer Primary Key AUTOINCREMENT,
	Name nvarchar(50) NULL COLLATE NOCASE,
	ParentID int NULL,
	Url nvarchar(200) NULL COLLATE NOCASE,
	Sort int NULL,
	Remark nvarchar(500) NULL COLLATE NOCASE,
	Permission nvarchar(50) NULL COLLATE NOCASE,
	IsShow bit NULL
)
22:39:58.930 8 W - Create Index Menu_Name On Menu (Name)
22:39:58.930 8 W - Create Index Menu_ParentID_Name On Menu (ParentID, Name)
22:39:58.930 8 W - 初始化NewLife.CommonEntity.Menu数据
22:39:58.946 8 W - Select Count(*) From Menu
22:39:58.946 8 W - 开始初始化Menu菜单数据……
22:39:58.946 8 W - Select * From Menu Order By ID Desc
22:39:58.962 8 W - Insert Into Log(Category, Action, UserID, UserName, IP, OccurTime, Remark) Values('菜单', '添加', 1, '管理员', '127.0.0.1', '2013-04-18 22:39:58', 'Admin');Select last_insert_rowid() newid
22:39:58.977 8 W - Insert Into Menu(Name, ParentID, Url, Sort, Remark, Permission, IsShow) Values('Admin', 0, null, 0, 'Admin', 'Admin', 1);Select last_insert_rowid() newid
22:39:59.008 8 W - Insert Into Log(Category, Action, UserID, UserName, IP, OccurTime, Remark) Values('菜单', '修改', 1, '管理员', '127.0.0.1', '2013-04-18 22:39:59', 'NewLife');Select last_insert_rowid() newid
22:39:59.008 8 W - Update Menu Set Name='NewLife', Url='../Admin/Default.aspx', Permission='NewLife' Where ID=1
22:39:59.008 8 W - Insert Into Log(Category, Action, UserID, UserName, IP, OccurTime, Remark) Values('菜单', '添加', 1, '管理员', '127.0.0.1', '2013-04-18 22:39:59', '基础测试页面');Select last_insert_rowid() newid
22:39:59.008 8 W - Insert Into Menu(Name, ParentID, Url, Sort, Remark, Permission, IsShow) Values('基础测试页面', 1, '../Admin/Dashboard.aspx', 0, 'Dashboard', '基础测试页面', 1);Select last_insert_rowid() newid
22:39:59.008 8 W - Insert Into Log(Category, Action, UserID, UserName, IP, OccurTime, Remark) Values('菜单', '添加', 1, '管理员', '127.0.0.1', '2013-04-18 22:39:59', 'Sys');Select last_insert_rowid() newid
22:39:59.008 8 W - Insert Into Menu(Name, ParentID, Url, Sort, Remark, Permission, IsShow) Values('Sys', 1, null, 0, 'Sys', 'Sys', 1);Select last_insert_rowid() newid
22:39:59.008 8 W - Insert Into Log(Category, Action, UserID, UserName, IP, OccurTime, Remark) Values('菜单', '添加', 1, '管理员', '127.0.0.1', '2013-04-18 22:39:59', '菜单管理');Select last_insert_rowid() newid
22:39:59.008 8 W - Insert Into Menu(Name, ParentID, Url, Sort, Remark, Permission, IsShow) Values('菜单管理', 3, '../../Admin/Sys/Menu.aspx', 0, 'Menu', '菜单管理', 1);Select last_insert_rowid() newid
22:39:59.008 8 W - Insert Into Log(Category, Action, UserID, UserName, IP, OccurTime, Remark) Values('菜单', '添加', 1, '管理员', '127.0.0.1', '2013-04-18 22:39:59', '权限管理');Select last_insert_rowid() newid
22:39:59.008 8 W - Insert Into Menu(Name, ParentID, Url, Sort, Remark, Permission, IsShow) Values('权限管理', 3, '../../Admin/Sys/Role.aspx', 0, 'Role', '权限管理', 1);Select last_insert_rowid() newid
22:39:59.008 8 W - Insert Into Log(Category, Action, UserID, UserName, IP, OccurTime, Remark) Values('菜单', '添加', 1, '管理员', '127.0.0.1', '2013-04-18 22:39:59', '角色和菜单管理');Select last_insert_rowid() newid
22:39:59.008 8 W - Insert Into Menu(Name, ParentID, Url, Sort, Remark, Permission, IsShow) Values('角色和菜单管理', 3, '../../Admin/Sys/RoleMenu.aspx', 0, 'RoleMenu', '角色和菜单管理', 1);Select last_insert_rowid() newid
22:39:59.024 8 W - 完成初始化Menu菜单数据！
22:39:59.024 8 W - Select * From Menu Order By ID Desc
22:39:59.024 8 W - Insert Into Log(Category, Action, UserID, UserName, IP, OccurTime, Remark) Values('菜单', '修改', 1, '管理员', '127.0.0.1', '2013-04-18 22:39:59', '管理平台');Select last_insert_rowid() newid
22:39:59.024 8 W - Update Menu Set Name='管理平台', Permission='管理平台' Where ID=1
22:39:59.024 8 W - Select * From Menu Order By ID Desc
22:39:59.024 8 W - Insert Into Log(Category, Action, UserID, UserName, IP, OccurTime, Remark) Values('菜单', '修改', 1, '管理员', '127.0.0.1', '2013-04-18 22:39:59', '系统管理');Select last_insert_rowid() newid
22:39:59.040 8 W - Update Menu Set Name='系统管理', Permission='系统管理' Where ID=3
22:39:59.040 8 W - Select * From Menu Order By ID Desc
22:39:59.040 8 W - Insert Into Log(Category, Action, UserID, UserName, IP, OccurTime, Remark) Values('菜单', '修改', 1, '管理员', '127.0.0.1', '2013-04-18 22:39:59', '管理平台');Select last_insert_rowid() newid
22:39:59.040 8 W - Update Menu Set Url='../Admin/Main.aspx' Where ID=1
22:39:59.040 8 W - Select * From Menu Order By ID Desc
22:40:01.910 13 W - 检查实体NewLife.CommonEntity.Role的数据表架构，模式：CheckTableWhenFirstUse
22:40:01.910 13 W - GetSchema("Tables")
22:40:01.910 13 W - 创建表：Role(角色)
22:40:01.926 13 W - Create Table Role(
	ID integer Primary Key AUTOINCREMENT,
	Name nvarchar(50) NULL COLLATE NOCASE,
	IsSystem bit NULL
)
22:40:01.926 13 W - Create Unique Index Role_Name On Role (Name)
22:40:01.926 13 W - 初始化NewLife.CommonEntity.Role数据
22:40:01.926 13 W - Select Count(*) From Role
22:40:01.926 13 W - 开始初始化Role角色数据……
22:40:01.926 13 W - Insert Into Log(Category, Action, UserID, UserName, IP, OccurTime, Remark) Values('角色', '添加', 1, '管理员', '127.0.0.1', '2013-04-18 22:40:01', '管理员');Select last_insert_rowid() newid
22:40:01.941 13 W - Select Count(*) From Role Where Name='管理员'
22:40:01.941 13 W - Insert Into Role(Name, IsSystem) Values('管理员', 1);Select last_insert_rowid() newid
22:40:01.941 13 W - 完成初始化Role角色数据！
22:40:01.941 13 W - 检查实体NewLife.CommonEntity.RoleMenu的数据表架构，模式：CheckTableWhenFirstUse
22:40:01.941 13 W - 创建表：RoleMenu(角色和菜单)
22:40:01.941 13 W - Create Table RoleMenu(
	ID integer Primary Key AUTOINCREMENT,
	RoleID int NULL,
	MenuID int NULL,
	Permission int NULL
)
22:40:01.941 13 W - Create Index RoleMenu_MenuID On RoleMenu (MenuID)
22:40:01.941 13 W - Create Index RoleMenu_RoleID On RoleMenu (RoleID)
22:40:01.941 13 W - Create Unique Index RoleMenu_MenuID_RoleID On RoleMenu (MenuID, RoleID)
22:40:01.941 13 W - Select Count(*) From RoleMenu
22:40:01.941 13 W - 初始化NewLife.CommonEntity.RoleMenu数据
22:40:01.941 13 W - 开始等待初始化NewLife.CommonEntity.Menu数据10000ms
22:40:01.941 13 W - 结束等待初始化NewLife.CommonEntity.Menu数据
22:40:01.941 13 W - 开始初始化RoleMenu授权数据……
22:40:01.941 13 W - Select * From Role Order By ID Desc
22:40:01.972 13 W - Select * From RoleMenu Order By ID Desc
22:40:01.988 13 W - Insert Into Log(Category, Action, UserID, UserName, IP, OccurTime, Remark) Values('角色和菜单', '添加', 1, '管理员', '127.0.0.1', '2013-04-18 22:40:01', 'Role=1,Menu=6,Permission=All');Select last_insert_rowid() newid
22:40:01.988 13 W - Select * From RoleMenu Where RoleID=1 And MenuID=6 Order By ID Desc
22:40:01.988 13 W - Insert Into RoleMenu(RoleID, MenuID, Permission) Values(1, 6, 1);Select last_insert_rowid() newid
22:40:01.988 13 W - Insert Into Log(Category, Action, UserID, UserName, IP, OccurTime, Remark) Values('角色和菜单', '添加', 1, '管理员', '127.0.0.1', '2013-04-18 22:40:01', 'Role=1,Menu=5,Permission=All');Select last_insert_rowid() newid
22:40:01.988 13 W - Select * From RoleMenu Where RoleID=1 And MenuID=5 Order By ID Desc
22:40:01.988 13 W - Insert Into RoleMenu(RoleID, MenuID, Permission) Values(1, 5, 1);Select last_insert_rowid() newid
22:40:01.988 13 W - Insert Into Log(Category, Action, UserID, UserName, IP, OccurTime, Remark) Values('角色和菜单', '添加', 1, '管理员', '127.0.0.1', '2013-04-18 22:40:01', 'Role=1,Menu=4,Permission=All');Select last_insert_rowid() newid
22:40:01.988 13 W - Select * From RoleMenu Where RoleID=1 And MenuID=4 Order By ID Desc
22:40:01.988 13 W - Insert Into RoleMenu(RoleID, MenuID, Permission) Values(1, 4, 1);Select last_insert_rowid() newid
22:40:01.988 13 W - Insert Into Log(Category, Action, UserID, UserName, IP, OccurTime, Remark) Values('角色和菜单', '添加', 1, '管理员', '127.0.0.1', '2013-04-18 22:40:01', 'Role=1,Menu=3,Permission=All');Select last_insert_rowid() newid
22:40:01.988 13 W - Select * From RoleMenu Where RoleID=1 And MenuID=3 Order By ID Desc
22:40:01.988 13 W - Insert Into RoleMenu(RoleID, MenuID, Permission) Values(1, 3, 1);Select last_insert_rowid() newid
22:40:01.988 13 W - Insert Into Log(Category, Action, UserID, UserName, IP, OccurTime, Remark) Values('角色和菜单', '添加', 1, '管理员', '127.0.0.1', '2013-04-18 22:40:01', 'Role=1,Menu=2,Permission=All');Select last_insert_rowid() newid
22:40:01.988 13 W - Select * From RoleMenu Where RoleID=1 And MenuID=2 Order By ID Desc
22:40:01.988 13 W - Insert Into RoleMenu(RoleID, MenuID, Permission) Values(1, 2, 1);Select last_insert_rowid() newid
22:40:01.988 13 W - Insert Into Log(Category, Action, UserID, UserName, IP, OccurTime, Remark) Values('角色和菜单', '添加', 1, '管理员', '127.0.0.1', '2013-04-18 22:40:01', 'Role=1,Menu=1,Permission=All');Select last_insert_rowid() newid
22:40:01.988 13 W - Select * From RoleMenu Where RoleID=1 And MenuID=1 Order By ID Desc
22:40:01.988 13 W - Insert Into RoleMenu(RoleID, MenuID, Permission) Values(1, 1, 1);Select last_insert_rowid() newid
22:40:01.988 13 W - 完成初始化RoleMenu授权数据！
22:40:01.988 13 W - Select * From Role Order By ID Desc
22:40:02.097 13 W - Select * From Menu Order By ID Desc limit 20
22:40:02.097 13 W - Select Count(*) From Menu
22:40:02.097 13 W - Select Count(*) From Menu
22:40:03.673 9 W - Select * From Role Order By ID Desc limit 20
22:40:03.673 9 W - Select Count(*) From Role
22:40:03.673 9 W - Select Count(*) From Role
22:40:05.950 9 W - Select * From Menu Order By ID Desc limit 20
22:40:05.950 9 W - Select Count(*) From Menu
22:40:28.571 8 W - Select * From Menu Order By ID Desc limit 20
22:40:28.618 8 W - Select Count(*) From Menu
22:40:34.390 13 W - Select * From Role Order By ID Desc limit 20
22:40:34.390 13 W - Select Count(*) From Role
22:40:46.105 13 W - Select * From Menu Order By ID Desc limit 20
22:40:46.105 13 W - Select Count(*) From Menu
22:41:20.148 8 W - Select * From Menu Order By ID Desc
22:41:37.517 13 Y - Select Count(*) From Administrator
22:41:37.517 13 Y - Select Count(*) From Administrator
22:41:41.214 13 W - Select * From Administrator Order By ID Desc
22:41:41.214 13 W - Insert Into Log(Category, Action, UserID, UserName, IP, OccurTime, Remark) Values('管理员', '登录', 0, null, '127.0.0.1', '2013-04-18 22:41:41', 'admin登录失败！密码不正确！');Select last_insert_rowid() newid
22:41:43.476 13 W - Update Administrator Set Logins=Logins+1, LastLogin='2013-04-18 22:41:43' Where ID=1
22:41:43.476 13 W - Insert Into Log(Category, Action, UserID, UserName, IP, OccurTime, Remark) Values('管理员', '登录', 0, null, '127.0.0.1', '2013-04-18 22:41:43', 'admin');Select last_insert_rowid() newid
22:41:46.237 4 W - Select * From Role Order By ID Desc
22:41:46.237 4 W - Select * From RoleMenu Order By ID Desc
22:41:46.237 4 W - Select * From Role Order By ID Desc limit 20
22:41:46.237 4 W - Select Count(*) From Role
22:41:47.595 4 W - Select * From Menu Order By ID Desc limit 20
22:41:47.595 4 W - Select Count(*) From Menu
22:42:54.608 11 Y - Select Count(*) From Administrator
22:42:54.608 11 Y - Select Count(*) From Administrator
22:42:58.929 15 W - Select * From Administrator Order By ID Desc
22:42:58.929 15 W - Update Administrator Set Logins=Logins+1, LastLogin='2013-04-18 22:42:58' Where ID=1
22:42:58.929 15 W - Insert Into Log(Category, Action, UserID, UserName, IP, OccurTime, Remark) Values('管理员', '登录', 0, null, '127.0.0.1', '2013-04-18 22:42:58', 'admin');Select last_insert_rowid() newid
22:43:01.862 15 W - Select * From Menu Order By ID Desc
22:43:01.862 15 W - Select * From Role Order By ID Desc
22:43:01.862 15 W - Select * From RoleMenu Order By ID Desc
22:43:01.862 15 W - Select * From Role Order By ID Desc limit 20
22:43:01.862 15 W - Select Count(*) From Role
22:43:03.048 4 W - Select * From Menu Order By ID Desc limit 20
22:43:03.048 4 W - Select Count(*) From Menu
